#
# There is insufficient memory for the Java Runtime Environment to continue.
# Native memory allocation (malloc) failed to allocate 451616 bytes for Chunk::new
# Possible reasons:
#   The system is out of physical RAM or swap space
#   In 32 bit mode, the process size limit was hit
# Possible solutions:
#   Reduce memory load on the system
#   Increase physical memory or swap space
#   Check if swap backing store is full
#   Use 64 bit Java on a 64 bit OS
#   Decrease Java heap size (-Xmx/-Xms)
#   Decrease number of Java threads
#   Decrease Java thread stack sizes (-Xss)
#   Set larger code cache with -XX:ReservedCodeCacheSize=
# This output file may be truncated or incomplete.
#
#  Out of Memory Error (allocation.cpp:390), pid=3520, tid=6076
#
# JRE version: Java(TM) SE Runtime Environment (8.0_91-b15) (build 1.8.0_91-b15)
# Java VM: Java HotSpot(TM) 64-Bit Server VM (25.91-b15 mixed mode windows-amd64 compressed oops)
# Failed to write core dump. Minidumps are not enabled by default on client versions of Windows
#

---------------  T H R E A D  ---------------

Current thread (0x00000000149c9000):  JavaThread "C2 CompilerThread1" daemon [_thread_in_native, id=6076, stack(0x00000000160c0000,0x00000000161c0000)]

Stack: [0x00000000160c0000,0x00000000161c0000]
[error occurred during error reporting (printing stack bounds), id 0xc0000005]

Native frames: (J=compiled Java code, j=interpreted, Vv=VM code, C=native code)


Current CompileTask:
C2:   2735  775   !   4       com.android.dx.rop.code.RegisterSpec::intern (70 bytes)


---------------  P R O C E S S  ---------------

Java Threads: ( => current thread )
  0x0000000016598800 JavaThread "pool-1-thread-4" [_thread_in_Java, id=5016, stack(0x0000000016cc0000,0x0000000016dc0000)]
  0x0000000016598000 JavaThread "pool-1-thread-3" [_thread_in_Java, id=4780, stack(0x0000000016bc0000,0x0000000016cc0000)]
  0x0000000016596800 JavaThread "pool-1-thread-2" [_thread_in_Java, id=3412, stack(0x0000000016ac0000,0x0000000016bc0000)]
  0x000000001656b000 JavaThread "pool-2-thread-1" [_thread_blocked, id=2544, stack(0x00000000169c0000,0x0000000016ac0000)]
  0x000000001657d800 JavaThread "pool-1-thread-1" [_thread_in_vm, id=1040, stack(0x00000000168c0000,0x00000000169c0000)]
  0x00000000162c4000 JavaThread "Service Thread" daemon [_thread_blocked, id=7012, stack(0x00000000166c0000,0x00000000167c0000)]
  0x00000000149cd800 JavaThread "C1 CompilerThread2" daemon [_thread_in_native, id=6428, stack(0x00000000161c0000,0x00000000162c0000)]
=>0x00000000149c9000 JavaThread "C2 CompilerThread1" daemon [_thread_in_native, id=6076, stack(0x00000000160c0000,0x00000000161c0000)]
  0x000000001496d800 JavaThread "C2 CompilerThread0" daemon [_thread_in_vm, id=6576, stack(0x0000000015fc0000,0x00000000160c0000)]
  0x000000001496a800 JavaThread "Attach Listener" daemon [_thread_blocked, id=6448, stack(0x0000000015ec0000,0x0000000015fc0000)]
  0x0000000014969800 JavaThread "Signal Dispatcher" daemon [_thread_blocked, id=5384, stack(0x0000000015dc0000,0x0000000015ec0000)]
  0x000000001495a800 JavaThread "Finalizer" daemon [_thread_blocked, id=7024, stack(0x0000000015bc0000,0x0000000015cc0000)]
  0x000000000228f000 JavaThread "Reference Handler" daemon [_thread_blocked, id=6976, stack(0x0000000015ac0000,0x0000000015bc0000)]
  0x00000000021a1000 JavaThread "main" [_thread_in_Java, id=6980, stack(0x00000000020a0000,0x00000000021a0000)]

Other Threads:
  0x0000000014938000 VMThread [stack: 0x00000000159c0000,0x0000000015ac0000] [id=5192]
  0x00000000162c8000 WatcherThread [stack: 0x00000000167c0000,0x00000000168c0000] [id=6244]

VM state:not at safepoint (normal execution)

VM Mutex/Monitor currently owned by a thread: None

Heap:
 PSYoungGen      total 28672K, used 8305K [0x00000000eab00000, 0x00000000ee300000, 0x0000000100000000)
  eden space 24576K, 18% used [0x00000000eab00000,0x00000000eaf889a0,0x00000000ec300000)
  from space 4096K, 89% used [0x00000000ec300000,0x00000000ec693e28,0x00000000ec700000)
  to   space 4096K, 0% used [0x00000000edf00000,0x00000000edf00000,0x00000000ee300000)
 ParOldGen       total 65536K, used 8K [0x00000000c0000000, 0x00000000c4000000, 0x00000000eab00000)
  object space 65536K, 0% used [0x00000000c0000000,0x00000000c0002000,0x00000000c4000000)
 Metaspace       used 5823K, capacity 6704K, committed 6784K, reserved 1056768K
  class space    used 602K, capacity 616K, committed 640K, reserved 1048576K

Card table byte_map: [0x0000000011660000,0x0000000011870000] byte_map_base: 0x0000000011060000

Marking Bits: (ParMarkBitMap*) 0x00000000653e2f70
 Begin Bits: [0x0000000011dd0000, 0x0000000012dd0000)
 End Bits:   [0x0000000012dd0000, 0x0000000013dd0000)

Polling page: 0x00000000001f0000

CodeCache: size=245760Kb used=3088Kb max_used=3088Kb free=242671Kb
 bounds [0x00000000022a0000, 0x00000000025b0000, 0x00000000112a0000]
 total_blobs=1087 nmethods=816 adapters=182
 compilation: enabled

Compilation events (10 events):
Event: 2.730 Thread 0x00000000149cd800 nmethod 816 0x000000000259aed0 code [0x000000000259b020, 0x000000000259b170]
Event: 2.731 Thread 0x00000000149cd800  814       3       java.util.AbstractList::clear (10 bytes)
Event: 2.731 Thread 0x00000000149cd800 nmethod 814 0x000000000259ead0 code [0x000000000259ec40, 0x000000000259ef18]
Event: 2.731 Thread 0x00000000149cd800  821       3       com.android.dx.rop.code.BasicBlock::hasExceptionHandlers (26 bytes)
Event: 2.731 Thread 0x00000000149cd800 nmethod 821 0x000000000259efd0 code [0x000000000259f180, 0x000000000259f8e8]
Event: 2.731 Thread 0x00000000149cd800  826       3       com.android.dx.cf.code.LineNumberList::set (15 bytes)
Event: 2.732 Thread 0x00000000149cd800 nmethod 826 0x00000000025a2a50 code [0x00000000025a2c40, 0x00000000025a34f8]
Event: 2.732 Thread 0x00000000149cd800  829       3       java.util.TreeMap::getEntry (84 bytes)
Event: 2.732 Thread 0x000000001496d800 nmethod 818 0x00000000025a3b50 code [0x00000000025a3ca0, 0x00000000025a3f98]
Event: 2.732 Thread 0x000000001496d800  825   !   4       com.android.dx.rop.cst.StdConstantPool::getOrNull (13 bytes)

GC Heap History (2 events):
Event: 2.296 GC heap before
{Heap before GC invocations=1 (full 0):
 PSYoungGen      total 28672K, used 24576K [0x00000000eab00000, 0x00000000ecb00000, 0x0000000100000000)
  eden space 24576K, 100% used [0x00000000eab00000,0x00000000ec300000,0x00000000ec300000)
  from space 4096K, 0% used [0x00000000ec700000,0x00000000ec700000,0x00000000ecb00000)
  to   space 4096K, 0% used [0x00000000ec300000,0x00000000ec300000,0x00000000ec700000)
 ParOldGen       total 65536K, used 0K [0x00000000c0000000, 0x00000000c4000000, 0x00000000eab00000)
  object space 65536K, 0% used [0x00000000c0000000,0x00000000c0000000,0x00000000c4000000)
 Metaspace       used 5625K, capacity 6576K, committed 6784K, reserved 1056768K
  class space    used 600K, capacity 616K, committed 640K, reserved 1048576K
Event: 2.584 GC heap after
Heap after GC invocations=1 (full 0):
 PSYoungGen      total 28672K, used 3663K [0x00000000eab00000, 0x00000000ee300000, 0x0000000100000000)
  eden space 24576K, 0% used [0x00000000eab00000,0x00000000eab00000,0x00000000ec300000)
  from space 4096K, 89% used [0x00000000ec300000,0x00000000ec693e28,0x00000000ec700000)
  to   space 4096K, 0% used [0x00000000edf00000,0x00000000edf00000,0x00000000ee300000)
 ParOldGen       total 65536K, used 8K [0x00000000c0000000, 0x00000000c4000000, 0x00000000eab00000)
  object space 65536K, 0% used [0x00000000c0000000,0x00000000c0002000,0x00000000c4000000)
 Metaspace       used 5625K, capacity 6576K, committed 6784K, reserved 1056768K
  class space    used 600K, capacity 616K, committed 640K, reserved 1048576K
}

Deoptimization events (2 events):
Event: 0.656 Thread 0x00000000021a1000 Uncommon trap: reason=unstable_if action=reinterpret pc=0x00000000023fef94 method=java.lang.String.compareTo(Ljava/lang/String;)I @ 38
Event: 2.592 Thread 0x0000000016598000 Uncommon trap: reason=unstable_if action=reinterpret pc=0x00000000024bdf38 method=java.util.HashMap.getNode(ILjava/lang/Object;)Ljava/util/HashMap$Node; @ 62

Internal exceptions (2 events):
Event: 0.090 Thread 0x00000000021a1000 Exception <a 'java/lang/NoSuchMethodError': Method sun.misc.Unsafe.defineClass(Ljava/lang/String;[BII)Ljava/lang/Class; name or signature does not match> (0x00000000eab07cc0) thrown at [C:\re\workspace\8-2-build-windows-amd64-cygwin\jdk8u91\7017\hotspot\sr¬0$WÍ‡·?
Event: 0.092 Thread 0x00000000021a1000 Exception <a 'java/lang/NoSuchMethodError': Method sun.misc.Unsafe.prefetchRead(Ljava/lang/Object;J)V name or signature does not match> (0x00000000eab07fa8) thrown at [C:\re\workspace\8-2-build-windows-amd64-cygwin\jdk8u91\7017\hotspot\src\share\vm\prims\j

Events (10 events):
Event: 2.585 Executing VM operation: ParallelGCFailedAllocation done
Event: 2.592 Thread 0x0000000016598000 Uncommon trap: trap_request=0xffffff65 fr.pc=0x00000000024bdf38
Event: 2.592 Thread 0x0000000016598000 DEOPT PACKING pc=0x00000000024bdf38 sp=0x0000000016cbeb70
Event: 2.592 Thread 0x0000000016598000 DEOPT UNPACKING pc=0x00000000022e582a sp=0x0000000016cbeae8 mode 2
Event: 2.610 loading class com/android/dx/cf/code/BytecodeArray$ConstantParserVisitor
Event: 2.610 loading class com/android/dx/cf/code/BytecodeArray$ConstantParserVisitor done
Event: 2.628 loading class java/util/ArrayList$1
Event: 2.628 loading class java/util/ArrayList$1 done
Event: 2.698 loading class com/android/dx/dex/file/FieldAnnotationStruct
Event: 2.698 loading class com/android/dx/dex/file/FieldAnnotationStruct done


Dynamic libraries:
0x00007ff7365d0000 - 0x00007ff736607000 	C:\Program Files\Java\jdk1.8.0_91\bin\java.exe
0x00007ff88f6c0000 - 0x00007ff88f881000 	C:\Windows\SYSTEM32\ntdll.dll
0x00007ff88f590000 - 0x00007ff88f63d000 	C:\Windows\system32\KERNEL32.DLL
0x00007ff88c840000 - 0x00007ff88ca28000 	C:\Windows\system32\KERNELBASE.dll
0x00007ff88f150000 - 0x00007ff88f1f7000 	C:\Windows\system32\ADVAPI32.dll
0x00007ff88f490000 - 0x00007ff88f52d000 	C:\Windows\system32\msvcrt.dll
0x00007ff88ec00000 - 0x00007ff88ec5b000 	C:\Windows\system32\sechost.dll
0x00007ff88ec80000 - 0x00007ff88ed9c000 	C:\Windows\system32\RPCRT4.dll
0x00007ff88e8f0000 - 0x00007ff88ea46000 	C:\Windows\system32\USER32.dll
0x00007ff88efc0000 - 0x00007ff88f146000 	C:\Windows\system32\GDI32.dll
0x00007ff886730000 - 0x00007ff8869a4000 	C:\Windows\WinSxS\amd64_microsoft.windows.common-controls_6595b64144ccf1df_6.0.10586.0_none_8c15ae12515e1c22\COMCTL32.dll
0x00007ff88e0f0000 - 0x00007ff88e36d000 	C:\Windows\system32\combase.dll
0x00007ff88c7d0000 - 0x00007ff88c83a000 	C:\Windows\system32\bcryptPrimitives.dll
0x00007ff88ebc0000 - 0x00007ff88ebfb000 	C:\Windows\system32\IMM32.DLL
0x0000000064810000 - 0x00000000648e2000 	C:\Program Files\Java\jdk1.8.0_91\jre\bin\msvcr100.dll
0x0000000064bd0000 - 0x0000000065463000 	C:\Program Files\Java\jdk1.8.0_91\jre\bin\server\jvm.dll
0x00007ff88ea50000 - 0x00007ff88ea58000 	C:\Windows\system32\PSAPI.DLL
0x00007ff87ac20000 - 0x00007ff87ac29000 	C:\Windows\SYSTEM32\WSOCK32.dll
0x00007ff88ef50000 - 0x00007ff88efbb000 	C:\Windows\system32\WS2_32.dll
0x00007ff88a3f0000 - 0x00007ff88a413000 	C:\Windows\SYSTEM32\WINMM.dll
0x00007ff882c80000 - 0x00007ff882c8a000 	C:\Windows\SYSTEM32\VERSION.dll
0x00007ff88a3c0000 - 0x00007ff88a3ec000 	C:\Windows\SYSTEM32\WINMMBASE.dll
0x00007ff88bd70000 - 0x00007ff88bdb3000 	C:\Windows\system32\cfgmgr32.dll
0x0000000065560000 - 0x000000006556f000 	C:\Program Files\Java\jdk1.8.0_91\jre\bin\verify.dll
0x0000000065530000 - 0x0000000065559000 	C:\Program Files\Java\jdk1.8.0_91\jre\bin\java.dll
0x0000000065510000 - 0x0000000065526000 	C:\Program Files\Java\jdk1.8.0_91\jre\bin\zip.dll
0x00007ff88cb90000 - 0x00007ff88e0ec000 	C:\Windows\system32\SHELL32.dll
0x00007ff88bfb0000 - 0x00007ff88c5f5000 	C:\Windows\system32\windows.storage.dll
0x00007ff88f530000 - 0x00007ff88f582000 	C:\Windows\system32\shlwapi.dll
0x00007ff88bd60000 - 0x00007ff88bd6f000 	C:\Windows\system32\kernel.appcore.dll
0x00007ff88c600000 - 0x00007ff88c6b5000 	C:\Windows\system32\shcore.dll
0x00007ff88bd10000 - 0x00007ff88bd5b000 	C:\Windows\system32\powrprof.dll
0x00007ff88bce0000 - 0x00007ff88bcf4000 	C:\Windows\system32\profapi.dll

VM Arguments:
jvm_args: -Djava.awt.headless=true -Xmx1024M -Dfile.encoding=windows-1252 -Duser.country=BR -Duser.language=pt -Duser.variant 
java_command: com.android.dx.command.Main --dex --force-jumbo --num-threads=4 --output C:\Users\riyad\Documents\GitHub\PostBase\app\build\intermediates\pre-dexed\debug\com.android.support-support-v4-23.4.0_e3a5fdb4d38bbf4d097bbc92a63ca8f2086e07db.jar C:\Users\riyad\Documents\GitHub\PostBase\app\build\intermediates\exploded-aar\com.android.support\support-v4\23.4.0\jars\classes.jar
java_class_path (initial): E:\Android\sdk\build-tools\24.0.0\lib\dx.jar
Launcher Type: SUN_STANDARD

Environment Variables:
PATH=C:\ProgramData\Oracle\Java\javapath;C:\Windows\system32;C:\Windows;C:\Windows\System32\Wbem;C:\Windows\System32\WindowsPowerShell\v1.0\;C:\Program Files (x86)\MySQL\MySQL Fabric 1.5 & MySQL Utilities 1.5\;C:\Program Files (x86)\MySQL\MySQL Fabric 1.5 & MySQL Utilities 1.5\Doctrine extensions for PHP\;C:\Program Files (x86)\GtkSharp\2.12\bin;C:\Program Files\Git\cmd
USERNAME=riyad
OS=Windows_NT
PROCESSOR_IDENTIFIER=Intel64 Family 6 Model 58 Stepping 9, GenuineIntel



---------------  S Y S T E M  ---------------

OS: Windows 10.0 , 64 bit Build 10586 (10.0.10586.0)

CPU:total 4 (2 cores per cpu, 2 threads per core) family 6 model 58 stepping 9, cmov, cx8, fxsr, mmx, sse, sse2, sse3, ssse3, sse4.1, sse4.2, popcnt, avx, aes, clmul, erms, ht, tsc, tscinvbit, tscinv

Memory: 4k page, physical 6186068k(1184096k free), swap 6186068k(5156k free)

vm_info: Java HotSpot(TM) 64-Bit Server VM (25.91-b15) for windows-amd64 JRE (1.8.0_91-b15), built on May 20 2016 17:43:15 by "java_re" with MS VC++ 10.0 (VS2010)

time: Fri Sep 02 15:26:42 2016
elapsed time: 2 seconds (0d 0h 0m 2s)

