#
# There is insufficient memory for the Java Runtime Environment to continue.
# Native memory allocation (malloc) failed to allocate 1437088 bytes for Chunk::new
# Possible reasons:
#   The system is out of physical RAM or swap space
#   In 32 bit mode, the process size limit was hit
# Possible solutions:
#   Reduce memory load on the system
#   Increase physical memory or swap space
#   Check if swap backing store is full
#   Use 64 bit Java on a 64 bit OS
#   Decrease Java heap size (-Xmx/-Xms)
#   Decrease number of Java threads
#   Decrease Java thread stack sizes (-Xss)
#   Set larger code cache with -XX:ReservedCodeCacheSize=
# This output file may be truncated or incomplete.
#
#  Out of Memory Error (allocation.cpp:390), pid=5584, tid=4016
#
# JRE version: Java(TM) SE Runtime Environment (8.0_91-b15) (build 1.8.0_91-b15)
# Java VM: Java HotSpot(TM) 64-Bit Server VM (25.91-b15 mixed mode windows-amd64 compressed oops)
# Failed to write core dump. Minidumps are not enabled by default on client versions of Windows
#

---------------  T H R E A D  ---------------

Current thread (0x00000000149bf800):  JavaThread "C2 CompilerThread1" daemon [_thread_in_native, id=4016, stack(0x0000000016110000,0x0000000016210000)]

Stack: [0x0000000016110000,0x0000000016210000]
[error occurred during error reporting (printing stack bounds), id 0xc0000005]

Native frames: (J=compiled Java code, j=interpreted, Vv=VM code, C=native code)


Current CompileTask:
C2:   2025 1241   !   4       com.android.dx.cf.cst.ConstantPoolParser::parse0 (731 bytes)


---------------  P R O C E S S  ---------------

Java Threads: ( => current thread )
  0x0000000016571800 JavaThread "pool-1-thread-4" [_thread_in_Java, id=3912, stack(0x0000000016d10000,0x0000000016e10000)]
  0x0000000016577800 JavaThread "pool-1-thread-3" [_thread_in_vm, id=3888, stack(0x0000000016c10000,0x0000000016d10000)]
  0x00000000164a1800 JavaThread "pool-1-thread-2" [_thread_in_Java, id=4536, stack(0x0000000016b10000,0x0000000016c10000)]
  0x000000001649d000 JavaThread "pool-2-thread-1" [_thread_blocked, id=3692, stack(0x0000000016a10000,0x0000000016b10000)]
  0x0000000016339000 JavaThread "Service Thread" daemon [_thread_blocked, id=2344, stack(0x0000000016710000,0x0000000016810000)]
  0x00000000149c8800 JavaThread "C1 CompilerThread2" daemon [_thread_blocked, id=3680, stack(0x0000000016210000,0x0000000016310000)]
=>0x00000000149bf800 JavaThread "C2 CompilerThread1" daemon [_thread_in_native, id=4016, stack(0x0000000016110000,0x0000000016210000)]
  0x00000000149bc800 JavaThread "C2 CompilerThread0" daemon [_thread_in_native, id=2668, stack(0x0000000016010000,0x0000000016110000)]
  0x00000000149ba800 JavaThread "Attach Listener" daemon [_thread_blocked, id=1216, stack(0x0000000015f10000,0x0000000016010000)]
  0x00000000149b9000 JavaThread "Signal Dispatcher" daemon [_thread_blocked, id=940, stack(0x0000000015e10000,0x0000000015f10000)]
  0x00000000149aa000 JavaThread "Finalizer" daemon [_thread_blocked, id=5288, stack(0x0000000015c10000,0x0000000015d10000)]
  0x00000000022df000 JavaThread "Reference Handler" daemon [_thread_blocked, id=924, stack(0x0000000015b10000,0x0000000015c10000)]
  0x00000000021f1000 JavaThread "main" [_thread_blocked, id=6092, stack(0x00000000020f0000,0x00000000021f0000)]

Other Threads:
  0x0000000014988000 VMThread [stack: 0x0000000015a10000,0x0000000015b10000] [id=1972]
  0x0000000014a1e800 WatcherThread [stack: 0x0000000016810000,0x0000000016910000] [id=3980]

VM state:not at safepoint (normal execution)

VM Mutex/Monitor currently owned by a thread:  ([mutex/lock_event])
[0x00000000008fc920] SystemDictionary_lock - owner thread: 0x0000000016577800

Heap:
 PSYoungGen      total 28672K, used 15568K [0x00000000eab00000, 0x00000000ecb00000, 0x0000000100000000)
  eden space 24576K, 46% used [0x00000000eab00000,0x00000000eb636e48,0x00000000ec300000)
  from space 4096K, 99% used [0x00000000ec300000,0x00000000ec6fd528,0x00000000ec700000)
  to   space 4096K, 0% used [0x00000000ec700000,0x00000000ec700000,0x00000000ecb00000)
 ParOldGen       total 65536K, used 19389K [0x00000000c0000000, 0x00000000c4000000, 0x00000000eab00000)
  object space 65536K, 29% used [0x00000000c0000000,0x00000000c12ef730,0x00000000c4000000)
 Metaspace       used 5867K, capacity 6960K, committed 7040K, reserved 1056768K
  class space    used 584K, capacity 616K, committed 640K, reserved 1048576K

Card table byte_map: [0x00000000116b0000,0x00000000118c0000] byte_map_base: 0x00000000110b0000

Marking Bits: (ParMarkBitMap*) 0x000000006c772f70
 Begin Bits: [0x0000000011e20000, 0x0000000012e20000)
 End Bits:   [0x0000000012e20000, 0x0000000013e20000)

Polling page: 0x00000000001f0000

CodeCache: size=245760Kb used=5535Kb max_used=5535Kb free=240224Kb
 bounds [0x00000000022f0000, 0x0000000002860000, 0x00000000112f0000]
 total_blobs=1607 nmethods=1345 adapters=175
 compilation: enabled

Compilation events (10 events):
Event: 2.005 Thread 0x00000000149c8800 1363       2       com.android.dx.util.ListIntSet::<init> (23 bytes)
Event: 2.006 Thread 0x00000000149c8800 nmethod 1363 0x0000000002859710 code [0x00000000028598a0, 0x0000000002859c18]
Event: 2.006 Thread 0x00000000149c8800 1366       2       com.android.dx.util.ListIntSet::has (17 bytes)
Event: 2.006 Thread 0x00000000149c8800 nmethod 1366 0x0000000002859e90 code [0x000000000285a000, 0x000000000285a188]
Event: 2.006 Thread 0x00000000149c8800 1367       2       com.android.dx.util.ListIntSet::add (26 bytes)
Event: 2.006 Thread 0x00000000149c8800 nmethod 1367 0x000000000285a250 code [0x000000000285a3c0, 0x000000000285a598]
Event: 2.006 Thread 0x00000000149c8800 1368       2       com.android.dx.util.IntList::insert (115 bytes)
Event: 2.007 Thread 0x00000000149c8800 nmethod 1368 0x000000000285a690 code [0x000000000285a820, 0x000000000285ac08]
Event: 2.007 Thread 0x00000000149c8800 1356       2       com.android.dx.rop.code.RegisterSpec::withSimpleType (59 bytes)
Event: 2.007 Thread 0x00000000149c8800 nmethod 1356 0x000000000285ae10 code [0x000000000285afa0, 0x000000000285b248]

GC Heap History (6 events):
Event: 1.195 GC heap before
{Heap before GC invocations=1 (full 0):
 PSYoungGen      total 28672K, used 24576K [0x00000000eab00000, 0x00000000ecb00000, 0x0000000100000000)
  eden space 24576K, 100% used [0x00000000eab00000,0x00000000ec300000,0x00000000ec300000)
  from space 4096K, 0% used [0x00000000ec700000,0x00000000ec700000,0x00000000ecb00000)
  to   space 4096K, 0% used [0x00000000ec300000,0x00000000ec300000,0x00000000ec700000)
 ParOldGen       total 65536K, used 0K [0x00000000c0000000, 0x00000000c4000000, 0x00000000eab00000)
  object space 65536K, 0% used [0x00000000c0000000,0x00000000c0000000,0x00000000c4000000)
 Metaspace       used 5696K, capacity 6832K, committed 7040K, reserved 1056768K
  class space    used 576K, capacity 616K, committed 640K, reserved 1048576K
Event: 1.204 GC heap after
Heap after GC invocations=1 (full 0):
 PSYoungGen      total 28672K, used 4083K [0x00000000eab00000, 0x00000000ecb00000, 0x0000000100000000)
  eden space 24576K, 0% used [0x00000000eab00000,0x00000000eab00000,0x00000000ec300000)
  from space 4096K, 99% used [0x00000000ec300000,0x00000000ec6fcc18,0x00000000ec700000)
  to   space 4096K, 0% used [0x00000000ec700000,0x00000000ec700000,0x00000000ecb00000)
 ParOldGen       total 65536K, used 1237K [0x00000000c0000000, 0x00000000c4000000, 0x00000000eab00000)
  object space 65536K, 1% used [0x00000000c0000000,0x00000000c01355f8,0x00000000c4000000)
 Metaspace       used 5696K, capacity 6832K, committed 7040K, reserved 1056768K
  class space    used 576K, capacity 616K, committed 640K, reserved 1048576K
}
Event: 1.753 GC heap before
{Heap before GC invocations=2 (full 0):
 PSYoungGen      total 28672K, used 28659K [0x00000000eab00000, 0x00000000ecb00000, 0x0000000100000000)
  eden space 24576K, 100% used [0x00000000eab00000,0x00000000ec300000,0x00000000ec300000)
  from space 4096K, 99% used [0x00000000ec300000,0x00000000ec6fcc18,0x00000000ec700000)
  to   space 4096K, 0% used [0x00000000ec700000,0x00000000ec700000,0x00000000ecb00000)
 ParOldGen       total 65536K, used 1237K [0x00000000c0000000, 0x00000000c4000000, 0x00000000eab00000)
  object space 65536K, 1% used [0x00000000c0000000,0x00000000c01355f8,0x00000000c4000000)
 Metaspace       used 5842K, capacity 6960K, committed 7040K, reserved 1056768K
  class space    used 582K, capacity 616K, committed 640K, reserved 1048576K
Event: 1.771 GC heap after
Heap after GC invocations=2 (full 0):
 PSYoungGen      total 28672K, used 4074K [0x00000000eab00000, 0x00000000ecb00000, 0x0000000100000000)
  eden space 24576K, 0% used [0x00000000eab00000,0x00000000eab00000,0x00000000ec300000)
  from space 4096K, 99% used [0x00000000ec700000,0x00000000ecafaac8,0x00000000ecb00000)
  to   space 4096K, 0% used [0x00000000ec300000,0x00000000ec300000,0x00000000ec700000)
 ParOldGen       total 65536K, used 8150K [0x00000000c0000000, 0x00000000c4000000, 0x00000000eab00000)
  object space 65536K, 12% used [0x00000000c0000000,0x00000000c07f5960,0x00000000c4000000)
 Metaspace       used 5842K, capacity 6960K, committed 7040K, reserved 1056768K
  class space    used 582K, capacity 616K, committed 640K, reserved 1048576K
}
Event: 1.968 GC heap before
{Heap before GC invocations=3 (full 0):
 PSYoungGen      total 28672K, used 28650K [0x00000000eab00000, 0x00000000ecb00000, 0x0000000100000000)
  eden space 24576K, 100% used [0x00000000eab00000,0x00000000ec300000,0x00000000ec300000)
  from space 4096K, 99% used [0x00000000ec700000,0x00000000ecafaac8,0x00000000ecb00000)
  to   space 4096K, 0% used [0x00000000ec300000,0x00000000ec300000,0x00000000ec700000)
 ParOldGen       total 65536K, used 8150K [0x00000000c0000000, 0x00000000c4000000, 0x00000000eab00000)
  object space 65536K, 12% used [0x00000000c0000000,0x00000000c07f5960,0x00000000c4000000)
 Metaspace       used 5864K, capacity 6960K, committed 7040K, reserved 1056768K
  class space    used 584K, capacity 616K, committed 640K, reserved 1048576K
Event: 1.991 GC heap after
Heap after GC invocations=3 (full 0):
 PSYoungGen      total 28672K, used 4085K [0x00000000eab00000, 0x00000000ecb00000, 0x0000000100000000)
  eden space 24576K, 0% used [0x00000000eab00000,0x00000000eab00000,0x00000000ec300000)
  from space 4096K, 99% used [0x00000000ec300000,0x00000000ec6fd528,0x00000000ec700000)
  to   space 4096K, 0% used [0x00000000ec700000,0x00000000ec700000,0x00000000ecb00000)
 ParOldGen       total 65536K, used 19389K [0x00000000c0000000, 0x00000000c4000000, 0x00000000eab00000)
  object space 65536K, 29% used [0x00000000c0000000,0x00000000c12ef730,0x00000000c4000000)
 Metaspace       used 5864K, capacity 6960K, committed 7040K, reserved 1056768K
  class space    used 584K, capacity 616K, committed 640K, reserved 1048576K
}

Deoptimization events (10 events):
Event: 1.346 Thread 0x000000001649a800 Uncommon trap: reason=unstable_if action=reinterpret pc=0x0000000002645b74 method=com.android.dx.ssa.SsaRenamer$BlockRenamer.addMapping(ILcom/android/dx/rop/code/RegisterSpec;)V @ 120
Event: 1.357 Thread 0x000000001649a800 Uncommon trap: reason=unstable_if action=reinterpret pc=0x00000000026dc1a0 method=com.android.dx.util.IntList.binarysearch(I)I @ 26
Event: 1.372 Thread 0x000000001649a800 Uncommon trap: reason=unstable_if action=reinterpret pc=0x00000000026e0f38 method=com.android.dx.cf.code.Ropper.labelToResultIndex(I)I @ 34
Event: 1.410 Thread 0x000000001649a800 Uncommon trap: reason=unstable_if action=reinterpret pc=0x0000000002787588 method=com.android.dx.ssa.SCCP.simulateStmt(Lcom/android/dx/ssa/SsaInsn;)V @ 469
Event: 1.411 Thread 0x000000001649a800 Uncommon trap: reason=bimorphic action=maybe_recompile pc=0x0000000002723300 method=java.util.HashMap.putVal(ILjava/lang/Object;Ljava/lang/Object;ZZ)Ljava/lang/Object; @ 91
Event: 1.415 Thread 0x000000001649a800 Uncommon trap: reason=unstable_if action=reinterpret pc=0x000000000271ba7c method=com.android.dx.util.LabeledList.set(ILcom/android/dx/util/LabeledItem;)V @ 16
Event: 1.418 Thread 0x000000001649a800 Uncommon trap: reason=unstable_if action=reinterpret pc=0x000000000252a038 method=java.util.BitSet.ensureCapacity(I)V @ 6
Event: 1.490 Thread 0x000000001649a800 Uncommon trap: reason=class_check action=maybe_recompile pc=0x00000000027c4140 method=com.android.dx.ssa.NormalSsaInsn.accept(Lcom/android/dx/ssa/SsaInsn$Visitor;)V @ 9
Event: 1.906 Thread 0x000000001649a800 Uncommon trap: reason=uninitialized action=reinterpret pc=0x00000000027a4e40 method=com.android.dx.cf.code.BytecodeArray.parseInstruction(ILcom/android/dx/cf/code/BytecodeArray$Visitor;)I @ 1047
Event: 1.909 Thread 0x000000001649a800 Uncommon trap: reason=bimorphic action=maybe_recompile pc=0x00000000028172d4 method=com.android.dx.cf.code.BaseMachine.getLocalTarget(Z)Lcom/android/dx/rop/code/RegisterSpec; @ 70

Internal exceptions (2 events):
Event: 0.038 Thread 0x00000000021f1000 Exception <a 'java/lang/NoSuchMethodError': Method sun.misc.Unsafe.defineClass(Ljava/lang/String;[BII)Ljava/lang/Class; name or signature does not match> (0x00000000eab07cc0) thrown at [C:\re\workspace\8-2-build-windows-amd64-cygwin\jdk8u91\7017\hotspot\srø†N{áx£?
Event: 0.038 Thread 0x00000000021f1000 Exception <a 'java/lang/NoSuchMethodError': Method sun.misc.Unsafe.prefetchRead(Ljava/lang/Object;J)V name or signature does not match> (0x00000000eab07fa8) thrown at [C:\re\workspace\8-2-build-windows-amd64-cygwin\jdk8u91\7017\hotspot\src\share\vm\prims\j

Events (10 events):
Event: 1.909 Thread 0x000000001649a800 Uncommon trap: trap_request=0xffffffc6 fr.pc=0x00000000028172d4
Event: 1.909 Thread 0x000000001649a800 DEOPT PACKING pc=0x00000000028172d4 sp=0x0000000016a0e1d0
Event: 1.909 Thread 0x000000001649a800 DEOPT UNPACKING pc=0x000000000233582a sp=0x0000000016a0e0e8 mode 2
Event: 1.952 loading class com/android/dx/util/ListIntSet
Event: 1.952 loading class com/android/dx/util/ListIntSet done
Event: 1.953 Executing VM operation: Deoptimize
Event: 1.955 Executing VM operation: Deoptimize done
Event: 1.968 Thread 0x000000001649a800 Thread exited: 0x000000001649a800
Event: 1.968 Executing VM operation: ParallelGCFailedAllocation
Event: 1.991 Executing VM operation: ParallelGCFailedAllocation done


Dynamic libraries:
0x00007ff66dbd0000 - 0x00007ff66dc07000 	C:\Program Files\Java\jdk1.8.0_91\bin\java.exe
0x00007ff8ab710000 - 0x00007ff8ab8d1000 	C:\Windows\SYSTEM32\ntdll.dll
0x00007ff8a8c10000 - 0x00007ff8a8cbd000 	C:\Windows\system32\KERNEL32.DLL
0x00007ff8a7f50000 - 0x00007ff8a8138000 	C:\Windows\system32\KERNELBASE.dll
0x00007ff8a8b60000 - 0x00007ff8a8c07000 	C:\Windows\system32\ADVAPI32.dll
0x00007ff8a95f0000 - 0x00007ff8a968d000 	C:\Windows\system32\msvcrt.dll
0x00007ff8a9130000 - 0x00007ff8a918b000 	C:\Windows\system32\sechost.dll
0x00007ff8a94d0000 - 0x00007ff8a95ec000 	C:\Windows\system32\RPCRT4.dll
0x00007ff8a8e70000 - 0x00007ff8a8fc6000 	C:\Windows\system32\USER32.dll
0x00007ff8ab150000 - 0x00007ff8ab2d6000 	C:\Windows\system32\GDI32.dll
0x00007ff8a20f0000 - 0x00007ff8a2364000 	C:\Windows\WinSxS\amd64_microsoft.windows.common-controls_6595b64144ccf1df_6.0.10586.0_none_8c15ae12515e1c22\COMCTL32.dll
0x00007ff8ab3b0000 - 0x00007ff8ab62d000 	C:\Windows\system32\combase.dll
0x00007ff8a8140000 - 0x00007ff8a81aa000 	C:\Windows\system32\bcryptPrimitives.dll
0x00007ff8a8b10000 - 0x00007ff8a8b4b000 	C:\Windows\system32\IMM32.DLL
0x000000006bae0000 - 0x000000006bbb2000 	C:\Program Files\Java\jdk1.8.0_91\jre\bin\msvcr100.dll
0x000000006bf60000 - 0x000000006c7f3000 	C:\Program Files\Java\jdk1.8.0_91\jre\bin\server\jvm.dll
0x00007ff8a91f0000 - 0x00007ff8a91f8000 	C:\Windows\system32\PSAPI.DLL
0x00007ff894ff0000 - 0x00007ff894ff9000 	C:\Windows\SYSTEM32\WSOCK32.dll
0x00007ff8a64f0000 - 0x00007ff8a6513000 	C:\Windows\SYSTEM32\WINMM.dll
0x00007ff8a9310000 - 0x00007ff8a937b000 	C:\Windows\system32\WS2_32.dll
0x00000000020c0000 - 0x00000000020ec000 	C:\Windows\SYSTEM32\WINMMBASE.dll
0x00007ff8a7dc0000 - 0x00007ff8a7e03000 	C:\Windows\system32\cfgmgr32.dll
0x00007ff89e680000 - 0x00007ff89e68a000 	C:\Windows\SYSTEM32\VERSION.dll
0x000000006bf50000 - 0x000000006bf5f000 	C:\Program Files\Java\jdk1.8.0_91\jre\bin\verify.dll
0x000000006bf20000 - 0x000000006bf49000 	C:\Program Files\Java\jdk1.8.0_91\jre\bin\java.dll
0x000000006bf00000 - 0x000000006bf16000 	C:\Program Files\Java\jdk1.8.0_91\jre\bin\zip.dll
0x00007ff8a9700000 - 0x00007ff8aac5c000 	C:\Windows\system32\SHELL32.dll
0x00007ff8a81b0000 - 0x00007ff8a87f5000 	C:\Windows\system32\windows.storage.dll
0x00007ff8ab690000 - 0x00007ff8ab6e2000 	C:\Windows\system32\shlwapi.dll
0x00007ff8a7d60000 - 0x00007ff8a7d6f000 	C:\Windows\system32\kernel.appcore.dll
0x00007ff8a7e30000 - 0x00007ff8a7ee5000 	C:\Windows\system32\shcore.dll
0x00007ff8a7d70000 - 0x00007ff8a7dbb000 	C:\Windows\system32\powrprof.dll
0x00007ff8a7d30000 - 0x00007ff8a7d44000 	C:\Windows\system32\profapi.dll

VM Arguments:
jvm_args: -Djava.awt.headless=true -Xmx1024M -Dfile.encoding=windows-1252 -Duser.country=BR -Duser.language=pt -Duser.variant 
java_command: com.android.dx.command.Main --dex --force-jumbo --num-threads=4 --output C:\Users\riyad\Documents\GitHub\PostBase\app\build\intermediates\pre-dexed\debug\main_7de6e7b56dcad0a5b063db9c6ad772e9d07beeb1.jar C:\Users\riyad\Documents\GitHub\PostBase\app\build\intermediates\transforms\instantRun\debug\folders\1\5\main
java_class_path (initial): E:\Android\sdk\build-tools\24.0.0\lib\dx.jar
Launcher Type: SUN_STANDARD

Environment Variables:
PATH=C:\ProgramData\Oracle\Java\javapath;C:\Windows\system32;C:\Windows;C:\Windows\System32\Wbem;C:\Windows\System32\WindowsPowerShell\v1.0\;C:\Program Files (x86)\MySQL\MySQL Fabric 1.5 & MySQL Utilities 1.5\;C:\Program Files (x86)\MySQL\MySQL Fabric 1.5 & MySQL Utilities 1.5\Doctrine extensions for PHP\;C:\Program Files (x86)\GtkSharp\2.12\bin;C:\Program Files\Git\cmd
USERNAME=riyad
OS=Windows_NT
PROCESSOR_IDENTIFIER=Intel64 Family 6 Model 58 Stepping 9, GenuineIntel



---------------  S Y S T E M  ---------------

OS: Windows 10.0 , 64 bit Build 10586 (10.0.10586.0)

CPU:total 4 (2 cores per cpu, 2 threads per core) family 6 model 58 stepping 9, cmov, cx8, fxsr, mmx, sse, sse2, sse3, ssse3, sse4.1, sse4.2, popcnt, avx, aes, clmul, erms, ht, tsc, tscinvbit, tscinv

Memory: 4k page, physical 6186068k(1001940k free), swap 6186068k(6028k free)

vm_info: Java HotSpot(TM) 64-Bit Server VM (25.91-b15) for windows-amd64 JRE (1.8.0_91-b15), built on May 20 2016 17:43:15 by "java_re" with MS VC++ 10.0 (VS2010)

time: Wed Aug 31 03:20:00 2016
elapsed time: 2 seconds (0d 0h 0m 2s)

