#
# There is insufficient memory for the Java Runtime Environment to continue.
# Native memory allocation (malloc) failed to allocate 1530576 bytes for Chunk::new
# Possible reasons:
#   The system is out of physical RAM or swap space
#   In 32 bit mode, the process size limit was hit
# Possible solutions:
#   Reduce memory load on the system
#   Increase physical memory or swap space
#   Check if swap backing store is full
#   Use 64 bit Java on a 64 bit OS
#   Decrease Java heap size (-Xmx/-Xms)
#   Decrease number of Java threads
#   Decrease Java thread stack sizes (-Xss)
#   Set larger code cache with -XX:ReservedCodeCacheSize=
# This output file may be truncated or incomplete.
#
#  Out of Memory Error (allocation.cpp:390), pid=6448, tid=2804
#
# JRE version: Java(TM) SE Runtime Environment (8.0_91-b15) (build 1.8.0_91-b15)
# Java VM: Java HotSpot(TM) 64-Bit Server VM (25.91-b15 mixed mode windows-amd64 compressed oops)
# Failed to write core dump. Minidumps are not enabled by default on client versions of Windows
#

---------------  T H R E A D  ---------------

Current thread (0x0000000014a08800):  JavaThread "C2 CompilerThread0" daemon [_thread_in_native, id=2804, stack(0x0000000016070000,0x0000000016170000)]

Stack: [0x0000000016070000,0x0000000016170000]
[error occurred during error reporting (printing stack bounds), id 0xc0000005]

Native frames: (J=compiled Java code, j=interpreted, Vv=VM code, C=native code)


Current CompileTask:
C2:   9650 1404       4       com.android.dx.dex.code.OutputFinisher::addConstants (93 bytes)


---------------  P R O C E S S  ---------------

Java Threads: ( => current thread )
  0x00000000164ad800 JavaThread "pool-1-thread-1" [_thread_in_Java, id=1980, stack(0x0000000018640000,0x0000000018740000)]
  0x0000000016370800 JavaThread "Service Thread" daemon [_thread_blocked, id=6716, stack(0x0000000016770000,0x0000000016870000)]
  0x0000000014a03800 JavaThread "C1 CompilerThread2" daemon [_thread_blocked, id=5992, stack(0x0000000016270000,0x0000000016370000)]
  0x00000000149f9000 JavaThread "C2 CompilerThread1" daemon [_thread_blocked, id=5344, stack(0x0000000016170000,0x0000000016270000)]
=>0x0000000014a08800 JavaThread "C2 CompilerThread0" daemon [_thread_in_native, id=2804, stack(0x0000000016070000,0x0000000016170000)]
  0x0000000014a06000 JavaThread "Attach Listener" daemon [_thread_blocked, id=6652, stack(0x0000000015f70000,0x0000000016070000)]
  0x0000000014a05000 JavaThread "Signal Dispatcher" daemon [_thread_blocked, id=6684, stack(0x0000000015e70000,0x0000000015f70000)]
  0x00000000149ea000 JavaThread "Finalizer" daemon [_thread_blocked, id=6240, stack(0x0000000015c70000,0x0000000015d70000)]
  0x00000000149c8800 JavaThread "Reference Handler" daemon [_thread_blocked, id=7064, stack(0x0000000015b70000,0x0000000015c70000)]
  0x0000000002231000 JavaThread "main" [_thread_blocked, id=6212, stack(0x0000000001f30000,0x0000000002030000)]

Other Threads:
  0x00000000149c7000 VMThread [stack: 0x0000000015a70000,0x0000000015b70000] [id=4116]
  0x0000000016373800 WatcherThread [stack: 0x0000000016870000,0x0000000016970000] [id=6392]

VM state:not at safepoint (normal execution)

VM Mutex/Monitor currently owned by a thread: None

Heap:
 PSYoungGen      total 53248K, used 16086K [0x00000000eab00000, 0x00000000ee300000, 0x0000000100000000)
  eden space 49152K, 24% used [0x00000000eab00000,0x00000000eb6b9148,0x00000000edb00000)
  from space 4096K, 99% used [0x00000000edf00000,0x00000000ee2fc9a8,0x00000000ee300000)
  to   space 4096K, 0% used [0x00000000edb00000,0x00000000edb00000,0x00000000edf00000)
 ParOldGen       total 65536K, used 4229K [0x00000000c0000000, 0x00000000c4000000, 0x00000000eab00000)
  object space 65536K, 6% used [0x00000000c0000000,0x00000000c0421670,0x00000000c4000000)
 Metaspace       used 6238K, capacity 7128K, committed 7424K, reserved 1056768K
  class space    used 618K, capacity 656K, committed 768K, reserved 1048576K

Card table byte_map: [0x00000000116f0000,0x0000000011900000] byte_map_base: 0x00000000110f0000

Marking Bits: (ParMarkBitMap*) 0x0000000059f62f70
 Begin Bits: [0x0000000011e60000, 0x0000000012e60000)
 End Bits:   [0x0000000012e60000, 0x0000000013e60000)

Polling page: 0x00000000001f0000

CodeCache: size=245760Kb used=6046Kb max_used=6058Kb free=239713Kb
 bounds [0x0000000002330000, 0x0000000002930000, 0x0000000011330000]
 total_blobs=1744 nmethods=1475 adapters=182
 compilation: enabled

Compilation events (10 events):
Event: 9.425 Thread 0x0000000014a03800 nmethod 1484 0x00000000029170d0 code [0x00000000029172a0, 0x0000000002917b98]
Event: 9.426 Thread 0x0000000014a03800 1485       3       com.android.dx.dex.code.OutputFinisher::assignIndices (61 bytes)
Event: 9.427 Thread 0x0000000014a03800 nmethod 1485 0x000000000291bb50 code [0x000000000291bd60, 0x000000000291cad8]
Event: 9.428 Thread 0x00000000149f9000 nmethod 1414 0x000000000291d090 code [0x000000000291d280, 0x000000000291e498]
Event: 9.428 Thread 0x00000000149f9000 1481       4       java.util.Arrays::equals (78 bytes)
Event: 9.436 Thread 0x00000000149f9000 nmethod 1481 0x000000000291f210 code [0x000000000291f380, 0x000000000291f9d8]
Event: 9.436 Thread 0x00000000149f9000 1475       4       com.android.dx.util.FixedSizeList::equals (41 bytes)
Event: 9.447 Thread 0x00000000149f9000 nmethod 1475 0x0000000002920110 code [0x0000000002920280, 0x0000000002920938]
Event: 9.447 Thread 0x00000000149f9000 1473       4       com.android.dx.rop.code.RegisterSpec::getType (10 bytes)
Event: 9.448 Thread 0x00000000149f9000 nmethod 1473 0x0000000002918bd0 code [0x0000000002918d20, 0x0000000002918db8]

GC Heap History (4 events):
Event: 5.759 GC heap before
{Heap before GC invocations=1 (full 0):
 PSYoungGen      total 28672K, used 24576K [0x00000000eab00000, 0x00000000ecb00000, 0x0000000100000000)
  eden space 24576K, 100% used [0x00000000eab00000,0x00000000ec300000,0x00000000ec300000)
  from space 4096K, 0% used [0x00000000ec700000,0x00000000ec700000,0x00000000ecb00000)
  to   space 4096K, 0% used [0x00000000ec300000,0x00000000ec300000,0x00000000ec700000)
 ParOldGen       total 65536K, used 0K [0x00000000c0000000, 0x00000000c4000000, 0x00000000eab00000)
  object space 65536K, 0% used [0x00000000c0000000,0x00000000c0000000,0x00000000c4000000)
 Metaspace       used 5891K, capacity 6834K, committed 7040K, reserved 1056768K
  class space    used 597K, capacity 618K, committed 640K, reserved 1048576K
Event: 6.175 GC heap after
Heap after GC invocations=1 (full 0):
 PSYoungGen      total 28672K, used 4073K [0x00000000eab00000, 0x00000000ee300000, 0x0000000100000000)
  eden space 24576K, 0% used [0x00000000eab00000,0x00000000eab00000,0x00000000ec300000)
  from space 4096K, 99% used [0x00000000ec300000,0x00000000ec6fa460,0x00000000ec700000)
  to   space 4096K, 0% used [0x00000000edf00000,0x00000000edf00000,0x00000000ee300000)
 ParOldGen       total 65536K, used 1189K [0x00000000c0000000, 0x00000000c4000000, 0x00000000eab00000)
  object space 65536K, 1% used [0x00000000c0000000,0x00000000c0129618,0x00000000c4000000)
 Metaspace       used 5891K, capacity 6834K, committed 7040K, reserved 1056768K
  class space    used 597K, capacity 618K, committed 640K, reserved 1048576K
}
Event: 7.720 GC heap before
{Heap before GC invocations=2 (full 0):
 PSYoungGen      total 28672K, used 28649K [0x00000000eab00000, 0x00000000ee300000, 0x0000000100000000)
  eden space 24576K, 100% used [0x00000000eab00000,0x00000000ec300000,0x00000000ec300000)
  from space 4096K, 99% used [0x00000000ec300000,0x00000000ec6fa460,0x00000000ec700000)
  to   space 4096K, 0% used [0x00000000edf00000,0x00000000edf00000,0x00000000ee300000)
 ParOldGen       total 65536K, used 1189K [0x00000000c0000000, 0x00000000c4000000, 0x00000000eab00000)
  object space 65536K, 1% used [0x00000000c0000000,0x00000000c0129618,0x00000000c4000000)
 Metaspace       used 6040K, capacity 6964K, committed 7040K, reserved 1056768K
  class space    used 601K, capacity 620K, committed 640K, reserved 1048576K
Event: 8.022 GC heap after
Heap after GC invocations=2 (full 0):
 PSYoungGen      total 53248K, used 4082K [0x00000000eab00000, 0x00000000ee300000, 0x0000000100000000)
  eden space 49152K, 0% used [0x00000000eab00000,0x00000000eab00000,0x00000000edb00000)
  from space 4096K, 99% used [0x00000000edf00000,0x00000000ee2fc9a8,0x00000000ee300000)
  to   space 4096K, 0% used [0x00000000edb00000,0x00000000edb00000,0x00000000edf00000)
 ParOldGen       total 65536K, used 4229K [0x00000000c0000000, 0x00000000c4000000, 0x00000000eab00000)
  object space 65536K, 6% used [0x00000000c0000000,0x00000000c0421670,0x00000000c4000000)
 Metaspace       used 6040K, capacity 6964K, committed 7040K, reserved 1056768K
  class space    used 601K, capacity 620K, committed 640K, reserved 1048576K
}

Deoptimization events (10 events):
Event: 9.264 Thread 0x00000000164ad800 Uncommon trap: reason=bimorphic action=maybe_recompile pc=0x00000000025cc300 method=java.util.HashMap.getNode(ILjava/lang/Object;)Ljava/util/HashMap$Node; @ 126
Event: 9.264 Thread 0x00000000164ad800 Uncommon trap: reason=bimorphic action=maybe_recompile pc=0x0000000002543258 method=java.util.HashMap.getNode(ILjava/lang/Object;)Ljava/util/HashMap$Node; @ 126
Event: 9.407 Thread 0x00000000164ad800 Uncommon trap: reason=speculate_class_check action=maybe_recompile pc=0x0000000002713c04 method=com.android.dx.util.FixedSizeList.equals(Ljava/lang/Object;)Z @ 25
Event: 9.407 Thread 0x00000000164ad800 Uncommon trap: reason=class_check action=maybe_recompile pc=0x0000000002716a48 method=java.util.Arrays.equals([Ljava/lang/Object;[Ljava/lang/Object;)Z @ 62
Event: 9.407 Thread 0x00000000164ad800 Uncommon trap: reason=speculate_class_check action=maybe_recompile pc=0x0000000002713c04 method=com.android.dx.util.FixedSizeList.equals(Ljava/lang/Object;)Z @ 25
Event: 9.407 Thread 0x00000000164ad800 Uncommon trap: reason=class_check action=maybe_recompile pc=0x0000000002716a48 method=java.util.Arrays.equals([Ljava/lang/Object;[Ljava/lang/Object;)Z @ 62
Event: 9.407 Thread 0x00000000164ad800 Uncommon trap: reason=speculate_class_check action=maybe_recompile pc=0x0000000002713c04 method=com.android.dx.util.FixedSizeList.equals(Ljava/lang/Object;)Z @ 25
Event: 9.407 Thread 0x00000000164ad800 Uncommon trap: reason=class_check action=maybe_recompile pc=0x0000000002716a48 method=java.util.Arrays.equals([Ljava/lang/Object;[Ljava/lang/Object;)Z @ 62
Event: 9.407 Thread 0x00000000164ad800 Uncommon trap: reason=speculate_class_check action=maybe_recompile pc=0x0000000002713c04 method=com.android.dx.util.FixedSizeList.equals(Ljava/lang/Object;)Z @ 25
Event: 9.407 Thread 0x00000000164ad800 Uncommon trap: reason=class_check action=maybe_recompile pc=0x0000000002716a48 method=java.util.Arrays.equals([Ljava/lang/Object;[Ljava/lang/Object;)Z @ 62

Internal exceptions (3 events):
Event: 0.139 Thread 0x0000000002231000 Exception <a 'java/lang/NoSuchMethodError': Method sun.misc.Unsafe.defineClass(Ljava/lang/String;[BII)Ljava/lang/Class; name or signature does not match> (0x00000000eab07cc0) thrown at [C:\re\workspace\8-2-build-windows-amd64-cygwin\jdk8u91\7017\hotspot\srO¶.NÕ¡?
Event: 0.139 Thread 0x0000000002231000 Exception <a 'java/lang/NoSuchMethodError': Method sun.misc.Unsafe.prefetchRead(Ljava/lang/Object;J)V name or signature does not match> (0x00000000eab07fa8) thrown at [C:\re\workspace\8-2-build-windows-amd64-cygwin\jdk8u91\7017\hotspot\src\share\vm\prims\jpûEº@
Event: 5.755 Thread 0x00000000164de000 Implicit null exception at 0x0000000002658def to 0x000000000265b061

Events (10 events):
Event: 9.407 Thread 0x00000000164ad800 Uncommon trap: trap_request=0xffffff76 fr.pc=0x0000000002713c04
Event: 9.407 Thread 0x00000000164ad800 DEOPT PACKING pc=0x0000000002713c04 sp=0x000000001873e910
Event: 9.407 Thread 0x00000000164ad800 DEOPT UNPACKING pc=0x000000000237582a sp=0x000000001873e8d0 mode 2
Event: 9.407 Thread 0x00000000164ad800 Uncommon trap: trap_request=0xffffffde fr.pc=0x0000000002716a48
Event: 9.407 Thread 0x00000000164ad800 DEOPT PACKING pc=0x0000000002716a48 sp=0x000000001873e8a0
Event: 9.407 Thread 0x00000000164ad800 DEOPT UNPACKING pc=0x000000000237582a sp=0x000000001873e840 mode 2
Event: 9.408 loading class com/android/dx/dex/code/CatchTable$Entry
Event: 9.408 loading class com/android/dx/dex/code/CatchTable$Entry done
Event: 9.409 loading class com/android/dx/util/ByteArrayAnnotatedOutput
Event: 9.409 loading class com/android/dx/util/ByteArrayAnnotatedOutput done


Dynamic libraries:
0x00007ff7ee5d0000 - 0x00007ff7ee607000 	C:\Program Files\Java\jdk1.8.0_91\bin\java.exe
0x00007ffafe150000 - 0x00007ffafe311000 	C:\Windows\SYSTEM32\ntdll.dll
0x00007ffafde60000 - 0x00007ffafdf0d000 	C:\Windows\system32\KERNEL32.DLL
0x00007ffafb280000 - 0x00007ffafb468000 	C:\Windows\system32\KERNELBASE.dll
0x00007ffafddb0000 - 0x00007ffafde57000 	C:\Windows\system32\ADVAPI32.dll
0x00007ffafcfd0000 - 0x00007ffafd06d000 	C:\Windows\system32\msvcrt.dll
0x00007ffafcf00000 - 0x00007ffafcf5b000 	C:\Windows\system32\sechost.dll
0x00007ffafcab0000 - 0x00007ffafcbcc000 	C:\Windows\system32\RPCRT4.dll
0x00007ffafcbd0000 - 0x00007ffafcd26000 	C:\Windows\system32\USER32.dll
0x00007ffafdb70000 - 0x00007ffafdcf6000 	C:\Windows\system32\GDI32.dll
0x00007ffaf6b30000 - 0x00007ffaf6da4000 	C:\Windows\WinSxS\amd64_microsoft.windows.common-controls_6595b64144ccf1df_6.0.10586.0_none_8c15ae12515e1c22\COMCTL32.dll
0x00007ffafd270000 - 0x00007ffafd4ed000 	C:\Windows\system32\combase.dll
0x00007ffafa800000 - 0x00007ffafa86a000 	C:\Windows\system32\bcryptPrimitives.dll
0x00007ffafd070000 - 0x00007ffafd0ab000 	C:\Windows\system32\IMM32.DLL
0x00000000592d0000 - 0x00000000593a2000 	C:\Program Files\Java\jdk1.8.0_91\jre\bin\msvcr100.dll
0x0000000059750000 - 0x0000000059fe3000 	C:\Program Files\Java\jdk1.8.0_91\jre\bin\server\jvm.dll
0x00007ffafce90000 - 0x00007ffafce98000 	C:\Windows\system32\PSAPI.DLL
0x00007ffae8a80000 - 0x00007ffae8a89000 	C:\Windows\SYSTEM32\WSOCK32.dll
0x00007ffafd6b0000 - 0x00007ffafd71b000 	C:\Windows\system32\WS2_32.dll
0x00007ffaf8e70000 - 0x00007ffaf8e93000 	C:\Windows\SYSTEM32\WINMM.dll
0x00007ffaf1d00000 - 0x00007ffaf1d0a000 	C:\Windows\SYSTEM32\VERSION.dll
0x00007ffaf8de0000 - 0x00007ffaf8e0c000 	C:\Windows\SYSTEM32\WINMMBASE.dll
0x00007ffafb470000 - 0x00007ffafb4b3000 	C:\Windows\system32\cfgmgr32.dll
0x0000000059740000 - 0x000000005974f000 	C:\Program Files\Java\jdk1.8.0_91\jre\bin\verify.dll
0x0000000059710000 - 0x0000000059739000 	C:\Program Files\Java\jdk1.8.0_91\jre\bin\java.dll
0x00000000596f0000 - 0x0000000059706000 	C:\Program Files\Java\jdk1.8.0_91\jre\bin\zip.dll
0x00007ffafb550000 - 0x00007ffafcaac000 	C:\Windows\system32\SHELL32.dll
0x00007ffafa870000 - 0x00007ffafaeb5000 	C:\Windows\system32\windows.storage.dll
0x00007ffafcea0000 - 0x00007ffafcef2000 	C:\Windows\system32\shlwapi.dll
0x00007ffafa7f0000 - 0x00007ffafa7ff000 	C:\Windows\system32\kernel.appcore.dll
0x00007ffafb1c0000 - 0x00007ffafb275000 	C:\Windows\system32\shcore.dll
0x00007ffafa770000 - 0x00007ffafa7bb000 	C:\Windows\system32\powrprof.dll
0x00007ffafa7c0000 - 0x00007ffafa7d4000 	C:\Windows\system32\profapi.dll

VM Arguments:
jvm_args: -Djava.awt.headless=true -Xmx1024M -Dfile.encoding=windows-1252 -Duser.country=BR -Duser.language=pt -Duser.variant 
java_command: com.android.dx.command.Main --dex --force-jumbo --num-threads=4 --multi-dex --output C:\Users\riyad\Documents\GitHub\PostBase\app\build\intermediates\transforms\dex\debug\folders\1000\10\instant-run_6d1bc7c4cc528fddf04fe20eb35cd4a380e05434 C:\Users\riyad\Documents\GitHub\PostBase\app\build\intermediates\incremental-runtime-classes\debug\instant-run.jar
java_class_path (initial): E:\Android\sdk\build-tools\24.0.0\lib\dx.jar
Launcher Type: SUN_STANDARD

Environment Variables:
PATH=C:\ProgramData\Oracle\Java\javapath;C:\Windows\system32;C:\Windows;C:\Windows\System32\Wbem;C:\Windows\System32\WindowsPowerShell\v1.0\;C:\Program Files (x86)\MySQL\MySQL Fabric 1.5 & MySQL Utilities 1.5\;C:\Program Files (x86)\MySQL\MySQL Fabric 1.5 & MySQL Utilities 1.5\Doctrine extensions for PHP\;C:\Program Files (x86)\GtkSharp\2.12\bin;C:\Program Files\Git\cmd
USERNAME=riyad
OS=Windows_NT
PROCESSOR_IDENTIFIER=Intel64 Family 6 Model 58 Stepping 9, GenuineIntel



---------------  S Y S T E M  ---------------

OS: Windows 10.0 , 64 bit Build 10586 (10.0.10586.0)

CPU:total 4 (2 cores per cpu, 2 threads per core) family 6 model 58 stepping 9, cmov, cx8, fxsr, mmx, sse, sse2, sse3, ssse3, sse4.1, sse4.2, popcnt, avx, aes, clmul, erms, ht, tsc, tscinvbit, tscinv

Memory: 4k page, physical 6186068k(1137892k free), swap 6186068k(5864k free)

vm_info: Java HotSpot(TM) 64-Bit Server VM (25.91-b15) for windows-amd64 JRE (1.8.0_91-b15), built on May 20 2016 17:43:15 by "java_re" with MS VC++ 10.0 (VS2010)

time: Tue Sep 06 16:26:27 2016
elapsed time: 9 seconds (0d 0h 0m 9s)

