#
# There is insufficient memory for the Java Runtime Environment to continue.
# Native memory allocation (malloc) failed to allocate 1048576 bytes for AllocateHeap
# Possible reasons:
#   The system is out of physical RAM or swap space
#   In 32 bit mode, the process size limit was hit
# Possible solutions:
#   Reduce memory load on the system
#   Increase physical memory or swap space
#   Check if swap backing store is full
#   Use 64 bit Java on a 64 bit OS
#   Decrease Java heap size (-Xmx/-Xms)
#   Decrease number of Java threads
#   Decrease Java thread stack sizes (-Xss)
#   Set larger code cache with -XX:ReservedCodeCacheSize=
# This output file may be truncated or incomplete.
#
#  Out of Memory Error (memory/allocation.inline.hpp:61), pid=6092, tid=364
#
# JRE version:  (8.0_91-b15) (build )
# Java VM: Java HotSpot(TM) 64-Bit Server VM (25.91-b15 mixed mode windows-amd64 compressed oops)
# Failed to write core dump. Minidumps are not enabled by default on client versions of Windows
#

---------------  T H R E A D  ---------------

Current thread (0x0000000002201000):  JavaThread "Unknown thread" [_thread_in_vm, id=364, stack(0x0000000002100000,0x0000000002200000)]

Stack: [0x0000000002100000,0x0000000002200000]
[error occurred during error reporting (printing stack bounds), id 0xc0000005]

Native frames: (J=compiled Java code, j=interpreted, Vv=VM code, C=native code)


---------------  P R O C E S S  ---------------

Java Threads: ( => current thread )

Other Threads:

=>0x0000000002201000 (exited) JavaThread "Unknown thread" [_thread_in_vm, id=364, stack(0x0000000002100000,0x0000000002200000)]

VM state:not at safepoint (normal execution)

VM Mutex/Monitor currently owned by a thread: None

Heap:
 PSYoungGen      total 28672K, used 491K [0x00000000eab00000, 0x00000000ecb00000, 0x0000000100000000)
  eden space 24576K, 2% used [0x00000000eab00000,0x00000000eab7ae20,0x00000000ec300000)
  from space 4096K, 0% used [0x00000000ec700000,0x00000000ec700000,0x00000000ecb00000)
  to   space 4096K, 0% used [0x00000000ec300000,0x00000000ec300000,0x00000000ec700000)
 ParOldGen       total 65536K, used 0K [0x00000000c0000000, 0x00000000c4000000, 0x00000000eab00000)
  object space 65536K, 0% used [0x00000000c0000000,0x00000000c0000000,0x00000000c4000000)
 Metaspace       used 769K, capacity 4480K, committed 4480K, reserved 1056768K
  class space    used 75K, capacity 384K, committed 384K, reserved 1048576K

Card table byte_map: [0x00000000116c0000,0x00000000118d0000] byte_map_base: 0x00000000110c0000

Marking Bits: (ParMarkBitMap*) 0x000000005e202f70
 Begin Bits: [0x0000000011e30000, 0x0000000012e30000)
 End Bits:   [0x0000000012e30000, 0x0000000013e30000)

Polling page: 0x0000000000500000

CodeCache: size=245760Kb used=328Kb max_used=328Kb free=245431Kb
 bounds [0x0000000002300000, 0x0000000002570000, 0x0000000011300000]
 total_blobs=58 nmethods=0 adapters=38
 compilation: enabled

Compilation events (0 events):
No events

GC Heap History (0 events):
No events

Deoptimization events (0 events):
No events

Internal exceptions (0 events):
No events

Events (10 events):
Event: 0.029 loading class java/lang/Short
Event: 0.029 loading class java/lang/Short done
Event: 0.029 loading class java/lang/Integer
Event: 0.030 loading class java/lang/Integer done
Event: 0.030 loading class java/lang/Long
Event: 0.030 loading class java/lang/Long done
Event: 0.031 loading class java/lang/NullPointerException
Event: 0.031 loading class java/lang/NullPointerException done
Event: 0.031 loading class java/lang/ArithmeticException
Event: 0.031 loading class java/lang/ArithmeticException done


Dynamic libraries:
0x00007ff7e1210000 - 0x00007ff7e1247000 	C:\Program Files\Java\jdk1.8.0_91\bin\java.exe
0x00007ff891020000 - 0x00007ff8911e1000 	C:\Windows\SYSTEM32\ntdll.dll
0x00007ff890240000 - 0x00007ff8902ed000 	C:\Windows\system32\KERNEL32.DLL
0x00007ff88d950000 - 0x00007ff88db38000 	C:\Windows\system32\KERNELBASE.dll
0x00007ff890f70000 - 0x00007ff891017000 	C:\Windows\system32\ADVAPI32.dll
0x00007ff8908a0000 - 0x00007ff89093d000 	C:\Windows\system32\msvcrt.dll
0x00007ff88e600000 - 0x00007ff88e65b000 	C:\Windows\system32\sechost.dll
0x00007ff890710000 - 0x00007ff89082c000 	C:\Windows\system32\RPCRT4.dll
0x00007ff8903b0000 - 0x00007ff890506000 	C:\Windows\system32\USER32.dll
0x00007ff890510000 - 0x00007ff890696000 	C:\Windows\system32\GDI32.dll
0x00007ff889df0000 - 0x00007ff88a064000 	C:\Windows\WinSxS\amd64_microsoft.windows.common-controls_6595b64144ccf1df_6.0.10586.0_none_8c15ae12515e1c22\COMCTL32.dll
0x00007ff88fe40000 - 0x00007ff8900bd000 	C:\Windows\system32\combase.dll
0x00007ff88e190000 - 0x00007ff88e1fa000 	C:\Windows\system32\bcryptPrimitives.dll
0x00007ff890d80000 - 0x00007ff890dbb000 	C:\Windows\system32\IMM32.DLL
0x000000005d570000 - 0x000000005d642000 	C:\Program Files\Java\jdk1.8.0_91\jre\bin\msvcr100.dll
0x000000005d9f0000 - 0x000000005e283000 	C:\Program Files\Java\jdk1.8.0_91\jre\bin\server\jvm.dll
0x00007ff890d70000 - 0x00007ff890d78000 	C:\Windows\system32\PSAPI.DLL
0x00007ff88bd70000 - 0x00007ff88bd93000 	C:\Windows\SYSTEM32\WINMM.dll
0x00007ff8849f0000 - 0x00007ff8849fa000 	C:\Windows\SYSTEM32\VERSION.dll
0x00007ff88bcb0000 - 0x00007ff88bcdc000 	C:\Windows\SYSTEM32\winmmbase.dll
0x00007ff88e2c0000 - 0x00007ff88e303000 	C:\Windows\system32\cfgmgr32.dll
0x00007ff87be40000 - 0x00007ff87be49000 	C:\Windows\SYSTEM32\WSOCK32.dll
0x00007ff890830000 - 0x00007ff89089b000 	C:\Windows\system32\WS2_32.dll
0x000000005d9e0000 - 0x000000005d9ef000 	C:\Program Files\Java\jdk1.8.0_91\jre\bin\verify.dll
0x000000005d9b0000 - 0x000000005d9d9000 	C:\Program Files\Java\jdk1.8.0_91\jre\bin\java.dll
0x000000005d990000 - 0x000000005d9a6000 	C:\Program Files\Java\jdk1.8.0_91\jre\bin\zip.dll

VM Arguments:
jvm_args: -Djava.awt.headless=true -Xmx1024M -Dfile.encoding=windows-1252 -Duser.country=BR -Duser.language=pt -Duser.variant 
java_command: com.android.dx.command.Main --dex --force-jumbo --num-threads=4 --output C:\Users\riyad\Documents\GitHub\PostBase\app\build\intermediates\pre-dexed\debug\com.android.support-cardview-v7-21.0.3_3b86207c603cf2eb3b9d5a23221cd993054a669c.jar C:\Users\riyad\Documents\GitHub\PostBase\app\build\intermediates\exploded-aar\com.android.support\cardview-v7\21.0.3\jars\classes.jar
java_class_path (initial): E:\Android\sdk\build-tools\24.0.0\lib\dx.jar
Launcher Type: SUN_STANDARD

Environment Variables:
PATH=C:\Program Files (x86)\Intel\iCLS Client\;C:\Program Files\Intel\iCLS Client\;C:\ProgramData\Oracle\Java\javapath;C:\Windows\system32;C:\Windows;C:\Windows\System32\Wbem;C:\Windows\System32\WindowsPowerShell\v1.0\;C:\Program Files (x86)\MySQL\MySQL Fabric 1.5 & MySQL Utilities 1.5\;C:\Program Files (x86)\MySQL\MySQL Fabric 1.5 & MySQL Utilities 1.5\Doctrine extensions for PHP\;C:\Program Files (x86)\GtkSharp\2.12\bin;C:\Program Files\Git\cmd;C:\Program Files (x86)\Intel\Intel(R) Management Engine Components\DAL;C:\Program Files\Intel\Intel(R) Management Engine Components\DAL;C:\Program Files (x86)\Intel\Intel(R) Management Engine Components\IPT;C:\Program Files\Intel\Intel(R) Management Engine Components\IPT
USERNAME=riyad
OS=Windows_NT
PROCESSOR_IDENTIFIER=Intel64 Family 6 Model 58 Stepping 9, GenuineIntel



---------------  S Y S T E M  ---------------

OS: Windows 10.0 , 64 bit Build 10586 (10.0.10586.0)

CPU:total 4 (2 cores per cpu, 2 threads per core) family 6 model 58 stepping 9, cmov, cx8, fxsr, mmx, sse, sse2, sse3, ssse3, sse4.1, sse4.2, popcnt, avx, aes, clmul, erms, ht, tsc, tscinvbit, tscinv

Memory: 4k page, physical 6186068k(1419972k free), swap 6186068k(5388k free)

vm_info: Java HotSpot(TM) 64-Bit Server VM (25.91-b15) for windows-amd64 JRE (1.8.0_91-b15), built on May 20 2016 17:43:15 by "java_re" with MS VC++ 10.0 (VS2010)

time: Thu Sep 22 06:19:10 2016
elapsed time: 0 seconds (0d 0h 0m 0s)

