#
# There is insufficient memory for the Java Runtime Environment to continue.
# Native memory allocation (malloc) failed to allocate 480104 bytes for AllocateHeap
# Possible reasons:
#   The system is out of physical RAM or swap space
#   In 32 bit mode, the process size limit was hit
# Possible solutions:
#   Reduce memory load on the system
#   Increase physical memory or swap space
#   Check if swap backing store is full
#   Use 64 bit Java on a 64 bit OS
#   Decrease Java heap size (-Xmx/-Xms)
#   Decrease number of Java threads
#   Decrease Java thread stack sizes (-Xss)
#   Set larger code cache with -XX:ReservedCodeCacheSize=
# This output file may be truncated or incomplete.
#
#  Out of Memory Error (memory/allocation.inline.hpp:61), pid=6492, tid=6400
#
# JRE version:  (8.0_91-b15) (build )
# Java VM: Java HotSpot(TM) 64-Bit Server VM (25.91-b15 mixed mode windows-amd64 compressed oops)
# Failed to write core dump. Minidumps are not enabled by default on client versions of Windows
#

---------------  T H R E A D  ---------------

Current thread (0x0000000002151000):  JavaThread "Unknown thread" [_thread_in_vm, id=6400, stack(0x0000000002050000,0x0000000002150000)]

Stack: [0x0000000002050000,0x0000000002150000]
[error occurred during error reporting (printing stack bounds), id 0xc0000005]

Native frames: (J=compiled Java code, j=interpreted, Vv=VM code, C=native code)


---------------  P R O C E S S  ---------------

Java Threads: ( => current thread )

Other Threads:

=>0x0000000002151000 (exited) JavaThread "Unknown thread" [_thread_in_vm, id=6400, stack(0x0000000002050000,0x0000000002150000)]

VM state:not at safepoint (not fully initialized)

VM Mutex/Monitor currently owned by a thread: None

GC Heap History (0 events):
No events

Deoptimization events (0 events):
No events

Internal exceptions (0 events):
No events

Events (0 events):
No events


Dynamic libraries:
0x00007ff7d3b70000 - 0x00007ff7d3ba7000 	C:\Program Files\Java\jdk1.8.0_91\bin\java.exe
0x00007ffd61bc0000 - 0x00007ffd61d81000 	C:\Windows\SYSTEM32\ntdll.dll
0x00007ffd61a40000 - 0x00007ffd61aed000 	C:\Windows\system32\KERNEL32.DLL
0x00007ffd5e470000 - 0x00007ffd5e658000 	C:\Windows\system32\KERNELBASE.dll
0x00007ffd5f380000 - 0x00007ffd5f427000 	C:\Windows\system32\ADVAPI32.dll
0x00007ffd61230000 - 0x00007ffd612cd000 	C:\Windows\system32\msvcrt.dll
0x00007ffd611c0000 - 0x00007ffd6121b000 	C:\Windows\system32\sechost.dll
0x00007ffd5fb30000 - 0x00007ffd5fc4c000 	C:\Windows\system32\RPCRT4.dll
0x00007ffd5f020000 - 0x00007ffd5f176000 	C:\Windows\system32\USER32.dll
0x00007ffd61700000 - 0x00007ffd61886000 	C:\Windows\system32\GDI32.dll
0x00007ffd58310000 - 0x00007ffd58584000 	C:\Windows\WinSxS\amd64_microsoft.windows.common-controls_6595b64144ccf1df_6.0.10586.0_none_8c15ae12515e1c22\COMCTL32.dll
0x00007ffd613a0000 - 0x00007ffd6161d000 	C:\Windows\system32\combase.dll
0x00007ffd5e830000 - 0x00007ffd5e89a000 	C:\Windows\system32\bcryptPrimitives.dll
0x00007ffd61b10000 - 0x00007ffd61b4b000 	C:\Windows\system32\IMM32.DLL
0x0000000067fa0000 - 0x0000000068072000 	C:\Program Files\Java\jdk1.8.0_91\jre\bin\msvcr100.dll
0x0000000068420000 - 0x0000000068cb3000 	C:\Program Files\Java\jdk1.8.0_91\jre\bin\server\jvm.dll
0x00007ffd61220000 - 0x00007ffd61228000 	C:\Windows\system32\PSAPI.DLL
0x00007ffd4a450000 - 0x00007ffd4a459000 	C:\Windows\SYSTEM32\WSOCK32.dll
0x00007ffd61620000 - 0x00007ffd6168b000 	C:\Windows\system32\WS2_32.dll
0x00007ffd5c730000 - 0x00007ffd5c753000 	C:\Windows\SYSTEM32\WINMM.dll
0x00007ffd53f90000 - 0x00007ffd53f9a000 	C:\Windows\SYSTEM32\VERSION.dll
0x00007ffd5c700000 - 0x00007ffd5c72c000 	C:\Windows\SYSTEM32\WINMMBASE.dll
0x00007ffd5e270000 - 0x00007ffd5e2b3000 	C:\Windows\system32\cfgmgr32.dll
0x0000000068410000 - 0x000000006841f000 	C:\Program Files\Java\jdk1.8.0_91\jre\bin\verify.dll
0x00000000683e0000 - 0x0000000068409000 	C:\Program Files\Java\jdk1.8.0_91\jre\bin\java.dll
0x00000000683c0000 - 0x00000000683d6000 	C:\Program Files\Java\jdk1.8.0_91\jre\bin\zip.dll

VM Arguments:
jvm_args: -Djava.awt.headless=true -Xmx1024M -Dfile.encoding=windows-1252 -Duser.country=BR -Duser.language=pt -Duser.variant 
java_command: com.android.dx.command.Main --dex --force-jumbo --num-threads=4 --multi-dex --output C:\Users\riyad\Documents\GitHub\PostBase\app\build\intermediates\transforms\dex\debug\folders\1000\5\slice_9 C:\Users\riyad\Documents\GitHub\PostBase\app\build\intermediates\transforms\instantRunSlicer\debug\folders\1\5\slice_9
java_class_path (initial): E:\Android\sdk\build-tools\24.0.0\lib\dx.jar
Launcher Type: SUN_STANDARD

Environment Variables:
PATH=C:\ProgramData\Oracle\Java\javapath;C:\Windows\system32;C:\Windows;C:\Windows\System32\Wbem;C:\Windows\System32\WindowsPowerShell\v1.0\;C:\Program Files (x86)\MySQL\MySQL Fabric 1.5 & MySQL Utilities 1.5\;C:\Program Files (x86)\MySQL\MySQL Fabric 1.5 & MySQL Utilities 1.5\Doctrine extensions for PHP\;C:\Program Files (x86)\GtkSharp\2.12\bin;C:\Program Files\Git\cmd
USERNAME=riyad
OS=Windows_NT
PROCESSOR_IDENTIFIER=Intel64 Family 6 Model 58 Stepping 9, GenuineIntel



---------------  S Y S T E M  ---------------

OS: Windows 10.0 , 64 bit Build 10586 (10.0.10586.0)

CPU:total 4 (2 cores per cpu, 2 threads per core) family 6 model 58 stepping 9, cmov, cx8, fxsr, mmx, sse, sse2, sse3, ssse3, sse4.1, sse4.2, popcnt, avx, aes, clmul, erms, ht, tsc, tscinvbit, tscinv

Memory: 4k page, physical 6186068k(1083532k free), swap 6186068k(4092k free)

vm_info: Java HotSpot(TM) 64-Bit Server VM (25.91-b15) for windows-amd64 JRE (1.8.0_91-b15), built on May 20 2016 17:43:15 by "java_re" with MS VC++ 10.0 (VS2010)

time: Mon Aug 29 16:40:01 2016
elapsed time: 0 seconds (0d 0h 0m 0s)

