#
# There is insufficient memory for the Java Runtime Environment to continue.
# Native memory allocation (malloc) failed to allocate 175296 bytes for Chunk::new
# Possible reasons:
#   The system is out of physical RAM or swap space
#   In 32 bit mode, the process size limit was hit
# Possible solutions:
#   Reduce memory load on the system
#   Increase physical memory or swap space
#   Check if swap backing store is full
#   Use 64 bit Java on a 64 bit OS
#   Decrease Java heap size (-Xmx/-Xms)
#   Decrease number of Java threads
#   Decrease Java thread stack sizes (-Xss)
#   Set larger code cache with -XX:ReservedCodeCacheSize=
# This output file may be truncated or incomplete.
#
#  Out of Memory Error (allocation.cpp:390), pid=5632, tid=6560
#
# JRE version: Java(TM) SE Runtime Environment (8.0_91-b15) (build 1.8.0_91-b15)
# Java VM: Java HotSpot(TM) 64-Bit Server VM (25.91-b15 mixed mode windows-amd64 compressed oops)
# Failed to write core dump. Minidumps are not enabled by default on client versions of Windows
#

---------------  T H R E A D  ---------------

Current thread (0x00000000148ed800):  JavaThread "C2 CompilerThread0" daemon [_thread_in_native, id=6560, stack(0x0000000015f40000,0x0000000016040000)]

Stack: [0x0000000015f40000,0x0000000016040000]
[error occurred during error reporting (printing stack bounds), id 0xc0000005]

Native frames: (J=compiled Java code, j=interpreted, Vv=VM code, C=native code)


Current CompileTask:
C2:   3365 1126       4       com.android.dx.ssa.SsaRenamer$BlockRenamer::addMapping (143 bytes)


---------------  P R O C E S S  ---------------

Java Threads: ( => current thread )
  0x00000000164e9800 JavaThread "pool-1-thread-4" [_thread_in_Java, id=6944, stack(0x0000000016c40000,0x0000000016d40000)]
  0x00000000164e9000 JavaThread "pool-1-thread-3" [_thread_in_Java, id=6704, stack(0x0000000016b40000,0x0000000016c40000)]
  0x00000000164e5000 JavaThread "pool-1-thread-2" [_thread_blocked, id=6676, stack(0x0000000016a40000,0x0000000016b40000)]
  0x00000000164e2000 JavaThread "pool-2-thread-1" [_thread_blocked, id=2360, stack(0x0000000016940000,0x0000000016a40000)]
  0x00000000164e1800 JavaThread "pool-1-thread-1" [_thread_in_Java, id=5704, stack(0x0000000016840000,0x0000000016940000)]
  0x000000001494d800 JavaThread "Service Thread" daemon [_thread_blocked, id=5672, stack(0x0000000016640000,0x0000000016740000)]
  0x000000001494a800 JavaThread "C1 CompilerThread2" daemon [_thread_blocked, id=3132, stack(0x0000000016140000,0x0000000016240000)]
  0x0000000014946000 JavaThread "C2 CompilerThread1" daemon [_thread_in_native, id=6708, stack(0x0000000016040000,0x0000000016140000)]
=>0x00000000148ed800 JavaThread "C2 CompilerThread0" daemon [_thread_in_native, id=6560, stack(0x0000000015f40000,0x0000000016040000)]
  0x00000000148eb000 JavaThread "Attach Listener" daemon [_thread_blocked, id=4224, stack(0x0000000015e40000,0x0000000015f40000)]
  0x00000000148e9800 JavaThread "Signal Dispatcher" daemon [_thread_blocked, id=7108, stack(0x0000000015d40000,0x0000000015e40000)]
  0x00000000148da800 JavaThread "Finalizer" daemon [_thread_blocked, id=5272, stack(0x0000000015b40000,0x0000000015c40000)]
  0x000000000220f000 JavaThread "Reference Handler" daemon [_thread_blocked, id=7140, stack(0x0000000015a40000,0x0000000015b40000)]
  0x0000000002121000 JavaThread "main" [_thread_blocked, id=6500, stack(0x0000000001f20000,0x0000000002020000)]

Other Threads:
  0x00000000148b8000 VMThread [stack: 0x0000000015940000,0x0000000015a40000] [id=3532]
  0x0000000016245800 WatcherThread [stack: 0x0000000016740000,0x0000000016840000] [id=6376]

VM state:not at safepoint (normal execution)

VM Mutex/Monitor currently owned by a thread: None

Heap:
 PSYoungGen      total 28672K, used 9192K [0x00000000eab00000, 0x00000000ee300000, 0x0000000100000000)
  eden space 24576K, 20% used [0x00000000eab00000,0x00000000eb0019b0,0x00000000ec300000)
  from space 4096K, 99% used [0x00000000ec300000,0x00000000ec6f86d8,0x00000000ec700000)
  to   space 4096K, 0% used [0x00000000edf00000,0x00000000edf00000,0x00000000ee300000)
 ParOldGen       total 65536K, used 818K [0x00000000c0000000, 0x00000000c4000000, 0x00000000eab00000)
  object space 65536K, 1% used [0x00000000c0000000,0x00000000c00ccab8,0x00000000c4000000)
 Metaspace       used 5983K, capacity 6898K, committed 7040K, reserved 1056768K
  class space    used 604K, capacity 618K, committed 640K, reserved 1048576K

Card table byte_map: [0x00000000115e0000,0x00000000117f0000] byte_map_base: 0x0000000010fe0000

Marking Bits: (ParMarkBitMap*) 0x000000006f942f70
 Begin Bits: [0x0000000011d50000, 0x0000000012d50000)
 End Bits:   [0x0000000012d50000, 0x0000000013d50000)

Polling page: 0x0000000000700000

CodeCache: size=245760Kb used=4472Kb max_used=4472Kb free=241287Kb
 bounds [0x0000000002220000, 0x0000000002690000, 0x0000000011220000]
 total_blobs=1404 nmethods=1135 adapters=182
 compilation: enabled

Compilation events (10 events):
Event: 3.359 Thread 0x000000001494a800 1136       3       com.android.dx.rop.cst.CstMethodRef::<init> (7 bytes)
Event: 3.360 Thread 0x000000001494a800 nmethod 1136 0x000000000267d790 code [0x000000000267d920, 0x000000000267dd38]
Event: 3.360 Thread 0x000000001494a800 1138       3       com.android.dx.rop.code.RegisterSpecList::getType (12 bytes)
Event: 3.360 Thread 0x000000001494a800 nmethod 1138 0x000000000267ded0 code [0x000000000267e060, 0x000000000267e6b8]
Event: 3.360 Thread 0x000000001494a800 1140       3       java.util.HashMap::<init> (98 bytes)
Event: 3.361 Thread 0x000000001494a800 nmethod 1140 0x000000000267e890 code [0x000000000267eb20, 0x000000000267fd08]
Event: 3.361 Thread 0x000000001494a800 1141       3       java.util.HashMap::<init> (8 bytes)
Event: 3.362 Thread 0x000000001494a800 nmethod 1141 0x0000000002680510 code [0x00000000026806a0, 0x0000000002680828]
Event: 3.362 Thread 0x000000001494a800 1137       3       com.android.dx.rop.code.Rops::opGetField (97 bytes)
Event: 3.363 Thread 0x000000001494a800 nmethod 1137 0x00000000026808d0 code [0x0000000002680b00, 0x0000000002681778]

GC Heap History (2 events):
Event: 3.245 GC heap before
{Heap before GC invocations=1 (full 0):
 PSYoungGen      total 28672K, used 24576K [0x00000000eab00000, 0x00000000ecb00000, 0x0000000100000000)
  eden space 24576K, 100% used [0x00000000eab00000,0x00000000ec300000,0x00000000ec300000)
  from space 4096K, 0% used [0x00000000ec700000,0x00000000ec700000,0x00000000ecb00000)
  to   space 4096K, 0% used [0x00000000ec300000,0x00000000ec300000,0x00000000ec700000)
 ParOldGen       total 65536K, used 0K [0x00000000c0000000, 0x00000000c4000000, 0x00000000eab00000)
  object space 65536K, 0% used [0x00000000c0000000,0x00000000c0000000,0x00000000c4000000)
 Metaspace       used 5934K, capacity 6834K, committed 7040K, reserved 1056768K
  class space    used 603K, capacity 618K, committed 640K, reserved 1048576K
Event: 3.294 GC heap after
Heap after GC invocations=1 (full 0):
 PSYoungGen      total 28672K, used 4065K [0x00000000eab00000, 0x00000000ee300000, 0x0000000100000000)
  eden space 24576K, 0% used [0x00000000eab00000,0x00000000eab00000,0x00000000ec300000)
  from space 4096K, 99% used [0x00000000ec300000,0x00000000ec6f86d8,0x00000000ec700000)
  to   space 4096K, 0% used [0x00000000edf00000,0x00000000edf00000,0x00000000ee300000)
 ParOldGen       total 65536K, used 818K [0x00000000c0000000, 0x00000000c4000000, 0x00000000eab00000)
  object space 65536K, 1% used [0x00000000c0000000,0x00000000c00ccab8,0x00000000c4000000)
 Metaspace       used 5934K, capacity 6834K, committed 7040K, reserved 1056768K
  class space    used 603K, capacity 618K, committed 640K, reserved 1048576K
}

Deoptimization events (3 events):
Event: 1.378 Thread 0x0000000002121000 Uncommon trap: reason=unstable_if action=reinterpret pc=0x00000000023718d4 method=java.lang.String.compareTo(Ljava/lang/String;)I @ 38
Event: 3.242 Thread 0x00000000164e1800 Uncommon trap: reason=unstable_if action=reinterpret pc=0x00000000026303ac method=com.android.dx.rop.code.RegisterSpecSet.put(Lcom/android/dx/rop/code/RegisterSpec;)V @ 77
Event: 3.345 Thread 0x00000000164e9000 Uncommon trap: reason=unstable_if action=reinterpret pc=0x0000000002607c20 method=com.android.dx.rop.code.RegisterSpec.equals(ILcom/android/dx/rop/type/TypeBearer;Lcom/android/dx/rop/code/LocalItem;)Z @ 42

Internal exceptions (2 events):
Event: 0.621 Thread 0x0000000002121000 Exception <a 'java/lang/NoSuchMethodError': Method sun.misc.Unsafe.defineClass(Ljava/lang/String;[BII)Ljava/lang/Class; name or signature does not match> (0x00000000eab07cc0) thrown at [C:\re\workspace\8-2-build-windows-amd64-cygwin\jdk8u91\7017\hotspot\srÌ¡›˚„„?
Event: 0.622 Thread 0x0000000002121000 Exception <a 'java/lang/NoSuchMethodError': Method sun.misc.Unsafe.prefetchRead(Ljava/lang/Object;J)V name or signature does not match> (0x00000000eab07fa8) thrown at [C:\re\workspace\8-2-build-windows-amd64-cygwin\jdk8u91\7017\hotspot\src\share\vm\prims\j

Events (10 events):
Event: 3.242 Thread 0x00000000164e1800 Uncommon trap: trap_request=0xffffff65 fr.pc=0x00000000026303ac
Event: 3.242 Thread 0x00000000164e1800 DEOPT PACKING pc=0x00000000026303ac sp=0x000000001693eb50
Event: 3.242 Thread 0x00000000164e1800 DEOPT UNPACKING pc=0x000000000226582a sp=0x000000001693ead8 mode 2
Event: 3.245 Executing VM operation: ParallelGCFailedAllocation
Event: 3.294 Executing VM operation: ParallelGCFailedAllocation done
Event: 3.331 loading class java/util/DualPivotQuicksort
Event: 3.331 loading class java/util/DualPivotQuicksort done
Event: 3.345 Thread 0x00000000164e9000 Uncommon trap: trap_request=0xffffff65 fr.pc=0x0000000002607c20
Event: 3.345 Thread 0x00000000164e9000 DEOPT PACKING pc=0x0000000002607c20 sp=0x0000000016c3e6d0
Event: 3.345 Thread 0x00000000164e9000 DEOPT UNPACKING pc=0x000000000226582a sp=0x0000000016c3e658 mode 2


Dynamic libraries:
0x00007ff74a660000 - 0x00007ff74a697000 	C:\Program Files\Java\jdk1.8.0_91\bin\java.exe
0x00007ffdeee20000 - 0x00007ffdeefe1000 	C:\Windows\SYSTEM32\ntdll.dll
0x00007ffdecac0000 - 0x00007ffdecb6d000 	C:\Windows\system32\KERNEL32.DLL
0x00007ffdebf10000 - 0x00007ffdec0f8000 	C:\Windows\system32\KERNELBASE.dll
0x00007ffded170000 - 0x00007ffded217000 	C:\Windows\system32\ADVAPI32.dll
0x00007ffdecb80000 - 0x00007ffdecc1d000 	C:\Windows\system32\msvcrt.dll
0x00007ffdeead0000 - 0x00007ffdeeb2b000 	C:\Windows\system32\sechost.dll
0x00007ffdec9a0000 - 0x00007ffdecabc000 	C:\Windows\system32\RPCRT4.dll
0x00007ffdeecc0000 - 0x00007ffdeee16000 	C:\Windows\system32\USER32.dll
0x00007ffdeeb30000 - 0x00007ffdeecb6000 	C:\Windows\system32\GDI32.dll
0x00007ffde79e0000 - 0x00007ffde7c54000 	C:\Windows\WinSxS\amd64_microsoft.windows.common-controls_6595b64144ccf1df_6.0.10586.0_none_8c15ae12515e1c22\COMCTL32.dll
0x00007ffdee7f0000 - 0x00007ffdeea6d000 	C:\Windows\system32\combase.dll
0x00007ffdec1b0000 - 0x00007ffdec21a000 	C:\Windows\system32\bcryptPrimitives.dll
0x00007ffdecd80000 - 0x00007ffdecdbb000 	C:\Windows\system32\IMM32.DLL
0x000000006ecb0000 - 0x000000006ed82000 	C:\Program Files\Java\jdk1.8.0_91\jre\bin\msvcr100.dll
0x000000006f130000 - 0x000000006f9c3000 	C:\Program Files\Java\jdk1.8.0_91\jre\bin\server\jvm.dll
0x00007ffdec990000 - 0x00007ffdec998000 	C:\Windows\system32\PSAPI.DLL
0x00007ffdda110000 - 0x00007ffdda119000 	C:\Windows\SYSTEM32\WSOCK32.dll
0x00007ffded220000 - 0x00007ffded28b000 	C:\Windows\system32\WS2_32.dll
0x00007ffde9b20000 - 0x00007ffde9b43000 	C:\Windows\SYSTEM32\WINMM.dll
0x00007ffde2ce0000 - 0x00007ffde2cea000 	C:\Windows\SYSTEM32\VERSION.dll
0x00007ffde9810000 - 0x00007ffde983c000 	C:\Windows\SYSTEM32\WINMMBASE.dll
0x00007ffdec160000 - 0x00007ffdec1a3000 	C:\Windows\system32\cfgmgr32.dll
0x000000006f120000 - 0x000000006f12f000 	C:\Program Files\Java\jdk1.8.0_91\jre\bin\verify.dll
0x000000006f0f0000 - 0x000000006f119000 	C:\Program Files\Java\jdk1.8.0_91\jre\bin\java.dll
0x000000006f0d0000 - 0x000000006f0e6000 	C:\Program Files\Java\jdk1.8.0_91\jre\bin\zip.dll
0x00007ffded290000 - 0x00007ffdee7ec000 	C:\Windows\system32\SHELL32.dll
0x00007ffdeb620000 - 0x00007ffdebc65000 	C:\Windows\system32\windows.storage.dll
0x00007ffdeea70000 - 0x00007ffdeeac2000 	C:\Windows\system32\shlwapi.dll
0x00007ffdeb4c0000 - 0x00007ffdeb4cf000 	C:\Windows\system32\kernel.appcore.dll
0x00007ffdeb4d0000 - 0x00007ffdeb585000 	C:\Windows\system32\shcore.dll
0x00007ffdeb460000 - 0x00007ffdeb4ab000 	C:\Windows\system32\powrprof.dll
0x00007ffdeb440000 - 0x00007ffdeb454000 	C:\Windows\system32\profapi.dll

VM Arguments:
jvm_args: -Djava.awt.headless=true -Xmx1024M -Dfile.encoding=windows-1252 -Duser.country=BR -Duser.language=pt -Duser.variant 
java_command: com.android.dx.command.Main --dex --force-jumbo --num-threads=4 --output C:\Users\riyad\Documents\GitHub\PostBase\app\build\intermediates\pre-dexed\debug\com.android.support-appcompat-v7-23.4.0_83a9b03ed30bb53b80ca10bfa926b8af4723fc01.jar C:\Users\riyad\Documents\GitHub\PostBase\app\build\intermediates\exploded-aar\com.android.support\appcompat-v7\23.4.0\jars\classes.jar
java_class_path (initial): E:\Android\sdk\build-tools\24.0.0\lib\dx.jar
Launcher Type: SUN_STANDARD

Environment Variables:
PATH=C:\Program Files (x86)\Intel\iCLS Client\;C:\Program Files\Intel\iCLS Client\;C:\ProgramData\Oracle\Java\javapath;C:\Windows\system32;C:\Windows;C:\Windows\System32\Wbem;C:\Windows\System32\WindowsPowerShell\v1.0\;C:\Program Files (x86)\MySQL\MySQL Fabric 1.5 & MySQL Utilities 1.5\;C:\Program Files (x86)\MySQL\MySQL Fabric 1.5 & MySQL Utilities 1.5\Doctrine extensions for PHP\;C:\Program Files (x86)\GtkSharp\2.12\bin;C:\Program Files\Git\cmd;C:\Program Files (x86)\Intel\Intel(R) Management Engine Components\DAL;C:\Program Files\Intel\Intel(R) Management Engine Components\DAL;C:\Program Files (x86)\Intel\Intel(R) Management Engine Components\IPT;C:\Program Files\Intel\Intel(R) Management Engine Components\IPT
USERNAME=riyad
OS=Windows_NT
PROCESSOR_IDENTIFIER=Intel64 Family 6 Model 58 Stepping 9, GenuineIntel



---------------  S Y S T E M  ---------------

OS: Windows 10.0 , 64 bit Build 10586 (10.0.10586.0)

CPU:total 4 (2 cores per cpu, 2 threads per core) family 6 model 58 stepping 9, cmov, cx8, fxsr, mmx, sse, sse2, sse3, ssse3, sse4.1, sse4.2, popcnt, avx, aes, clmul, erms, ht, tsc, tscinvbit, tscinv

Memory: 4k page, physical 6186068k(1174460k free), swap 6186068k(5424k free)

vm_info: Java HotSpot(TM) 64-Bit Server VM (25.91-b15) for windows-amd64 JRE (1.8.0_91-b15), built on May 20 2016 17:43:15 by "java_re" with MS VC++ 10.0 (VS2010)

time: Mon Sep 26 13:55:18 2016
elapsed time: 3 seconds (0d 0h 0m 3s)

