#
# There is insufficient memory for the Java Runtime Environment to continue.
# Native memory allocation (malloc) failed to allocate 1436416 bytes for Chunk::new
# Possible reasons:
#   The system is out of physical RAM or swap space
#   In 32 bit mode, the process size limit was hit
# Possible solutions:
#   Reduce memory load on the system
#   Increase physical memory or swap space
#   Check if swap backing store is full
#   Use 64 bit Java on a 64 bit OS
#   Decrease Java heap size (-Xmx/-Xms)
#   Decrease number of Java threads
#   Decrease Java thread stack sizes (-Xss)
#   Set larger code cache with -XX:ReservedCodeCacheSize=
# This output file may be truncated or incomplete.
#
#  Out of Memory Error (allocation.cpp:390), pid=3168, tid=4476
#
# JRE version: Java(TM) SE Runtime Environment (8.0_91-b15) (build 1.8.0_91-b15)
# Java VM: Java HotSpot(TM) 64-Bit Server VM (25.91-b15 mixed mode windows-amd64 compressed oops)
# Failed to write core dump. Minidumps are not enabled by default on client versions of Windows
#

---------------  T H R E A D  ---------------

Current thread (0x0000000014ad0000):  JavaThread "C2 CompilerThread1" daemon [_thread_in_native, id=4476, stack(0x0000000016220000,0x0000000016320000)]

Stack: [0x0000000016220000,0x0000000016320000]
[error occurred during error reporting (printing stack bounds), id 0xc0000005]

Native frames: (J=compiled Java code, j=interpreted, Vv=VM code, C=native code)


Current CompileTask:
C2:   1759 1127   !   4       com.android.dx.cf.cst.ConstantPoolParser::parse0 (731 bytes)


---------------  P R O C E S S  ---------------

Java Threads: ( => current thread )
  0x0000000016587000 JavaThread "pool-1-thread-4" [_thread_in_Java, id=4628, stack(0x0000000016e20000,0x0000000016f20000)]
  0x000000001657f000 JavaThread "pool-1-thread-2" [_thread_in_Java, id=3588, stack(0x0000000016c20000,0x0000000016d20000)]
  0x000000001654c800 JavaThread "pool-2-thread-1" [_thread_blocked, id=5028, stack(0x0000000016b20000,0x0000000016c20000)]
  0x0000000016450800 JavaThread "Service Thread" daemon [_thread_blocked, id=5420, stack(0x0000000016820000,0x0000000016920000)]
  0x0000000014ad5000 JavaThread "C1 CompilerThread2" daemon [_thread_blocked, id=4436, stack(0x0000000016320000,0x0000000016420000)]
=>0x0000000014ad0000 JavaThread "C2 CompilerThread1" daemon [_thread_in_native, id=4476, stack(0x0000000016220000,0x0000000016320000)]
  0x0000000014ace000 JavaThread "C2 CompilerThread0" daemon [_thread_in_native, id=3688, stack(0x0000000016120000,0x0000000016220000)]
  0x0000000014acb800 JavaThread "Attach Listener" daemon [_thread_blocked, id=5964, stack(0x0000000016020000,0x0000000016120000)]
  0x0000000014aca800 JavaThread "Signal Dispatcher" daemon [_thread_blocked, id=6052, stack(0x0000000015f20000,0x0000000016020000)]
  0x00000000023fb800 JavaThread "Finalizer" daemon [_thread_blocked, id=6780, stack(0x0000000015d20000,0x0000000015e20000)]
  0x00000000023f1000 JavaThread "Reference Handler" daemon [_thread_blocked, id=2840, stack(0x0000000015c20000,0x0000000015d20000)]
  0x0000000002301000 JavaThread "main" [_thread_blocked, id=6844, stack(0x0000000002200000,0x0000000002300000)]

Other Threads:
  0x0000000014a98000 VMThread [stack: 0x0000000015b20000,0x0000000015c20000] [id=5192]
  0x0000000014b2e800 WatcherThread [stack: 0x0000000016920000,0x0000000016a20000] [id=6932]

VM state:not at safepoint (normal execution)

VM Mutex/Monitor currently owned by a thread: None

Heap:
 PSYoungGen      total 28672K, used 9882K [0x00000000eab00000, 0x00000000ee300000, 0x0000000100000000)
  eden space 24576K, 23% used [0x00000000eab00000,0x00000000eb0a78c8,0x00000000ec300000)
  from space 4096K, 99% used [0x00000000ec300000,0x00000000ec6ff0c8,0x00000000ec700000)
  to   space 4096K, 0% used [0x00000000edf00000,0x00000000edf00000,0x00000000ee300000)
 ParOldGen       total 65536K, used 18852K [0x00000000c0000000, 0x00000000c4000000, 0x00000000eab00000)
  object space 65536K, 28% used [0x00000000c0000000,0x00000000c12691e8,0x00000000c4000000)
 Metaspace       used 5857K, capacity 6960K, committed 7040K, reserved 1056768K
  class space    used 585K, capacity 616K, committed 640K, reserved 1048576K

Card table byte_map: [0x00000000117c0000,0x00000000119d0000] byte_map_base: 0x00000000111c0000

Marking Bits: (ParMarkBitMap*) 0x0000000070522f70
 Begin Bits: [0x0000000011f30000, 0x0000000012f30000)
 End Bits:   [0x0000000012f30000, 0x0000000013f30000)

Polling page: 0x00000000001f0000

CodeCache: size=245760Kb used=5652Kb max_used=5652Kb free=240107Kb
 bounds [0x0000000002400000, 0x0000000002990000, 0x0000000011400000]
 total_blobs=1641 nmethods=1379 adapters=175
 compilation: enabled

Compilation events (10 events):
Event: 1.719 Thread 0x0000000014ad5000 nmethod 1398 0x0000000002971e90 code [0x0000000002971fe0, 0x0000000002972150]
Event: 1.719 Thread 0x0000000014ad5000 1400       2       com.android.dx.ssa.SsaConverter::placePhiFunctions (394 bytes)
Event: 1.723 Thread 0x0000000014ad5000 nmethod 1400 0x00000000029772d0 code [0x00000000029776a0, 0x0000000002978c58]
Event: 1.723 Thread 0x0000000014ad5000 1399       2       com.android.dx.util.ListIntSet$1::next (37 bytes)
Event: 1.723 Thread 0x0000000014ad5000 nmethod 1399 0x0000000002971950 code [0x0000000002971ac0, 0x0000000002971d18]
Event: 1.727 Thread 0x0000000014ad5000 1401 %     3       com.android.dx.ssa.DomFront::calcDomFronts @ 67 (154 bytes)
Event: 1.728 Thread 0x0000000014ad5000 nmethod 1401% 0x0000000002970090 code [0x00000000029702e0, 0x0000000002970fe8]
Event: 1.728 Thread 0x0000000014ad5000 1402 %     3       com.android.dx.ssa.SsaConverter::placePhiFunctions @ 131 (394 bytes)
Event: 1.734 Thread 0x0000000014ad5000 nmethod 1402% 0x000000000297b450 code [0x000000000297b9e0, 0x000000000297f118]
Event: 1.734 Thread 0x0000000014ad5000 1403 %     3       com.android.dx.ssa.SsaConverter::placePhiFunctions @ 229 (394 bytes)

GC Heap History (6 events):
Event: 1.060 GC heap before
{Heap before GC invocations=1 (full 0):
 PSYoungGen      total 28672K, used 24576K [0x00000000eab00000, 0x00000000ecb00000, 0x0000000100000000)
  eden space 24576K, 100% used [0x00000000eab00000,0x00000000ec300000,0x00000000ec300000)
  from space 4096K, 0% used [0x00000000ec700000,0x00000000ec700000,0x00000000ecb00000)
  to   space 4096K, 0% used [0x00000000ec300000,0x00000000ec300000,0x00000000ec700000)
 ParOldGen       total 65536K, used 0K [0x00000000c0000000, 0x00000000c4000000, 0x00000000eab00000)
  object space 65536K, 0% used [0x00000000c0000000,0x00000000c0000000,0x00000000c4000000)
 Metaspace       used 5689K, capacity 6832K, committed 7040K, reserved 1056768K
  class space    used 578K, capacity 616K, committed 640K, reserved 1048576K
Event: 1.072 GC heap after
Heap after GC invocations=1 (full 0):
 PSYoungGen      total 28672K, used 4090K [0x00000000eab00000, 0x00000000ecb00000, 0x0000000100000000)
  eden space 24576K, 0% used [0x00000000eab00000,0x00000000eab00000,0x00000000ec300000)
  from space 4096K, 99% used [0x00000000ec300000,0x00000000ec6fe8c0,0x00000000ec700000)
  to   space 4096K, 0% used [0x00000000ec700000,0x00000000ec700000,0x00000000ecb00000)
 ParOldGen       total 65536K, used 1554K [0x00000000c0000000, 0x00000000c4000000, 0x00000000eab00000)
  object space 65536K, 2% used [0x00000000c0000000,0x00000000c0184a18,0x00000000c4000000)
 Metaspace       used 5689K, capacity 6832K, committed 7040K, reserved 1056768K
  class space    used 578K, capacity 616K, committed 640K, reserved 1048576K
}
Event: 1.461 GC heap before
{Heap before GC invocations=2 (full 0):
 PSYoungGen      total 28672K, used 28666K [0x00000000eab00000, 0x00000000ecb00000, 0x0000000100000000)
  eden space 24576K, 100% used [0x00000000eab00000,0x00000000ec300000,0x00000000ec300000)
  from space 4096K, 99% used [0x00000000ec300000,0x00000000ec6fe8c0,0x00000000ec700000)
  to   space 4096K, 0% used [0x00000000ec700000,0x00000000ec700000,0x00000000ecb00000)
 ParOldGen       total 65536K, used 1554K [0x00000000c0000000, 0x00000000c4000000, 0x00000000eab00000)
  object space 65536K, 2% used [0x00000000c0000000,0x00000000c0184a18,0x00000000c4000000)
 Metaspace       used 5844K, capacity 6960K, committed 7040K, reserved 1056768K
  class space    used 584K, capacity 616K, committed 640K, reserved 1048576K
Event: 1.492 GC heap after
Heap after GC invocations=2 (full 0):
 PSYoungGen      total 28672K, used 4075K [0x00000000eab00000, 0x00000000ee300000, 0x0000000100000000)
  eden space 24576K, 0% used [0x00000000eab00000,0x00000000eab00000,0x00000000ec300000)
  from space 4096K, 99% used [0x00000000ec700000,0x00000000ecafac40,0x00000000ecb00000)
  to   space 4096K, 0% used [0x00000000ec300000,0x00000000ec300000,0x00000000ec700000)
 ParOldGen       total 65536K, used 7090K [0x00000000c0000000, 0x00000000c4000000, 0x00000000eab00000)
  object space 65536K, 10% used [0x00000000c0000000,0x00000000c06eca98,0x00000000c4000000)
 Metaspace       used 5844K, capacity 6960K, committed 7040K, reserved 1056768K
  class space    used 584K, capacity 616K, committed 640K, reserved 1048576K
}
Event: 1.675 GC heap before
{Heap before GC invocations=3 (full 0):
 PSYoungGen      total 28672K, used 28651K [0x00000000eab00000, 0x00000000ee300000, 0x0000000100000000)
  eden space 24576K, 100% used [0x00000000eab00000,0x00000000ec300000,0x00000000ec300000)
  from space 4096K, 99% used [0x00000000ec700000,0x00000000ecafac40,0x00000000ecb00000)
  to   space 4096K, 0% used [0x00000000ec300000,0x00000000ec300000,0x00000000ec700000)
 ParOldGen       total 65536K, used 7090K [0x00000000c0000000, 0x00000000c4000000, 0x00000000eab00000)
  object space 65536K, 10% used [0x00000000c0000000,0x00000000c06eca98,0x00000000c4000000)
 Metaspace       used 5847K, capacity 6960K, committed 7040K, reserved 1056768K
  class space    used 584K, capacity 616K, committed 640K, reserved 1048576K
Event: 1.698 GC heap after
Heap after GC invocations=3 (full 0):
 PSYoungGen      total 28672K, used 4092K [0x00000000eab00000, 0x00000000ee300000, 0x0000000100000000)
  eden space 24576K, 0% used [0x00000000eab00000,0x00000000eab00000,0x00000000ec300000)
  from space 4096K, 99% used [0x00000000ec300000,0x00000000ec6ff0c8,0x00000000ec700000)
  to   space 4096K, 0% used [0x00000000edf00000,0x00000000edf00000,0x00000000ee300000)
 ParOldGen       total 65536K, used 18852K [0x00000000c0000000, 0x00000000c4000000, 0x00000000eab00000)
  object space 65536K, 28% used [0x00000000c0000000,0x00000000c12691e8,0x00000000c4000000)
 Metaspace       used 5847K, capacity 6960K, committed 7040K, reserved 1056768K
  class space    used 584K, capacity 616K, committed 640K, reserved 1048576K
}

Deoptimization events (10 events):
Event: 1.090 Thread 0x000000001654a000 Uncommon trap: reason=unstable_if action=reinterpret pc=0x0000000002748fb8 method=com.android.dx.cf.code.Ropper.labelToResultIndex(I)I @ 34
Event: 1.091 Thread 0x000000001654a000 Uncommon trap: reason=unstable_if action=reinterpret pc=0x00000000026534f8 method=java.util.BitSet.ensureCapacity(I)V @ 6
Event: 1.106 Thread 0x000000001654a000 Uncommon trap: reason=unstable_if action=reinterpret pc=0x00000000026cb2a8 method=com.android.dx.ssa.NormalSsaInsn.getLocalAssignment()Lcom/android/dx/rop/code/RegisterSpec; @ 12
Event: 1.109 Thread 0x000000001654a000 Uncommon trap: reason=bimorphic action=maybe_recompile pc=0x00000000028555c8 method=java.util.HashMap.putVal(ILjava/lang/Object;Ljava/lang/Object;ZZ)Ljava/lang/Object; @ 91
Event: 1.112 Thread 0x000000001654a000 Uncommon trap: reason=unstable_if action=reinterpret pc=0x000000000281ed18 method=com.android.dx.util.LabeledList.set(ILcom/android/dx/util/LabeledItem;)V @ 16
Event: 1.235 Thread 0x0000000016586000 Uncommon trap: reason=bimorphic action=maybe_recompile pc=0x00000000028555c8 method=java.util.HashMap.putVal(ILjava/lang/Object;Ljava/lang/Object;ZZ)Ljava/lang/Object; @ 91
Event: 1.242 Thread 0x000000001654a000 Uncommon trap: reason=unstable_if action=reinterpret pc=0x00000000028877c0 method=java.util.HashMap.getNode(ILjava/lang/Object;)Ljava/util/HashMap$Node; @ 129
Event: 1.308 Thread 0x000000001654a000 Uncommon trap: reason=class_check action=maybe_recompile pc=0x00000000028ace80 method=com.android.dx.ssa.NormalSsaInsn.accept(Lcom/android/dx/ssa/SsaInsn$Visitor;)V @ 9
Event: 1.372 Thread 0x0000000016586000 Uncommon trap: reason=class_check action=maybe_recompile pc=0x00000000028ace80 method=com.android.dx.ssa.NormalSsaInsn.accept(Lcom/android/dx/ssa/SsaInsn$Visitor;)V @ 9
Event: 1.519 Thread 0x000000001654a000 Uncommon trap: reason=uninitialized action=reinterpret pc=0x00000000028a0d14 method=com.android.dx.cf.code.BytecodeArray.parseInstruction(ILcom/android/dx/cf/code/BytecodeArray$Visitor;)I @ 1047

Internal exceptions (3 events):
Event: 0.035 Thread 0x0000000002301000 Exception <a 'java/lang/NoSuchMethodError': Method sun.misc.Unsafe.defineClass(Ljava/lang/String;[BII)Ljava/lang/Class; name or signature does not match> (0x00000000eab07cc0) thrown at [C:\re\workspace\8-2-build-windows-amd64-cygwin\jdk8u91\7017\hotspot\srôì-ëÝé¡?
Event: 0.035 Thread 0x0000000002301000 Exception <a 'java/lang/NoSuchMethodError': Method sun.misc.Unsafe.prefetchRead(Ljava/lang/Object;J)V name or signature does not match> (0x00000000eab07fa8) thrown at [C:\re\workspace\8-2-build-windows-amd64-cygwin\jdk8u91\7017\hotspot\src\share\vm\prims\jfÖ1ÝEÇð?
Event: 1.049 Thread 0x000000001654a000 Implicit null exception at 0x00000000026c27dd to 0x00000000026c3cf1

Events (10 events):
Event: 1.699 Executing VM operation: Deoptimize
Event: 1.699 Executing VM operation: Deoptimize done
Event: 1.711 Thread 0x000000001657f000 DEOPT PACKING pc=0x00000000028da66c sp=0x0000000016d1ead0
Event: 1.711 Thread 0x000000001657f000 DEOPT UNPACKING pc=0x000000000244787f sp=0x0000000016d1e918 mode 0
Event: 1.717 loading class com/android/dx/util/ListIntSet$1
Event: 1.717 loading class com/android/dx/util/ListIntSet$1 done
Event: 1.718 Executing VM operation: Deoptimize
Event: 1.718 Executing VM operation: Deoptimize done
Event: 1.727 Thread 0x0000000016587000 DEOPT PACKING pc=0x00000000028da66c sp=0x0000000016f1eec0
Event: 1.727 Thread 0x0000000016587000 DEOPT UNPACKING pc=0x000000000244787f sp=0x0000000016f1ed08 mode 0


Dynamic libraries:
0x00007ff7273b0000 - 0x00007ff7273e7000 	C:\Program Files\Java\jdk1.8.0_91\bin\java.exe
0x00007ff805370000 - 0x00007ff805531000 	C:\Windows\SYSTEM32\ntdll.dll
0x00007ff803d80000 - 0x00007ff803e2d000 	C:\Windows\system32\KERNEL32.DLL
0x00007ff8020f0000 - 0x00007ff8022d8000 	C:\Windows\system32\KERNELBASE.dll
0x00007ff803cd0000 - 0x00007ff803d77000 	C:\Windows\system32\ADVAPI32.dll
0x00007ff8044c0000 - 0x00007ff80455d000 	C:\Windows\system32\msvcrt.dll
0x00007ff8046f0000 - 0x00007ff80474b000 	C:\Windows\system32\sechost.dll
0x00007ff8043a0000 - 0x00007ff8044bc000 	C:\Windows\system32\RPCRT4.dll
0x00007ff804d50000 - 0x00007ff804ea6000 	C:\Windows\system32\USER32.dll
0x00007ff804560000 - 0x00007ff8046e6000 	C:\Windows\system32\GDI32.dll
0x00007ffffca10000 - 0x00007ffffcc84000 	C:\Windows\WinSxS\amd64_microsoft.windows.common-controls_6595b64144ccf1df_6.0.10586.0_none_8c15ae12515e1c22\COMCTL32.dll
0x00007ff804120000 - 0x00007ff80439d000 	C:\Windows\system32\combase.dll
0x00007ff802670000 - 0x00007ff8026da000 	C:\Windows\system32\bcryptPrimitives.dll
0x00007ff803fc0000 - 0x00007ff803ffb000 	C:\Windows\system32\IMM32.DLL
0x000000006f890000 - 0x000000006f962000 	C:\Program Files\Java\jdk1.8.0_91\jre\bin\msvcr100.dll
0x000000006fd10000 - 0x00000000705a3000 	C:\Program Files\Java\jdk1.8.0_91\jre\bin\server\jvm.dll
0x00007ff804110000 - 0x00007ff804118000 	C:\Windows\system32\PSAPI.DLL
0x00007ff8001c0000 - 0x00007ff8001e3000 	C:\Windows\SYSTEM32\WINMM.dll
0x00007ffff7950000 - 0x00007ffff795a000 	C:\Windows\SYSTEM32\VERSION.dll
0x00007fffee650000 - 0x00007fffee659000 	C:\Windows\SYSTEM32\WSOCK32.dll
0x00007ff8051e0000 - 0x00007ff80524b000 	C:\Windows\system32\WS2_32.dll
0x00000000021d0000 - 0x00000000021fc000 	C:\Windows\SYSTEM32\WINMMBASE.dll
0x00007ff8022e0000 - 0x00007ff802323000 	C:\Windows\system32\cfgmgr32.dll
0x000000006fd00000 - 0x000000006fd0f000 	C:\Program Files\Java\jdk1.8.0_91\jre\bin\verify.dll
0x000000006fcd0000 - 0x000000006fcf9000 	C:\Program Files\Java\jdk1.8.0_91\jre\bin\java.dll
0x000000006fcb0000 - 0x000000006fcc6000 	C:\Program Files\Java\jdk1.8.0_91\jre\bin\zip.dll
0x00007ff802770000 - 0x00007ff803ccc000 	C:\Windows\system32\SHELL32.dll
0x00007ff801aa0000 - 0x00007ff8020e5000 	C:\Windows\system32\windows.storage.dll
0x00007ff804750000 - 0x00007ff8047a2000 	C:\Windows\system32\shlwapi.dll
0x00007ff8019e0000 - 0x00007ff8019ef000 	C:\Windows\system32\kernel.appcore.dll
0x00007ff802330000 - 0x00007ff8023e5000 	C:\Windows\system32\shcore.dll
0x00007ff801990000 - 0x00007ff8019db000 	C:\Windows\system32\powrprof.dll
0x00007ff801a00000 - 0x00007ff801a14000 	C:\Windows\system32\profapi.dll

VM Arguments:
jvm_args: -Djava.awt.headless=true -Xmx1024M -Dfile.encoding=windows-1252 -Duser.country=BR -Duser.language=pt -Duser.variant 
java_command: com.android.dx.command.Main --dex --force-jumbo --num-threads=4 --output C:\Users\riyad\Documents\GitHub\PostBase\app\build\intermediates\pre-dexed\debug\main_7de6e7b56dcad0a5b063db9c6ad772e9d07beeb1.jar C:\Users\riyad\Documents\GitHub\PostBase\app\build\intermediates\transforms\instantRun\debug\folders\1\5\main
java_class_path (initial): E:\Android\sdk\build-tools\24.0.0\lib\dx.jar
Launcher Type: SUN_STANDARD

Environment Variables:
PATH=C:\ProgramData\Oracle\Java\javapath;C:\Windows\system32;C:\Windows;C:\Windows\System32\Wbem;C:\Windows\System32\WindowsPowerShell\v1.0\;C:\Program Files (x86)\MySQL\MySQL Fabric 1.5 & MySQL Utilities 1.5\;C:\Program Files (x86)\MySQL\MySQL Fabric 1.5 & MySQL Utilities 1.5\Doctrine extensions for PHP\;C:\Program Files (x86)\GtkSharp\2.12\bin;C:\Program Files\Git\cmd
USERNAME=riyad
OS=Windows_NT
PROCESSOR_IDENTIFIER=Intel64 Family 6 Model 58 Stepping 9, GenuineIntel



---------------  S Y S T E M  ---------------

OS: Windows 10.0 , 64 bit Build 10586 (10.0.10586.0)

CPU:total 4 (2 cores per cpu, 2 threads per core) family 6 model 58 stepping 9, cmov, cx8, fxsr, mmx, sse, sse2, sse3, ssse3, sse4.1, sse4.2, popcnt, avx, aes, clmul, erms, ht, tsc, tscinvbit, tscinv

Memory: 4k page, physical 6186068k(951312k free), swap 6186068k(6136k free)

vm_info: Java HotSpot(TM) 64-Bit Server VM (25.91-b15) for windows-amd64 JRE (1.8.0_91-b15), built on May 20 2016 17:43:15 by "java_re" with MS VC++ 10.0 (VS2010)

time: Tue Aug 30 17:37:49 2016
elapsed time: 1 seconds (0d 0h 0m 1s)

