#
# There is insufficient memory for the Java Runtime Environment to continue.
# Native memory allocation (malloc) failed to allocate 1326576 bytes for Chunk::new
# Possible reasons:
#   The system is out of physical RAM or swap space
#   In 32 bit mode, the process size limit was hit
# Possible solutions:
#   Reduce memory load on the system
#   Increase physical memory or swap space
#   Check if swap backing store is full
#   Use 64 bit Java on a 64 bit OS
#   Decrease Java heap size (-Xmx/-Xms)
#   Decrease number of Java threads
#   Decrease Java thread stack sizes (-Xss)
#   Set larger code cache with -XX:ReservedCodeCacheSize=
# This output file may be truncated or incomplete.
#
#  Out of Memory Error (allocation.cpp:390), pid=1476, tid=5344
#
# JRE version: Java(TM) SE Runtime Environment (8.0_91-b15) (build 1.8.0_91-b15)
# Java VM: Java HotSpot(TM) 64-Bit Server VM (25.91-b15 mixed mode windows-amd64 compressed oops)
# Failed to write core dump. Minidumps are not enabled by default on client versions of Windows
#

---------------  T H R E A D  ---------------

Current thread (0x0000000014a2d800):  JavaThread "C2 CompilerThread0" daemon [_thread_in_native, id=5344, stack(0x00000000160a0000,0x00000000161a0000)]

Stack: [0x00000000160a0000,0x00000000161a0000]
[error occurred during error reporting (printing stack bounds), id 0xc0000005]

Native frames: (J=compiled Java code, j=interpreted, Vv=VM code, C=native code)


Current CompileTask:
C2:  12648 1410       4       com.android.dx.dex.code.OutputFinisher::addConstants (93 bytes)


---------------  P R O C E S S  ---------------

Java Threads: ( => current thread )
  0x00000000164c3800 JavaThread "pool-1-thread-1" [_thread_in_Java, id=6600, stack(0x0000000018670000,0x0000000018770000)]
  0x0000000014a8d000 JavaThread "Service Thread" daemon [_thread_blocked, id=6024, stack(0x00000000167a0000,0x00000000168a0000)]
  0x0000000014a8a800 JavaThread "C1 CompilerThread2" daemon [_thread_blocked, id=212, stack(0x00000000162a0000,0x00000000163a0000)]
  0x0000000014a85800 JavaThread "C2 CompilerThread1" daemon [_thread_in_native, id=5568, stack(0x00000000161a0000,0x00000000162a0000)]
=>0x0000000014a2d800 JavaThread "C2 CompilerThread0" daemon [_thread_in_native, id=5344, stack(0x00000000160a0000,0x00000000161a0000)]
  0x0000000014a2a800 JavaThread "Attach Listener" daemon [_thread_blocked, id=4992, stack(0x0000000015fa0000,0x00000000160a0000)]
  0x0000000014a29000 JavaThread "Signal Dispatcher" daemon [_thread_blocked, id=5100, stack(0x0000000015ea0000,0x0000000015fa0000)]
  0x0000000014a1a000 JavaThread "Finalizer" daemon [_thread_blocked, id=2860, stack(0x0000000015ca0000,0x0000000015da0000)]
  0x00000000149f8800 JavaThread "Reference Handler" daemon [_thread_blocked, id=4612, stack(0x0000000015ba0000,0x0000000015ca0000)]
  0x0000000002261000 JavaThread "main" [_thread_blocked, id=5312, stack(0x0000000002160000,0x0000000002260000)]

Other Threads:
  0x00000000149f7000 VMThread [stack: 0x0000000015aa0000,0x0000000015ba0000] [id=2356]
  0x0000000014a8e800 WatcherThread [stack: 0x00000000168a0000,0x00000000169a0000] [id=5716]

VM state:not at safepoint (normal execution)

VM Mutex/Monitor currently owned by a thread: None

Heap:
 PSYoungGen      total 28672K, used 15025K [0x00000000eab00000, 0x00000000ecb00000, 0x0000000100000000)
  eden space 24576K, 44% used [0x00000000eab00000,0x00000000eb5b1008,0x00000000ec300000)
  from space 4096K, 99% used [0x00000000ec700000,0x00000000ecafb458,0x00000000ecb00000)
  to   space 4096K, 0% used [0x00000000ec300000,0x00000000ec300000,0x00000000ec700000)
 ParOldGen       total 65536K, used 4136K [0x00000000c0000000, 0x00000000c4000000, 0x00000000eab00000)
  object space 65536K, 6% used [0x00000000c0000000,0x00000000c040a088,0x00000000c4000000)
 Metaspace       used 6248K, capacity 7128K, committed 7424K, reserved 1056768K
  class space    used 618K, capacity 656K, committed 768K, reserved 1048576K

Card table byte_map: [0x0000000011720000,0x0000000011930000] byte_map_base: 0x0000000011120000

Marking Bits: (ParMarkBitMap*) 0x000000005c552f70
 Begin Bits: [0x0000000011e90000, 0x0000000012e90000)
 End Bits:   [0x0000000012e90000, 0x0000000013e90000)

Polling page: 0x0000000000500000

CodeCache: size=245760Kb used=5904Kb max_used=5904Kb free=239855Kb
 bounds [0x0000000002360000, 0x0000000002930000, 0x0000000011360000]
 total_blobs=1726 nmethods=1455 adapters=182
 compilation: enabled

Compilation events (10 events):
Event: 12.572 Thread 0x0000000014a8a800 1481       2       com.android.dx.dex.code.InsnFormat::unsignedFitsInByte (15 bytes)
Event: 12.572 Thread 0x0000000014a8a800 nmethod 1481 0x000000000291a710 code [0x000000000291a860, 0x000000000291a9b0]
Event: 12.573 Thread 0x0000000014a8a800 1483       2       com.android.dx.dex.file.DexFile::findItemOrNull (66 bytes)
Event: 12.574 Thread 0x0000000014a8a800 nmethod 1483 0x000000000291aa50 code [0x000000000291abe0, 0x000000000291aef8]
Event: 12.574 Thread 0x0000000014a8a800 1485       1       com.android.dx.dex.code.LocalStart::getLocal (5 bytes)
Event: 12.574 Thread 0x0000000014a8a800 nmethod 1485 0x000000000291b090 code [0x000000000291b1e0, 0x000000000291b2f0]
Event: 12.575 Thread 0x0000000014a8a800 1486       2       com.android.dx.dex.code.OutputFinisher::assignIndices (61 bytes)
Event: 12.575 Thread 0x0000000014a8a800 nmethod 1486 0x000000000291b350 code [0x000000000291b520, 0x000000000291b998]
Event: 12.576 Thread 0x0000000014a8a800 1487       2       com.android.dx.dex.code.StdCatchBuilder::handlersFor (216 bytes)
Event: 12.578 Thread 0x0000000014a8a800 nmethod 1487 0x000000000291be50 code [0x000000000291c100, 0x000000000291cc38]

GC Heap History (4 events):
Event: 9.821 GC heap before
{Heap before GC invocations=1 (full 0):
 PSYoungGen      total 28672K, used 24576K [0x00000000eab00000, 0x00000000ecb00000, 0x0000000100000000)
  eden space 24576K, 100% used [0x00000000eab00000,0x00000000ec300000,0x00000000ec300000)
  from space 4096K, 0% used [0x00000000ec700000,0x00000000ec700000,0x00000000ecb00000)
  to   space 4096K, 0% used [0x00000000ec300000,0x00000000ec300000,0x00000000ec700000)
 ParOldGen       total 65536K, used 0K [0x00000000c0000000, 0x00000000c4000000, 0x00000000eab00000)
  object space 65536K, 0% used [0x00000000c0000000,0x00000000c0000000,0x00000000c4000000)
 Metaspace       used 5907K, capacity 6834K, committed 7040K, reserved 1056768K
  class space    used 597K, capacity 618K, committed 640K, reserved 1048576K
Event: 9.845 GC heap after
Heap after GC invocations=1 (full 0):
 PSYoungGen      total 28672K, used 4090K [0x00000000eab00000, 0x00000000ecb00000, 0x0000000100000000)
  eden space 24576K, 0% used [0x00000000eab00000,0x00000000eab00000,0x00000000ec300000)
  from space 4096K, 99% used [0x00000000ec300000,0x00000000ec6feac8,0x00000000ec700000)
  to   space 4096K, 0% used [0x00000000ec700000,0x00000000ec700000,0x00000000ecb00000)
 ParOldGen       total 65536K, used 1637K [0x00000000c0000000, 0x00000000c4000000, 0x00000000eab00000)
  object space 65536K, 2% used [0x00000000c0000000,0x00000000c0199540,0x00000000c4000000)
 Metaspace       used 5907K, capacity 6834K, committed 7040K, reserved 1056768K
  class space    used 597K, capacity 618K, committed 640K, reserved 1048576K
}
Event: 10.567 GC heap before
{Heap before GC invocations=2 (full 0):
 PSYoungGen      total 28672K, used 28666K [0x00000000eab00000, 0x00000000ecb00000, 0x0000000100000000)
  eden space 24576K, 100% used [0x00000000eab00000,0x00000000ec300000,0x00000000ec300000)
  from space 4096K, 99% used [0x00000000ec300000,0x00000000ec6feac8,0x00000000ec700000)
  to   space 4096K, 0% used [0x00000000ec700000,0x00000000ec700000,0x00000000ecb00000)
 ParOldGen       total 65536K, used 1637K [0x00000000c0000000, 0x00000000c4000000, 0x00000000eab00000)
  object space 65536K, 2% used [0x00000000c0000000,0x00000000c0199540,0x00000000c4000000)
 Metaspace       used 6022K, capacity 6962K, committed 7040K, reserved 1056768K
  class space    used 598K, capacity 618K, committed 640K, reserved 1048576K
Event: 11.030 GC heap after
Heap after GC invocations=2 (full 0):
 PSYoungGen      total 28672K, used 4077K [0x00000000eab00000, 0x00000000ecb00000, 0x0000000100000000)
  eden space 24576K, 0% used [0x00000000eab00000,0x00000000eab00000,0x00000000ec300000)
  from space 4096K, 99% used [0x00000000ec700000,0x00000000ecafb458,0x00000000ecb00000)
  to   space 4096K, 0% used [0x00000000ec300000,0x00000000ec300000,0x00000000ec700000)
 ParOldGen       total 65536K, used 4136K [0x00000000c0000000, 0x00000000c4000000, 0x00000000eab00000)
  object space 65536K, 6% used [0x00000000c0000000,0x00000000c040a088,0x00000000c4000000)
 Metaspace       used 6022K, capacity 6962K, committed 7040K, reserved 1056768K
  class space    used 598K, capacity 618K, committed 640K, reserved 1048576K
}

Deoptimization events (10 events):
Event: 12.248 Thread 0x00000000164c3800 Uncommon trap: reason=unstable_if action=reinterpret pc=0x000000000275e490 method=java.util.HashMap.putVal(ILjava/lang/Object;Ljava/lang/Object;ZZ)Ljava/lang/Object; @ 94
Event: 12.249 Thread 0x00000000164c3800 Uncommon trap: reason=unstable_if action=reinterpret pc=0x000000000275d388 method=java.util.HashMap.putVal(ILjava/lang/Object;Ljava/lang/Object;ZZ)Ljava/lang/Object; @ 94
Event: 12.361 Thread 0x00000000164c3800 Uncommon trap: reason=bimorphic action=maybe_recompile pc=0x000000000258eddc method=java.util.HashMap.getNode(ILjava/lang/Object;)Ljava/util/HashMap$Node; @ 126
Event: 12.361 Thread 0x00000000164c3800 Uncommon trap: reason=bimorphic action=maybe_recompile pc=0x000000000258eddc method=java.util.HashMap.getNode(ILjava/lang/Object;)Ljava/util/HashMap$Node; @ 126
Event: 12.530 Thread 0x00000000164c3800 Uncommon trap: reason=bimorphic action=maybe_recompile pc=0x000000000258eddc method=java.util.HashMap.getNode(ILjava/lang/Object;)Ljava/util/HashMap$Node; @ 126
Event: 12.530 Thread 0x00000000164c3800 Uncommon trap: reason=bimorphic action=maybe_recompile pc=0x000000000255f498 method=java.util.HashMap.getNode(ILjava/lang/Object;)Ljava/util/HashMap$Node; @ 126
Event: 12.559 Thread 0x00000000164c3800 Uncommon trap: reason=speculate_class_check action=maybe_recompile pc=0x00000000027211cc method=com.android.dx.util.FixedSizeList.equals(Ljava/lang/Object;)Z @ 25
Event: 12.559 Thread 0x00000000164c3800 Uncommon trap: reason=speculate_class_check action=maybe_recompile pc=0x00000000027211cc method=com.android.dx.util.FixedSizeList.equals(Ljava/lang/Object;)Z @ 25
Event: 12.559 Thread 0x00000000164c3800 Uncommon trap: reason=speculate_class_check action=maybe_recompile pc=0x00000000027211cc method=com.android.dx.util.FixedSizeList.equals(Ljava/lang/Object;)Z @ 25
Event: 12.560 Thread 0x00000000164c3800 Uncommon trap: reason=speculate_class_check action=maybe_recompile pc=0x00000000027211cc method=com.android.dx.util.FixedSizeList.equals(Ljava/lang/Object;)Z @ 25

Internal exceptions (3 events):
Event: 0.406 Thread 0x0000000002261000 Exception <a 'java/lang/NoSuchMethodError': Method sun.misc.Unsafe.defineClass(Ljava/lang/String;[BII)Ljava/lang/Class; name or signature does not match> (0x00000000eab07cc0) thrown at [C:\re\workspace\8-2-build-windows-amd64-cygwin\jdk8u91\7017\hotspot\srÂF(g‡⁄?
Event: 0.406 Thread 0x0000000002261000 Exception <a 'java/lang/NoSuchMethodError': Method sun.misc.Unsafe.prefetchRead(Ljava/lang/Object;J)V name or signature does not match> (0x00000000eab07fa8) thrown at [C:\re\workspace\8-2-build-windows-amd64-cygwin\jdk8u91\7017\hotspot\src\share\vm\prims\jÅ«&ÎBº#@
Event: 9.868 Thread 0x00000000164f1000 Implicit null exception at 0x0000000002674e62 to 0x00000000026765d9

Events (10 events):
Event: 12.559 Thread 0x00000000164c3800 Uncommon trap: trap_request=0xffffff76 fr.pc=0x00000000027211cc
Event: 12.559 Thread 0x00000000164c3800 DEOPT PACKING pc=0x00000000027211cc sp=0x000000001876e680
Event: 12.560 Thread 0x00000000164c3800 DEOPT UNPACKING pc=0x00000000023a582a sp=0x000000001876e640 mode 2
Event: 12.560 Thread 0x00000000164c3800 Uncommon trap: trap_request=0xffffff76 fr.pc=0x00000000027211cc
Event: 12.560 Thread 0x00000000164c3800 DEOPT PACKING pc=0x00000000027211cc sp=0x000000001876e680
Event: 12.560 Thread 0x00000000164c3800 DEOPT UNPACKING pc=0x00000000023a582a sp=0x000000001876e640 mode 2
Event: 12.561 loading class com/android/dx/dex/code/CatchTable$Entry
Event: 12.561 loading class com/android/dx/dex/code/CatchTable$Entry done
Event: 12.561 loading class com/android/dx/util/ByteArrayAnnotatedOutput
Event: 12.561 loading class com/android/dx/util/ByteArrayAnnotatedOutput done


Dynamic libraries:
0x00007ff66c000000 - 0x00007ff66c037000 	C:\Program Files\Java\jdk1.8.0_91\bin\java.exe
0x00007ffe09f80000 - 0x00007ffe0a141000 	C:\Windows\SYSTEM32\ntdll.dll
0x00007ffe078d0000 - 0x00007ffe0797d000 	C:\Windows\system32\KERNEL32.DLL
0x00007ffe06910000 - 0x00007ffe06af8000 	C:\Windows\system32\KERNELBASE.dll
0x00007ffe07660000 - 0x00007ffe07707000 	C:\Windows\system32\ADVAPI32.dll
0x00007ffe09a60000 - 0x00007ffe09afd000 	C:\Windows\system32\msvcrt.dll
0x00007ffe07600000 - 0x00007ffe0765b000 	C:\Windows\system32\sechost.dll
0x00007ffe09bf0000 - 0x00007ffe09d0c000 	C:\Windows\system32\RPCRT4.dll
0x00007ffe08180000 - 0x00007ffe082d6000 	C:\Windows\system32\USER32.dll
0x00007ffe07e10000 - 0x00007ffe07f96000 	C:\Windows\system32\GDI32.dll
0x00007ffe01680000 - 0x00007ffe018f4000 	C:\Windows\WinSxS\amd64_microsoft.windows.common-controls_6595b64144ccf1df_6.0.10586.0_none_8c15ae12515e1c22\COMCTL32.dll
0x00007ffe07380000 - 0x00007ffe075fd000 	C:\Windows\system32\combase.dll
0x00007ffe06b00000 - 0x00007ffe06b6a000 	C:\Windows\system32\bcryptPrimitives.dll
0x00007ffe07890000 - 0x00007ffe078cb000 	C:\Windows\system32\IMM32.DLL
0x000000005b8c0000 - 0x000000005b992000 	C:\Program Files\Java\jdk1.8.0_91\jre\bin\msvcr100.dll
0x000000005bd40000 - 0x000000005c5d3000 	C:\Program Files\Java\jdk1.8.0_91\jre\bin\server\jvm.dll
0x00007ffe09be0000 - 0x00007ffe09be8000 	C:\Windows\system32\PSAPI.DLL
0x00007ffdf5530000 - 0x00007ffdf5539000 	C:\Windows\SYSTEM32\WSOCK32.dll
0x00007ffe09e60000 - 0x00007ffe09ecb000 	C:\Windows\system32\WS2_32.dll
0x00007ffe04c70000 - 0x00007ffe04c93000 	C:\Windows\SYSTEM32\WINMM.dll
0x00007ffdfdbd0000 - 0x00007ffdfdbda000 	C:\Windows\SYSTEM32\VERSION.dll
0x00007ffe04c40000 - 0x00007ffe04c6c000 	C:\Windows\SYSTEM32\WINMMBASE.dll
0x00007ffe068c0000 - 0x00007ffe06903000 	C:\Windows\system32\cfgmgr32.dll
0x000000005bd30000 - 0x000000005bd3f000 	C:\Program Files\Java\jdk1.8.0_91\jre\bin\verify.dll
0x000000005bd00000 - 0x000000005bd29000 	C:\Program Files\Java\jdk1.8.0_91\jre\bin\java.dll
0x000000005bce0000 - 0x000000005bcf6000 	C:\Program Files\Java\jdk1.8.0_91\jre\bin\zip.dll
0x00007ffe084a0000 - 0x00007ffe099fc000 	C:\Windows\system32\SHELL32.dll
0x00007ffe06c00000 - 0x00007ffe07245000 	C:\Windows\system32\windows.storage.dll
0x00007ffe09a00000 - 0x00007ffe09a52000 	C:\Windows\system32\shlwapi.dll
0x00007ffe065f0000 - 0x00007ffe065ff000 	C:\Windows\system32\kernel.appcore.dll
0x00007ffe06800000 - 0x00007ffe068b5000 	C:\Windows\system32\shcore.dll
0x00007ffe065a0000 - 0x00007ffe065eb000 	C:\Windows\system32\powrprof.dll
0x00007ffe06600000 - 0x00007ffe06614000 	C:\Windows\system32\profapi.dll

VM Arguments:
jvm_args: -Djava.awt.headless=true -Xmx1024M -Dfile.encoding=windows-1252 -Duser.country=BR -Duser.language=pt -Duser.variant 
java_command: com.android.dx.command.Main --dex --force-jumbo --num-threads=4 --multi-dex --output C:\Users\riyad\Documents\GitHub\PostBase\app\build\intermediates\transforms\dex\debug\folders\1000\10\instant-run_6d1bc7c4cc528fddf04fe20eb35cd4a380e05434 C:\Users\riyad\Documents\GitHub\PostBase\app\build\intermediates\incremental-runtime-classes\debug\instant-run.jar
java_class_path (initial): E:\Android\sdk\build-tools\24.0.0\lib\dx.jar
Launcher Type: SUN_STANDARD

Environment Variables:
PATH=C:\ProgramData\Oracle\Java\javapath;C:\Windows\system32;C:\Windows;C:\Windows\System32\Wbem;C:\Windows\System32\WindowsPowerShell\v1.0\;C:\Program Files (x86)\MySQL\MySQL Fabric 1.5 & MySQL Utilities 1.5\;C:\Program Files (x86)\MySQL\MySQL Fabric 1.5 & MySQL Utilities 1.5\Doctrine extensions for PHP\;C:\Program Files (x86)\GtkSharp\2.12\bin;C:\Program Files\Git\cmd
USERNAME=riyad
OS=Windows_NT
PROCESSOR_IDENTIFIER=Intel64 Family 6 Model 58 Stepping 9, GenuineIntel



---------------  S Y S T E M  ---------------

OS: Windows 10.0 , 64 bit Build 10586 (10.0.10586.0)

CPU:total 4 (2 cores per cpu, 2 threads per core) family 6 model 58 stepping 9, cmov, cx8, fxsr, mmx, sse, sse2, sse3, ssse3, sse4.1, sse4.2, popcnt, avx, aes, clmul, erms, ht, tsc, tscinvbit, tscinv

Memory: 4k page, physical 6186068k(1348708k free), swap 6186068k(37864k free)

vm_info: Java HotSpot(TM) 64-Bit Server VM (25.91-b15) for windows-amd64 JRE (1.8.0_91-b15), built on May 20 2016 17:43:15 by "java_re" with MS VC++ 10.0 (VS2010)

time: Tue Sep 06 16:03:40 2016
elapsed time: 12 seconds (0d 0h 0m 12s)

