#
# There is insufficient memory for the Java Runtime Environment to continue.
# Native memory allocation (malloc) failed to allocate 1496496 bytes for Chunk::new
# Possible reasons:
#   The system is out of physical RAM or swap space
#   In 32 bit mode, the process size limit was hit
# Possible solutions:
#   Reduce memory load on the system
#   Increase physical memory or swap space
#   Check if swap backing store is full
#   Use 64 bit Java on a 64 bit OS
#   Decrease Java heap size (-Xmx/-Xms)
#   Decrease number of Java threads
#   Decrease Java thread stack sizes (-Xss)
#   Set larger code cache with -XX:ReservedCodeCacheSize=
# This output file may be truncated or incomplete.
#
#  Out of Memory Error (allocation.cpp:390), pid=7140, tid=7008
#
# JRE version: Java(TM) SE Runtime Environment (8.0_91-b15) (build 1.8.0_91-b15)
# Java VM: Java HotSpot(TM) 64-Bit Server VM (25.91-b15 mixed mode windows-amd64 compressed oops)
# Failed to write core dump. Minidumps are not enabled by default on client versions of Windows
#

---------------  T H R E A D  ---------------

Current thread (0x000000001498d000):  JavaThread "C2 CompilerThread0" daemon [_thread_in_native, id=7008, stack(0x0000000015fe0000,0x00000000160e0000)]

Stack: [0x0000000015fe0000,0x00000000160e0000]
[error occurred during error reporting (printing stack bounds), id 0xc0000005]

Native frames: (J=compiled Java code, j=interpreted, Vv=VM code, C=native code)


Current CompileTask:
C2:  10157 1873   !   4       com.android.dx.cf.cst.ConstantPoolParser::parse0 (731 bytes)


---------------  P R O C E S S  ---------------

Java Threads: ( => current thread )
  0x0000000016541000 JavaThread "pool-2-thread-4" [_thread_in_Java, id=1716, stack(0x0000000016ce0000,0x0000000016de0000)]
  0x0000000016540000 JavaThread "pool-2-thread-3" [_thread_in_Java, id=6296, stack(0x0000000016be0000,0x0000000016ce0000)]
  0x000000001653f800 JavaThread "pool-2-thread-2" [_thread_in_Java, id=7036, stack(0x0000000016ae0000,0x0000000016be0000)]
  0x000000001658e800 JavaThread "pool-3-thread-1" [_thread_blocked, id=6908, stack(0x00000000169e0000,0x0000000016ae0000)]
  0x000000001658d800 JavaThread "pool-2-thread-1" [_thread_in_Java, id=5560, stack(0x00000000168e0000,0x00000000169e0000)]
  0x00000000162fc000 JavaThread "Service Thread" daemon [_thread_blocked, id=6432, stack(0x00000000166e0000,0x00000000167e0000)]
  0x00000000149ee000 JavaThread "C1 CompilerThread2" daemon [_thread_blocked, id=6912, stack(0x00000000161e0000,0x00000000162e0000)]
  0x00000000149b3800 JavaThread "C2 CompilerThread1" daemon [_thread_in_native, id=184, stack(0x00000000160e0000,0x00000000161e0000)]
=>0x000000001498d000 JavaThread "C2 CompilerThread0" daemon [_thread_in_native, id=7008, stack(0x0000000015fe0000,0x00000000160e0000)]
  0x000000001498a800 JavaThread "Attach Listener" daemon [_thread_blocked, id=6980, stack(0x0000000015ee0000,0x0000000015fe0000)]
  0x0000000014989800 JavaThread "Signal Dispatcher" daemon [_thread_blocked, id=5748, stack(0x0000000015de0000,0x0000000015ee0000)]
  0x000000001497a000 JavaThread "Finalizer" daemon [_thread_blocked, id=7016, stack(0x0000000015be0000,0x0000000015ce0000)]
  0x0000000014959000 JavaThread "Reference Handler" daemon [_thread_blocked, id=6536, stack(0x0000000015ae0000,0x0000000015be0000)]
  0x00000000021c1000 JavaThread "main" [_thread_in_Java, id=6748, stack(0x00000000020c0000,0x00000000021c0000)]

Other Threads:
  0x0000000014957800 VMThread [stack: 0x00000000159e0000,0x0000000015ae0000] [id=6992]
  0x0000000016301000 WatcherThread [stack: 0x00000000167e0000,0x00000000168e0000] [id=7112]

VM state:not at safepoint (normal execution)

VM Mutex/Monitor currently owned by a thread: None

Heap:
 PSYoungGen      total 53248K, used 33554K [0x00000000eab00000, 0x00000000ee300000, 0x0000000100000000)
  eden space 49152K, 59% used [0x00000000eab00000,0x00000000ec7c69d0,0x00000000edb00000)
  from space 4096K, 99% used [0x00000000edf00000,0x00000000ee2fdec0,0x00000000ee300000)
  to   space 4096K, 0% used [0x00000000edb00000,0x00000000edb00000,0x00000000edf00000)
 ParOldGen       total 65536K, used 18645K [0x00000000c0000000, 0x00000000c4000000, 0x00000000eab00000)
  object space 65536K, 28% used [0x00000000c0000000,0x00000000c1235678,0x00000000c4000000)
 Metaspace       used 6314K, capacity 7154K, committed 7296K, reserved 1056768K
  class space    used 604K, capacity 618K, committed 640K, reserved 1048576K

Card table byte_map: [0x0000000011680000,0x0000000011890000] byte_map_base: 0x0000000011080000

Marking Bits: (ParMarkBitMap*) 0x0000000060692f70
 Begin Bits: [0x0000000011df0000, 0x0000000012df0000)
 End Bits:   [0x0000000012df0000, 0x0000000013df0000)

Polling page: 0x00000000001f0000

CodeCache: size=245760Kb used=8504Kb max_used=8515Kb free=237255Kb
 bounds [0x00000000022c0000, 0x0000000002b20000, 0x00000000112c0000]
 total_blobs=2091 nmethods=1821 adapters=182
 compilation: enabled

Compilation events (10 events):
Event: 10.075 Thread 0x000000001498d000 nmethod 1871 0x0000000002afed90 code [0x0000000002afeee0, 0x0000000002aff278]
Event: 10.075 Thread 0x000000001498d000 1872       4       java.util.ArrayList::fastRemove (57 bytes)
Event: 10.077 Thread 0x000000001498d000 nmethod 1872 0x0000000002afe9d0 code [0x0000000002afeb20, 0x0000000002afec78]
Event: 10.077 Thread 0x000000001498d000 1873   !   4       com.android.dx.cf.cst.ConstantPoolParser::parse0 (731 bytes)
Event: 10.080 Thread 0x00000000149ee000 1874       2       java.util.BitSet::trimToSize (32 bytes)
Event: 10.081 Thread 0x00000000149ee000 nmethod 1874 0x0000000002afe450 code [0x0000000002afe5c0, 0x0000000002afe898]
Event: 10.103 Thread 0x00000000149ee000 1875       2       java.io.FilterInputStream::available (8 bytes)
Event: 10.103 Thread 0x00000000149ee000 nmethod 1875 0x0000000002afe090 code [0x0000000002afe200, 0x0000000002afe388]
Event: 10.103 Thread 0x00000000149ee000 1876       2       com.android.dx.util.ByteArray$MyInputStream::available (13 bytes)
Event: 10.103 Thread 0x00000000149ee000 nmethod 1876 0x0000000002b161d0 code [0x0000000002b16320, 0x0000000002b16470]

GC Heap History (8 events):
Event: 3.261 GC heap before
{Heap before GC invocations=1 (full 0):
 PSYoungGen      total 28672K, used 24576K [0x00000000eab00000, 0x00000000ecb00000, 0x0000000100000000)
  eden space 24576K, 100% used [0x00000000eab00000,0x00000000ec300000,0x00000000ec300000)
  from space 4096K, 0% used [0x00000000ec700000,0x00000000ec700000,0x00000000ecb00000)
  to   space 4096K, 0% used [0x00000000ec300000,0x00000000ec300000,0x00000000ec700000)
 ParOldGen       total 65536K, used 0K [0x00000000c0000000, 0x00000000c4000000, 0x00000000eab00000)
  object space 65536K, 0% used [0x00000000c0000000,0x00000000c0000000,0x00000000c4000000)
 Metaspace       used 5900K, capacity 6834K, committed 7040K, reserved 1056768K
  class space    used 603K, capacity 618K, committed 640K, reserved 1048576K
Event: 3.326 GC heap after
Heap after GC invocations=1 (full 0):
 PSYoungGen      total 28672K, used 4075K [0x00000000eab00000, 0x00000000ee300000, 0x0000000100000000)
  eden space 24576K, 0% used [0x00000000eab00000,0x00000000eab00000,0x00000000ec300000)
  from space 4096K, 99% used [0x00000000ec300000,0x00000000ec6fad70,0x00000000ec700000)
  to   space 4096K, 0% used [0x00000000edf00000,0x00000000edf00000,0x00000000ee300000)
 ParOldGen       total 65536K, used 749K [0x00000000c0000000, 0x00000000c4000000, 0x00000000eab00000)
  object space 65536K, 1% used [0x00000000c0000000,0x00000000c00bb6e0,0x00000000c4000000)
 Metaspace       used 5900K, capacity 6834K, committed 7040K, reserved 1056768K
  class space    used 603K, capacity 618K, committed 640K, reserved 1048576K
}
Event: 5.830 GC heap before
{Heap before GC invocations=2 (full 0):
 PSYoungGen      total 28672K, used 28651K [0x00000000eab00000, 0x00000000ee300000, 0x0000000100000000)
  eden space 24576K, 100% used [0x00000000eab00000,0x00000000ec300000,0x00000000ec300000)
  from space 4096K, 99% used [0x00000000ec300000,0x00000000ec6fad70,0x00000000ec700000)
  to   space 4096K, 0% used [0x00000000edf00000,0x00000000edf00000,0x00000000ee300000)
 ParOldGen       total 65536K, used 749K [0x00000000c0000000, 0x00000000c4000000, 0x00000000eab00000)
  object space 65536K, 1% used [0x00000000c0000000,0x00000000c00bb6e0,0x00000000c4000000)
 Metaspace       used 6094K, capacity 6962K, committed 7040K, reserved 1056768K
  class space    used 603K, capacity 618K, committed 640K, reserved 1048576K
Event: 5.846 GC heap after
Heap after GC invocations=2 (full 0):
 PSYoungGen      total 53248K, used 4077K [0x00000000eab00000, 0x00000000ee300000, 0x0000000100000000)
  eden space 49152K, 0% used [0x00000000eab00000,0x00000000eab00000,0x00000000edb00000)
  from space 4096K, 99% used [0x00000000edf00000,0x00000000ee2fb7a0,0x00000000ee300000)
  to   space 4096K, 0% used [0x00000000edb00000,0x00000000edb00000,0x00000000edf00000)
 ParOldGen       total 65536K, used 3258K [0x00000000c0000000, 0x00000000c4000000, 0x00000000eab00000)
  object space 65536K, 4% used [0x00000000c0000000,0x00000000c032eb88,0x00000000c4000000)
 Metaspace       used 6094K, capacity 6962K, committed 7040K, reserved 1056768K
  class space    used 603K, capacity 618K, committed 640K, reserved 1048576K
}
Event: 8.378 GC heap before
{Heap before GC invocations=3 (full 0):
 PSYoungGen      total 53248K, used 53229K [0x00000000eab00000, 0x00000000ee300000, 0x0000000100000000)
  eden space 49152K, 100% used [0x00000000eab00000,0x00000000edb00000,0x00000000edb00000)
  from space 4096K, 99% used [0x00000000edf00000,0x00000000ee2fb7a0,0x00000000ee300000)
  to   space 4096K, 0% used [0x00000000edb00000,0x00000000edb00000,0x00000000edf00000)
 ParOldGen       total 65536K, used 3258K [0x00000000c0000000, 0x00000000c4000000, 0x00000000eab00000)
  object space 65536K, 4% used [0x00000000c0000000,0x00000000c032eb88,0x00000000c4000000)
 Metaspace       used 6250K, capacity 7090K, committed 7296K, reserved 1056768K
  class space    used 604K, capacity 618K, committed 640K, reserved 1048576K
Event: 8.618 GC heap after
Heap after GC invocations=3 (full 0):
 PSYoungGen      total 53248K, used 4087K [0x00000000eab00000, 0x00000000ee300000, 0x0000000100000000)
  eden space 49152K, 0% used [0x00000000eab00000,0x00000000eab00000,0x00000000edb00000)
  from space 4096K, 99% used [0x00000000edb00000,0x00000000edefdd08,0x00000000edf00000)
  to   space 4096K, 0% used [0x00000000edf00000,0x00000000edf00000,0x00000000ee300000)
 ParOldGen       total 65536K, used 11062K [0x00000000c0000000, 0x00000000c4000000, 0x00000000eab00000)
  object space 65536K, 16% used [0x00000000c0000000,0x00000000c0acd930,0x00000000c4000000)
 Metaspace       used 6250K, capacity 7090K, committed 7296K, reserved 1056768K
  class space    used 604K, capacity 618K, committed 640K, reserved 1048576K
}
Event: 9.521 GC heap before
{Heap before GC invocations=4 (full 0):
 PSYoungGen      total 53248K, used 53239K [0x00000000eab00000, 0x00000000ee300000, 0x0000000100000000)
  eden space 49152K, 100% used [0x00000000eab00000,0x00000000edb00000,0x00000000edb00000)
  from space 4096K, 99% used [0x00000000edb00000,0x00000000edefdd08,0x00000000edf00000)
  to   space 4096K, 0% used [0x00000000edf00000,0x00000000edf00000,0x00000000ee300000)
 ParOldGen       total 65536K, used 11062K [0x00000000c0000000, 0x00000000c4000000, 0x00000000eab00000)
  object space 65536K, 16% used [0x00000000c0000000,0x00000000c0acd930,0x00000000c4000000)
 Metaspace       used 6300K, capacity 7154K, committed 7296K, reserved 1056768K
  class space    used 604K, capacity 618K, committed 640K, reserved 1048576K
Event: 9.636 GC heap after
Heap after GC invocations=4 (full 0):
 PSYoungGen      total 53248K, used 4087K [0x00000000eab00000, 0x00000000ee300000, 0x0000000100000000)
  eden space 49152K, 0% used [0x00000000eab00000,0x00000000eab00000,0x00000000edb00000)
  from space 4096K, 99% used [0x00000000edf00000,0x00000000ee2fdec0,0x00000000ee300000)
  to   space 4096K, 0% used [0x00000000edb00000,0x00000000edb00000,0x00000000edf00000)
 ParOldGen       total 65536K, used 18645K [0x00000000c0000000, 0x00000000c4000000, 0x00000000eab00000)
  object space 65536K, 28% used [0x00000000c0000000,0x00000000c1235678,0x00000000c4000000)
 Metaspace       used 6300K, capacity 7154K, committed 7296K, reserved 1056768K
  class space    used 604K, capacity 618K, committed 640K, reserved 1048576K
}

Deoptimization events (10 events):
Event: 8.707 Thread 0x0000000016540000 Uncommon trap: reason=unstable_if action=reinterpret pc=0x00000000026d631c method=com.android.dx.ssa.SsaMethod.updateOneDefinition(Lcom/android/dx/ssa/SsaInsn;Lcom/android/dx/rop/code/RegisterSpec;)V @ 4
Event: 8.731 Thread 0x0000000016540000 Uncommon trap: reason=class_check action=maybe_recompile pc=0x0000000002a55364 method=com.android.dx.cf.code.Ropper.processBlock(Lcom/android/dx/cf/code/ByteBlock;Lcom/android/dx/cf/code/Frame;[I)V @ 777
Event: 9.248 Thread 0x0000000016540000 Uncommon trap: reason=class_check action=maybe_recompile pc=0x0000000002a55364 method=com.android.dx.cf.code.Ropper.processBlock(Lcom/android/dx/cf/code/ByteBlock;Lcom/android/dx/cf/code/Frame;[I)V @ 777
Event: 9.936 Thread 0x000000001653f800 Uncommon trap: reason=unstable_if action=reinterpret pc=0x0000000002adb090 method=com.android.dx.ssa.SCCP.simulateStmt(Lcom/android/dx/ssa/SsaInsn;)V @ 59
Event: 9.940 Thread 0x000000001653f800 Uncommon trap: reason=bimorphic action=maybe_recompile pc=0x000000000294e674 method=java.util.HashMap.putVal(ILjava/lang/Object;Ljava/lang/Object;ZZ)Ljava/lang/Object; @ 203
Event: 9.966 Thread 0x0000000016541000 Uncommon trap: reason=unstable_if action=reinterpret pc=0x0000000002ae8760 method=com.android.dx.ssa.InterferenceRegisterMapper.interferes(III)Z @ 69
Event: 9.972 Thread 0x0000000016541000 Uncommon trap: reason=bimorphic action=maybe_recompile pc=0x0000000002a748ac method=com.android.dx.rop.code.RegisterSpec.withSimpleType()Lcom/android/dx/rop/code/RegisterSpec; @ 21
Event: 9.997 Thread 0x0000000016541000 Uncommon trap: reason=unstable_if action=reinterpret pc=0x0000000002a53e60 method=com.android.dx.cf.code.Ropper.processBlock(Lcom/android/dx/cf/code/ByteBlock;Lcom/android/dx/cf/code/Frame;[I)V @ 413
Event: 10.022 Thread 0x0000000016540000 Uncommon trap: reason=bimorphic action=maybe_recompile pc=0x0000000002a748ac method=com.android.dx.rop.code.RegisterSpec.withSimpleType()Lcom/android/dx/rop/code/RegisterSpec; @ 21
Event: 10.026 Thread 0x0000000016540000 Uncommon trap: reason=bimorphic action=maybe_recompile pc=0x0000000002810658 method=com.android.dx.ssa.LiteralOpUpgrader.tryReplacingWithConstant(Lcom/android/dx/ssa/NormalSsaInsn;)Z @ 62

Internal exceptions (2 events):
Event: 0.100 Thread 0x00000000021c1000 Exception <a 'java/lang/NoSuchMethodError': Method sun.misc.Unsafe.defineClass(Ljava/lang/String;[BII)Ljava/lang/Class; name or signature does not match> (0x00000000eab07cc0) thrown at [C:\re\workspace\8-2-build-windows-amd64-cygwin\jdk8u91\7017\hotspot\sr´¤ØF$¬¹?
Event: 0.100 Thread 0x00000000021c1000 Exception <a 'java/lang/NoSuchMethodError': Method sun.misc.Unsafe.prefetchRead(Ljava/lang/Object;J)V name or signature does not match> (0x00000000eab07fa8) thrown at [C:\re\workspace\8-2-build-windows-amd64-cygwin\jdk8u91\7017\hotspot\src\share\vm\prims\j

Events (10 events):
Event: 9.997 Thread 0x0000000016541000 DEOPT PACKING pc=0x0000000002a53e60 sp=0x0000000016dde850
Event: 9.997 Thread 0x0000000016541000 DEOPT UNPACKING pc=0x000000000230582a sp=0x0000000016dde818 mode 2
Event: 10.022 Thread 0x0000000016540000 Uncommon trap: trap_request=0xffffffc6 fr.pc=0x0000000002a748ac
Event: 10.022 Thread 0x0000000016540000 DEOPT PACKING pc=0x0000000002a748ac sp=0x0000000016cde7a0
Event: 10.022 Thread 0x0000000016540000 DEOPT UNPACKING pc=0x000000000230582a sp=0x0000000016cde6b8 mode 2
Event: 10.026 Thread 0x0000000016540000 Uncommon trap: trap_request=0xffffffc6 fr.pc=0x0000000002810658
Event: 10.026 Thread 0x0000000016540000 DEOPT PACKING pc=0x0000000002810658 sp=0x0000000016cde5c0
Event: 10.026 Thread 0x0000000016540000 DEOPT UNPACKING pc=0x000000000230582a sp=0x0000000016cde560 mode 2
Event: 10.086 Thread 0x00000000021c1000 DEOPT PACKING pc=0x0000000002718dd1 sp=0x00000000021be460
Event: 10.086 Thread 0x00000000021c1000 DEOPT UNPACKING pc=0x000000000230787f sp=0x00000000021be290 mode 0


Dynamic libraries:
0x00007ff6440b0000 - 0x00007ff6440e7000 	C:\Program Files\Java\jdk1.8.0_91\bin\java.exe
0x00007ff9b8db0000 - 0x00007ff9b8f71000 	C:\Windows\SYSTEM32\ntdll.dll
0x00007ff9b8660000 - 0x00007ff9b870d000 	C:\Windows\system32\KERNEL32.DLL
0x00007ff9b5ea0000 - 0x00007ff9b6088000 	C:\Windows\system32\KERNELBASE.dll
0x00007ff9b61b0000 - 0x00007ff9b6257000 	C:\Windows\system32\ADVAPI32.dll
0x00007ff9b88c0000 - 0x00007ff9b895d000 	C:\Windows\system32\msvcrt.dll
0x00007ff9b6280000 - 0x00007ff9b62db000 	C:\Windows\system32\sechost.dll
0x00007ff9b7e30000 - 0x00007ff9b7f4c000 	C:\Windows\system32\RPCRT4.dll
0x00007ff9b7a50000 - 0x00007ff9b7ba6000 	C:\Windows\system32\USER32.dll
0x00007ff9b8a70000 - 0x00007ff9b8bf6000 	C:\Windows\system32\GDI32.dll
0x00007ff9b1b80000 - 0x00007ff9b1df4000 	C:\Windows\WinSxS\amd64_microsoft.windows.common-controls_6595b64144ccf1df_6.0.10586.0_none_8c15ae12515e1c22\COMCTL32.dll
0x00007ff9b7bb0000 - 0x00007ff9b7e2d000 	C:\Windows\system32\combase.dll
0x00007ff9b6090000 - 0x00007ff9b60fa000 	C:\Windows\system32\bcryptPrimitives.dll
0x00007ff9b8120000 - 0x00007ff9b815b000 	C:\Windows\system32\IMM32.DLL
0x000000005fa00000 - 0x000000005fad2000 	C:\Program Files\Java\jdk1.8.0_91\jre\bin\msvcr100.dll
0x000000005fe80000 - 0x0000000060713000 	C:\Program Files\Java\jdk1.8.0_91\jre\bin\server\jvm.dll
0x00007ff9b62f0000 - 0x00007ff9b62f8000 	C:\Windows\system32\PSAPI.DLL
0x00007ff9a4350000 - 0x00007ff9a4359000 	C:\Windows\SYSTEM32\WSOCK32.dll
0x00007ff9b7f50000 - 0x00007ff9b7fbb000 	C:\Windows\system32\WS2_32.dll
0x00007ff9b39c0000 - 0x00007ff9b39e3000 	C:\Windows\SYSTEM32\WINMM.dll
0x00007ff9abc60000 - 0x00007ff9abc6a000 	C:\Windows\SYSTEM32\VERSION.dll
0x00007ff9b3990000 - 0x00007ff9b39bc000 	C:\Windows\SYSTEM32\WINMMBASE.dll
0x00007ff9b5b70000 - 0x00007ff9b5bb3000 	C:\Windows\system32\cfgmgr32.dll
0x000000005fe70000 - 0x000000005fe7f000 	C:\Program Files\Java\jdk1.8.0_91\jre\bin\verify.dll
0x000000005fe40000 - 0x000000005fe69000 	C:\Program Files\Java\jdk1.8.0_91\jre\bin\java.dll
0x000000005fe20000 - 0x000000005fe36000 	C:\Program Files\Java\jdk1.8.0_91\jre\bin\zip.dll
0x00007ff9b63c0000 - 0x00007ff9b791c000 	C:\Windows\system32\SHELL32.dll
0x00007ff9b5460000 - 0x00007ff9b5aa5000 	C:\Windows\system32\windows.storage.dll
0x00007ff9b8c00000 - 0x00007ff9b8c52000 	C:\Windows\system32\shlwapi.dll
0x00007ff9b5440000 - 0x00007ff9b544f000 	C:\Windows\system32\kernel.appcore.dll
0x00007ff9b5ab0000 - 0x00007ff9b5b65000 	C:\Windows\system32\shcore.dll
0x00007ff9b53f0000 - 0x00007ff9b543b000 	C:\Windows\system32\powrprof.dll
0x00007ff9b53d0000 - 0x00007ff9b53e4000 	C:\Windows\system32\profapi.dll

VM Arguments:
jvm_args: -Djava.awt.headless=true -Xmx1024M -Dfile.encoding=windows-1252 -Duser.country=BR -Duser.language=pt -Duser.variant 
java_command: com.android.dx.command.Main --dex --force-jumbo --num-threads=4 --multi-dex --output C:\Users\riyad\Documents\GitHub\PostBase\app\build\intermediates\transforms\dex\debug\folders\1000\10\com.android.support-appcompat-v7-23.4.0_83a9b03ed30bb53b80ca10bfa926b8af4723fc01 C:\Users\riyad\Documents\GitHub\PostBase\app\build\intermediates\exploded-aar\com.android.support\appcompat-v7\23.4.0\jars\classes.jar
java_class_path (initial): E:\Android\sdk\build-tools\24.0.0\lib\dx.jar
Launcher Type: SUN_STANDARD

Environment Variables:
PATH=C:\Program Files (x86)\Intel\iCLS Client\;C:\Program Files\Intel\iCLS Client\;C:\ProgramData\Oracle\Java\javapath;C:\Windows\system32;C:\Windows;C:\Windows\System32\Wbem;C:\Windows\System32\WindowsPowerShell\v1.0\;C:\Program Files (x86)\MySQL\MySQL Fabric 1.5 & MySQL Utilities 1.5\;C:\Program Files (x86)\MySQL\MySQL Fabric 1.5 & MySQL Utilities 1.5\Doctrine extensions for PHP\;C:\Program Files (x86)\GtkSharp\2.12\bin;C:\Program Files\Git\cmd;C:\Program Files (x86)\Intel\Intel(R) Management Engine Components\DAL;C:\Program Files\Intel\Intel(R) Management Engine Components\DAL;C:\Program Files (x86)\Intel\Intel(R) Management Engine Components\IPT;C:\Program Files\Intel\Intel(R) Management Engine Components\IPT
USERNAME=riyad
OS=Windows_NT
PROCESSOR_IDENTIFIER=Intel64 Family 6 Model 58 Stepping 9, GenuineIntel



---------------  S Y S T E M  ---------------

OS: Windows 10.0 , 64 bit Build 10586 (10.0.10586.0)

CPU:total 4 (2 cores per cpu, 2 threads per core) family 6 model 58 stepping 9, cmov, cx8, fxsr, mmx, sse, sse2, sse3, ssse3, sse4.1, sse4.2, popcnt, avx, aes, clmul, erms, ht, tsc, tscinvbit, tscinv

Memory: 4k page, physical 6186068k(988204k free), swap 6186068k(5708k free)

vm_info: Java HotSpot(TM) 64-Bit Server VM (25.91-b15) for windows-amd64 JRE (1.8.0_91-b15), built on May 20 2016 17:43:15 by "java_re" with MS VC++ 10.0 (VS2010)

time: Tue Sep 20 15:31:49 2016
elapsed time: 10 seconds (0d 0h 0m 10s)

