#
# There is insufficient memory for the Java Runtime Environment to continue.
# Native memory allocation (malloc) failed to allocate 1795696 bytes for Chunk::new
# Possible reasons:
#   The system is out of physical RAM or swap space
#   In 32 bit mode, the process size limit was hit
# Possible solutions:
#   Reduce memory load on the system
#   Increase physical memory or swap space
#   Check if swap backing store is full
#   Use 64 bit Java on a 64 bit OS
#   Decrease Java heap size (-Xmx/-Xms)
#   Decrease number of Java threads
#   Decrease Java thread stack sizes (-Xss)
#   Set larger code cache with -XX:ReservedCodeCacheSize=
# This output file may be truncated or incomplete.
#
#  Out of Memory Error (allocation.cpp:390), pid=5688, tid=3992
#
# JRE version: Java(TM) SE Runtime Environment (8.0_91-b15) (build 1.8.0_91-b15)
# Java VM: Java HotSpot(TM) 64-Bit Server VM (25.91-b15 mixed mode windows-amd64 compressed oops)
# Failed to write core dump. Minidumps are not enabled by default on client versions of Windows
#

---------------  T H R E A D  ---------------

Current thread (0x00000000149df800):  JavaThread "C2 CompilerThread1" daemon [_thread_in_native, id=3992, stack(0x0000000016140000,0x0000000016240000)]

Stack: [0x0000000016140000,0x0000000016240000]
[error occurred during error reporting (printing stack bounds), id 0xc0000005]

Native frames: (J=compiled Java code, j=interpreted, Vv=VM code, C=native code)


Current CompileTask:
C2:   3476 1167   !   4       com.android.dx.cf.code.BytecodeArray::parseInstruction (2764 bytes)


---------------  P R O C E S S  ---------------

Java Threads: ( => current thread )
  0x00000000163ee800 JavaThread "pool-2-thread-4" [_thread_in_Java, id=6348, stack(0x0000000016d40000,0x0000000016e40000)]
  0x00000000163e7800 JavaThread "pool-2-thread-3" [_thread_in_Java, id=1820, stack(0x0000000016c40000,0x0000000016d40000)]
  0x00000000163e6800 JavaThread "pool-2-thread-2" [_thread_in_Java, id=2900, stack(0x0000000016b40000,0x0000000016c40000)]
  0x00000000163d5800 JavaThread "pool-3-thread-1" [_thread_blocked, id=1196, stack(0x0000000016a40000,0x0000000016b40000)]
  0x00000000163d5000 JavaThread "pool-2-thread-1" [_thread_in_Java, id=4608, stack(0x0000000016940000,0x0000000016a40000)]
  0x000000001624c000 JavaThread "Service Thread" daemon [_thread_blocked, id=2924, stack(0x0000000016740000,0x0000000016840000)]
  0x0000000016248800 JavaThread "C1 CompilerThread2" daemon [_thread_blocked, id=6460, stack(0x0000000016640000,0x0000000016740000)]
=>0x00000000149df800 JavaThread "C2 CompilerThread1" daemon [_thread_in_native, id=3992, stack(0x0000000016140000,0x0000000016240000)]
  0x00000000149dd000 JavaThread "C2 CompilerThread0" daemon [_thread_in_native, id=1872, stack(0x0000000016040000,0x0000000016140000)]
  0x00000000149da800 JavaThread "Attach Listener" daemon [_thread_blocked, id=7144, stack(0x0000000015f40000,0x0000000016040000)]
  0x00000000149da000 JavaThread "Signal Dispatcher" daemon [_thread_blocked, id=6404, stack(0x0000000015e40000,0x0000000015f40000)]
  0x000000000230a000 JavaThread "Finalizer" daemon [_thread_blocked, id=240, stack(0x0000000015c40000,0x0000000015d40000)]
  0x00000000022ff800 JavaThread "Reference Handler" daemon [_thread_blocked, id=6732, stack(0x0000000015b40000,0x0000000015c40000)]
  0x0000000002211000 JavaThread "main" [_thread_blocked, id=4352, stack(0x0000000002110000,0x0000000002210000)]

Other Threads:
  0x00000000149a8000 VMThread [stack: 0x0000000015a40000,0x0000000015b40000] [id=4488]
  0x0000000016250000 WatcherThread [stack: 0x0000000016840000,0x0000000016940000] [id=3092]

VM state:not at safepoint (normal execution)

VM Mutex/Monitor currently owned by a thread: None

Heap:
 PSYoungGen      total 28672K, used 15447K [0x00000000eab00000, 0x00000000ee300000, 0x0000000100000000)
  eden space 24576K, 46% used [0x00000000eab00000,0x00000000eb617688,0x00000000ec300000)
  from space 4096K, 99% used [0x00000000ec300000,0x00000000ec6fe628,0x00000000ec700000)
  to   space 4096K, 0% used [0x00000000edf00000,0x00000000edf00000,0x00000000ee300000)
 ParOldGen       total 65536K, used 1674K [0x00000000c0000000, 0x00000000c4000000, 0x00000000eab00000)
  object space 65536K, 2% used [0x00000000c0000000,0x00000000c01a2990,0x00000000c4000000)
 Metaspace       used 5993K, capacity 6900K, committed 7040K, reserved 1056768K
  class space    used 601K, capacity 620K, committed 640K, reserved 1048576K

Card table byte_map: [0x00000000116d0000,0x00000000118e0000] byte_map_base: 0x00000000110d0000

Marking Bits: (ParMarkBitMap*) 0x0000000060692f70
 Begin Bits: [0x0000000011e40000, 0x0000000012e40000)
 End Bits:   [0x0000000012e40000, 0x0000000013e40000)

Polling page: 0x00000000001f0000

CodeCache: size=245760Kb used=4856Kb max_used=4880Kb free=240903Kb
 bounds [0x0000000002310000, 0x00000000027e0000, 0x0000000011310000]
 total_blobs=1463 nmethods=1194 adapters=182
 compilation: enabled

Compilation events (10 events):
Event: 3.262 Thread 0x0000000016248800 1209       3       com.android.dx.rop.type.Prototype::getParameterFrameTypes (96 bytes)
Event: 3.264 Thread 0x0000000016248800 nmethod 1209 0x00000000027c5510 code [0x00000000027c5760, 0x00000000027c6778]
Event: 3.265 Thread 0x0000000016248800 1210       3       com.android.dx.cf.code.ExecutionStack::clear (40 bytes)
Event: 3.265 Thread 0x0000000016248800 nmethod 1210 0x00000000027c7210 code [0x00000000027c73c0, 0x00000000027c7928]
Event: 3.266 Thread 0x0000000016248800 1211       3       com.android.dx.cf.code.Ropper$CatchInfo::getSetup (53 bytes)
Event: 3.266 Thread 0x0000000016248800 nmethod 1211 0x00000000027c7bd0 code [0x00000000027c7da0, 0x00000000027c8488]
Event: 3.267 Thread 0x0000000016248800 1212       3       com.android.dx.cf.code.BaseMachine::popArgs (72 bytes)
Event: 3.268 Thread 0x0000000016248800 nmethod 1212 0x00000000027c87d0 code [0x00000000027c8a40, 0x00000000027c9828]
Event: 3.444 Thread 0x00000000149dd000 nmethod 1151 0x00000000027cff10 code [0x00000000027d0240, 0x00000000027d3470]
Event: 3.444 Thread 0x00000000149dd000 1192 %     4       com.android.dx.ssa.SsaMethod::deleteInsns @ 42 (239 bytes)

GC Heap History (2 events):
Event: 2.776 GC heap before
{Heap before GC invocations=1 (full 0):
 PSYoungGen      total 28672K, used 24576K [0x00000000eab00000, 0x00000000ecb00000, 0x0000000100000000)
  eden space 24576K, 100% used [0x00000000eab00000,0x00000000ec300000,0x00000000ec300000)
  from space 4096K, 0% used [0x00000000ec700000,0x00000000ec700000,0x00000000ecb00000)
  to   space 4096K, 0% used [0x00000000ec300000,0x00000000ec300000,0x00000000ec700000)
 ParOldGen       total 65536K, used 0K [0x00000000c0000000, 0x00000000c4000000, 0x00000000eab00000)
  object space 65536K, 0% used [0x00000000c0000000,0x00000000c0000000,0x00000000c4000000)
 Metaspace       used 5899K, capacity 6834K, committed 7040K, reserved 1056768K
  class space    used 598K, capacity 618K, committed 640K, reserved 1048576K
Event: 3.019 GC heap after
Heap after GC invocations=1 (full 0):
 PSYoungGen      total 28672K, used 4089K [0x00000000eab00000, 0x00000000ee300000, 0x0000000100000000)
  eden space 24576K, 0% used [0x00000000eab00000,0x00000000eab00000,0x00000000ec300000)
  from space 4096K, 99% used [0x00000000ec300000,0x00000000ec6fe628,0x00000000ec700000)
  to   space 4096K, 0% used [0x00000000edf00000,0x00000000edf00000,0x00000000ee300000)
 ParOldGen       total 65536K, used 1674K [0x00000000c0000000, 0x00000000c4000000, 0x00000000eab00000)
  object space 65536K, 2% used [0x00000000c0000000,0x00000000c01a2990,0x00000000c4000000)
 Metaspace       used 5899K, capacity 6834K, committed 7040K, reserved 1056768K
  class space    used 598K, capacity 618K, committed 640K, reserved 1048576K
}

Deoptimization events (10 events):
Event: 2.218 Thread 0x00000000163ee800 Uncommon trap: reason=unstable_if action=reinterpret pc=0x00000000025f9edc method=com.android.dx.rop.cst.Constant.compareTo(Lcom/android/dx/rop/cst/Constant;)I @ 12
Event: 2.574 Thread 0x0000000002211000 Uncommon trap: reason=null_check action=make_not_entrant pc=0x00000000025dfae0 method=com.android.dx.ssa.SsaRenamer.getLocalForNewReg(I)Lcom/android/dx/rop/code/LocalItem; @ 19
Event: 2.620 Thread 0x00000000163e7800 Uncommon trap: reason=unstable_if action=reinterpret pc=0x000000000264fe24 method=com.android.dx.ssa.SsaRenamer$BlockRenamer.addMapping(ILcom/android/dx/rop/code/RegisterSpec;)V @ 120
Event: 3.100 Thread 0x00000000163d5000 Uncommon trap: reason=unstable_if action=reinterpret pc=0x00000000025d5bdc method=com.android.dx.rop.code.RegisterSpec.equals(ILcom/android/dx/rop/type/TypeBearer;Lcom/android/dx/rop/code/LocalItem;)Z @ 42
Event: 3.103 Thread 0x00000000163e6800 Uncommon trap: reason=class_check action=maybe_recompile pc=0x000000000273dd20 method=com.android.dx.ssa.SCCP.simulatePhi(Lcom/android/dx/ssa/PhiInsn;)V @ 124
Event: 3.103 Thread 0x00000000163e6800 Uncommon trap: reason=class_check action=maybe_recompile pc=0x000000000273dd20 method=com.android.dx.ssa.SCCP.simulatePhi(Lcom/android/dx/ssa/PhiInsn;)V @ 124
Event: 3.103 Thread 0x00000000163e6800 Uncommon trap: reason=class_check action=maybe_recompile pc=0x000000000273dd20 method=com.android.dx.ssa.SCCP.simulatePhi(Lcom/android/dx/ssa/PhiInsn;)V @ 124
Event: 3.103 Thread 0x00000000163e6800 Uncommon trap: reason=class_check action=maybe_recompile pc=0x000000000273dd20 method=com.android.dx.ssa.SCCP.simulatePhi(Lcom/android/dx/ssa/PhiInsn;)V @ 124
Event: 3.218 Thread 0x00000000163e7800 Uncommon trap: reason=bimorphic action=maybe_recompile pc=0x000000000256a104 method=java.util.HashMap.getNode(ILjava/lang/Object;)Ljava/util/HashMap$Node; @ 126
Event: 3.218 Thread 0x00000000163e7800 Uncommon trap: reason=class_check action=maybe_recompile pc=0x000000000260284c method=java.util.HashMap.putVal(ILjava/lang/Object;Ljava/lang/Object;ZZ)Ljava/lang/Object; @ 203

Internal exceptions (3 events):
Event: 0.051 Thread 0x0000000002211000 Exception <a 'java/lang/NoSuchMethodError': Method sun.misc.Unsafe.defineClass(Ljava/lang/String;[BII)Ljava/lang/Class; name or signature does not match> (0x00000000eab07cc0) thrown at [C:\re\workspace\8-2-build-windows-amd64-cygwin\jdk8u91\7017\hotspot\srÆ7ª°~ª?
Event: 0.051 Thread 0x0000000002211000 Exception <a 'java/lang/NoSuchMethodError': Method sun.misc.Unsafe.prefetchRead(Ljava/lang/Object;J)V name or signature does not match> (0x00000000eab07fa8) thrown at [C:\re\workspace\8-2-build-windows-amd64-cygwin\jdk8u91\7017\hotspot\src\share\vm\prims\jÞ†=û—@
Event: 2.574 Thread 0x0000000002211000 Implicit null exception at 0x00000000025ddef4 to 0x00000000025dfa95

Events (10 events):
Event: 3.103 Thread 0x00000000163e6800 DEOPT UNPACKING pc=0x000000000235582a sp=0x0000000016c3e928 mode 2
Event: 3.103 Thread 0x00000000163e6800 Uncommon trap: trap_request=0xffffffde fr.pc=0x000000000273dd20
Event: 3.103 Thread 0x00000000163e6800 DEOPT PACKING pc=0x000000000273dd20 sp=0x0000000016c3e970
Event: 3.103 Thread 0x00000000163e6800 DEOPT UNPACKING pc=0x000000000235582a sp=0x0000000016c3e928 mode 2
Event: 3.218 Thread 0x00000000163e7800 Uncommon trap: trap_request=0xffffffc6 fr.pc=0x000000000256a104
Event: 3.218 Thread 0x00000000163e7800 DEOPT PACKING pc=0x000000000256a104 sp=0x0000000016d3e830
Event: 3.218 Thread 0x00000000163e7800 DEOPT UNPACKING pc=0x000000000235582a sp=0x0000000016d3e758 mode 2
Event: 3.218 Thread 0x00000000163e7800 Uncommon trap: trap_request=0xffffffde fr.pc=0x000000000260284c
Event: 3.218 Thread 0x00000000163e7800 DEOPT PACKING pc=0x000000000260284c sp=0x0000000016d3e7d0
Event: 3.218 Thread 0x00000000163e7800 DEOPT UNPACKING pc=0x000000000235582a sp=0x0000000016d3e748 mode 2


Dynamic libraries:
0x00007ff6440b0000 - 0x00007ff6440e7000 	C:\Program Files\Java\jdk1.8.0_91\bin\java.exe
0x00007ff9b8db0000 - 0x00007ff9b8f71000 	C:\Windows\SYSTEM32\ntdll.dll
0x00007ff9b8660000 - 0x00007ff9b870d000 	C:\Windows\system32\KERNEL32.DLL
0x00007ff9b5ea0000 - 0x00007ff9b6088000 	C:\Windows\system32\KERNELBASE.dll
0x00007ff9b61b0000 - 0x00007ff9b6257000 	C:\Windows\system32\ADVAPI32.dll
0x00007ff9b88c0000 - 0x00007ff9b895d000 	C:\Windows\system32\msvcrt.dll
0x00007ff9b6280000 - 0x00007ff9b62db000 	C:\Windows\system32\sechost.dll
0x00007ff9b7e30000 - 0x00007ff9b7f4c000 	C:\Windows\system32\RPCRT4.dll
0x00007ff9b7a50000 - 0x00007ff9b7ba6000 	C:\Windows\system32\USER32.dll
0x00007ff9b8a70000 - 0x00007ff9b8bf6000 	C:\Windows\system32\GDI32.dll
0x00007ff9b1b80000 - 0x00007ff9b1df4000 	C:\Windows\WinSxS\amd64_microsoft.windows.common-controls_6595b64144ccf1df_6.0.10586.0_none_8c15ae12515e1c22\COMCTL32.dll
0x00007ff9b7bb0000 - 0x00007ff9b7e2d000 	C:\Windows\system32\combase.dll
0x00007ff9b6090000 - 0x00007ff9b60fa000 	C:\Windows\system32\bcryptPrimitives.dll
0x00007ff9b8120000 - 0x00007ff9b815b000 	C:\Windows\system32\IMM32.DLL
0x000000005fa00000 - 0x000000005fad2000 	C:\Program Files\Java\jdk1.8.0_91\jre\bin\msvcr100.dll
0x000000005fe80000 - 0x0000000060713000 	C:\Program Files\Java\jdk1.8.0_91\jre\bin\server\jvm.dll
0x00007ff9b62f0000 - 0x00007ff9b62f8000 	C:\Windows\system32\PSAPI.DLL
0x00007ff9a4350000 - 0x00007ff9a4359000 	C:\Windows\SYSTEM32\WSOCK32.dll
0x00007ff9b7f50000 - 0x00007ff9b7fbb000 	C:\Windows\system32\WS2_32.dll
0x00007ff9b39c0000 - 0x00007ff9b39e3000 	C:\Windows\SYSTEM32\WINMM.dll
0x00007ff9abc60000 - 0x00007ff9abc6a000 	C:\Windows\SYSTEM32\VERSION.dll
0x00007ff9b3990000 - 0x00007ff9b39bc000 	C:\Windows\SYSTEM32\WINMMBASE.dll
0x00007ff9b5b70000 - 0x00007ff9b5bb3000 	C:\Windows\system32\cfgmgr32.dll
0x000000005fe70000 - 0x000000005fe7f000 	C:\Program Files\Java\jdk1.8.0_91\jre\bin\verify.dll
0x000000005fe40000 - 0x000000005fe69000 	C:\Program Files\Java\jdk1.8.0_91\jre\bin\java.dll
0x000000005fe20000 - 0x000000005fe36000 	C:\Program Files\Java\jdk1.8.0_91\jre\bin\zip.dll
0x00007ff9b63c0000 - 0x00007ff9b791c000 	C:\Windows\system32\SHELL32.dll
0x00007ff9b5460000 - 0x00007ff9b5aa5000 	C:\Windows\system32\windows.storage.dll
0x00007ff9b8c00000 - 0x00007ff9b8c52000 	C:\Windows\system32\shlwapi.dll
0x00007ff9b5440000 - 0x00007ff9b544f000 	C:\Windows\system32\kernel.appcore.dll
0x00007ff9b5ab0000 - 0x00007ff9b5b65000 	C:\Windows\system32\shcore.dll
0x00007ff9b53f0000 - 0x00007ff9b543b000 	C:\Windows\system32\powrprof.dll
0x00007ff9b53d0000 - 0x00007ff9b53e4000 	C:\Windows\system32\profapi.dll

VM Arguments:
jvm_args: -Djava.awt.headless=true -Xmx1024M -Dfile.encoding=windows-1252 -Duser.country=BR -Duser.language=pt -Duser.variant 
java_command: com.android.dx.command.Main --dex --force-jumbo --num-threads=4 --multi-dex --output C:\Users\riyad\Documents\GitHub\PostBase\app\build\intermediates\transforms\dex\debug\folders\1000\10\instant-run_6d1bc7c4cc528fddf04fe20eb35cd4a380e05434 C:\Users\riyad\Documents\GitHub\PostBase\app\build\intermediates\incremental-runtime-classes\debug\instant-run.jar
java_class_path (initial): E:\Android\sdk\build-tools\24.0.0\lib\dx.jar
Launcher Type: SUN_STANDARD

Environment Variables:
PATH=C:\Program Files (x86)\Intel\iCLS Client\;C:\Program Files\Intel\iCLS Client\;C:\ProgramData\Oracle\Java\javapath;C:\Windows\system32;C:\Windows;C:\Windows\System32\Wbem;C:\Windows\System32\WindowsPowerShell\v1.0\;C:\Program Files (x86)\MySQL\MySQL Fabric 1.5 & MySQL Utilities 1.5\;C:\Program Files (x86)\MySQL\MySQL Fabric 1.5 & MySQL Utilities 1.5\Doctrine extensions for PHP\;C:\Program Files (x86)\GtkSharp\2.12\bin;C:\Program Files\Git\cmd;C:\Program Files (x86)\Intel\Intel(R) Management Engine Components\DAL;C:\Program Files\Intel\Intel(R) Management Engine Components\DAL;C:\Program Files (x86)\Intel\Intel(R) Management Engine Components\IPT;C:\Program Files\Intel\Intel(R) Management Engine Components\IPT
USERNAME=riyad
OS=Windows_NT
PROCESSOR_IDENTIFIER=Intel64 Family 6 Model 58 Stepping 9, GenuineIntel



---------------  S Y S T E M  ---------------

OS: Windows 10.0 , 64 bit Build 10586 (10.0.10586.0)

CPU:total 4 (2 cores per cpu, 2 threads per core) family 6 model 58 stepping 9, cmov, cx8, fxsr, mmx, sse, sse2, sse3, ssse3, sse4.1, sse4.2, popcnt, avx, aes, clmul, erms, ht, tsc, tscinvbit, tscinv

Memory: 4k page, physical 6186068k(863080k free), swap 6186068k(5696k free)

vm_info: Java HotSpot(TM) 64-Bit Server VM (25.91-b15) for windows-amd64 JRE (1.8.0_91-b15), built on May 20 2016 17:43:15 by "java_re" with MS VC++ 10.0 (VS2010)

time: Tue Sep 20 15:55:34 2016
elapsed time: 3 seconds (0d 0h 0m 3s)

