#
# There is insufficient memory for the Java Runtime Environment to continue.
# Native memory allocation (malloc) failed to allocate 32784 bytes for Chunk::new
# Possible reasons:
#   The system is out of physical RAM or swap space
#   In 32 bit mode, the process size limit was hit
# Possible solutions:
#   Reduce memory load on the system
#   Increase physical memory or swap space
#   Check if swap backing store is full
#   Use 64 bit Java on a 64 bit OS
#   Decrease Java heap size (-Xmx/-Xms)
#   Decrease number of Java threads
#   Decrease Java thread stack sizes (-Xss)
#   Set larger code cache with -XX:ReservedCodeCacheSize=
# This output file may be truncated or incomplete.
#
#  Out of Memory Error (allocation.cpp:390), pid=6796, tid=3308
#
# JRE version: Java(TM) SE Runtime Environment (8.0_91-b15) (build 1.8.0_91-b15)
# Java VM: Java HotSpot(TM) 64-Bit Server VM (25.91-b15 mixed mode windows-amd64 compressed oops)
# Failed to write core dump. Minidumps are not enabled by default on client versions of Windows
#

---------------  T H R E A D  ---------------

Current thread (0x00000000148af800):  JavaThread "C2 CompilerThread1" daemon [_thread_in_native, id=3308, stack(0x0000000016000000,0x0000000016100000)]

Stack: [0x0000000016000000,0x0000000016100000]
[error occurred during error reporting (printing stack bounds), id 0xc0000005]

Native frames: (J=compiled Java code, j=interpreted, Vv=VM code, C=native code)


Current CompileTask:
C2:   2757  784   !   4       com.android.dx.rop.code.RegisterSpec::intern (70 bytes)


---------------  P R O C E S S  ---------------

Java Threads: ( => current thread )
  0x0000000016478000 JavaThread "pool-1-thread-4" [_thread_in_Java, id=5524, stack(0x0000000016c00000,0x0000000016d00000)]
  0x0000000016477000 JavaThread "pool-1-thread-3" [_thread_in_Java, id=6232, stack(0x0000000016b00000,0x0000000016c00000)]
  0x000000001640b800 JavaThread "pool-1-thread-2" [_thread_in_vm_trans, id=3912, stack(0x0000000016a00000,0x0000000016b00000)]
  0x0000000016366800 JavaThread "pool-2-thread-1" [_thread_blocked, id=5276, stack(0x0000000016900000,0x0000000016a00000)]
  0x0000000016359000 JavaThread "pool-1-thread-1" [_thread_in_vm_trans, id=5776, stack(0x0000000016800000,0x0000000016900000)]
  0x0000000016204000 JavaThread "Service Thread" daemon [_thread_blocked, id=5312, stack(0x0000000016600000,0x0000000016700000)]
  0x000000001490a800 JavaThread "C1 CompilerThread2" daemon [_thread_in_vm, id=7140, stack(0x0000000016100000,0x0000000016200000)]
=>0x00000000148af800 JavaThread "C2 CompilerThread1" daemon [_thread_in_native, id=3308, stack(0x0000000016000000,0x0000000016100000)]
  0x00000000148ad800 JavaThread "C2 CompilerThread0" daemon [_thread_in_native, id=6864, stack(0x0000000015f00000,0x0000000016000000)]
  0x00000000148aa800 JavaThread "Attach Listener" daemon [_thread_blocked, id=3924, stack(0x0000000015e00000,0x0000000015f00000)]
  0x00000000148a9800 JavaThread "Signal Dispatcher" daemon [_thread_blocked, id=5688, stack(0x0000000015d00000,0x0000000015e00000)]
  0x000000001489a800 JavaThread "Finalizer" daemon [_thread_blocked, id=6184, stack(0x0000000015b00000,0x0000000015c00000)]
  0x00000000021cf000 JavaThread "Reference Handler" daemon [_thread_blocked, id=6700, stack(0x0000000015a00000,0x0000000015b00000)]
  0x00000000020e1000 JavaThread "main" [_thread_blocked, id=5292, stack(0x0000000001f90000,0x0000000002090000)]

Other Threads:
  0x0000000014878000 VMThread [stack: 0x0000000015900000,0x0000000015a00000] [id=3188]
  0x0000000016209000 WatcherThread [stack: 0x0000000016700000,0x0000000016800000] [id=6952]

VM state:not at safepoint (normal execution)

VM Mutex/Monitor currently owned by a thread: None

Heap:
 PSYoungGen      total 28672K, used 13405K [0x00000000eab00000, 0x00000000ecb00000, 0x0000000100000000)
  eden space 24576K, 54% used [0x00000000eab00000,0x00000000eb817788,0x00000000ec300000)
  from space 4096K, 0% used [0x00000000ec700000,0x00000000ec700000,0x00000000ecb00000)
  to   space 4096K, 0% used [0x00000000ec300000,0x00000000ec300000,0x00000000ec700000)
 ParOldGen       total 65536K, used 0K [0x00000000c0000000, 0x00000000c4000000, 0x00000000eab00000)
  object space 65536K, 0% used [0x00000000c0000000,0x00000000c0000000,0x00000000c4000000)
 Metaspace       used 5682K, capacity 6642K, committed 6784K, reserved 1056768K
  class space    used 595K, capacity 618K, committed 640K, reserved 1048576K

Card table byte_map: [0x00000000115a0000,0x00000000117b0000] byte_map_base: 0x0000000010fa0000

Marking Bits: (ParMarkBitMap*) 0x00000000653e2f70
 Begin Bits: [0x0000000011d10000, 0x0000000012d10000)
 End Bits:   [0x0000000012d10000, 0x0000000013d10000)

Polling page: 0x00000000001f0000

CodeCache: size=245760Kb used=3294Kb max_used=3306Kb free=242465Kb
 bounds [0x00000000021e0000, 0x0000000002520000, 0x00000000111e0000]
 total_blobs=1053 nmethods=783 adapters=182
 compilation: disabled (not enough contiguous free space left)

Compilation events (10 events):
Event: 2.741 Thread 0x00000000148ad800  785       4       com.android.dx.ssa.NormalSsaInsn::isNormalMoveInsn (20 bytes)
Event: 2.742 Thread 0x00000000148ad800 nmethod 785 0x00000000024eca90 code [0x00000000024ecbc0, 0x00000000024ecc58]
Event: 2.744 Thread 0x00000000148ad800  791       4       java.util.ArrayList::remove (69 bytes)
Event: 2.745 Thread 0x000000001490a800 nmethod 779 0x000000000250af90 code [0x000000000250b400, 0x000000000250ee98]
Event: 2.745 Thread 0x000000001490a800  783       3       com.android.dx.ssa.Dominators::compress (229 bytes)
Event: 2.747 Thread 0x00000000148ad800 nmethod 791 0x00000000025095d0 code [0x0000000002509720, 0x00000000025098d8]
Event: 2.748 Thread 0x000000001490a800 nmethod 783 0x0000000002512b90 code [0x0000000002512ee0, 0x0000000002514b98]
Event: 2.748 Thread 0x000000001490a800  792       3       com.android.dx.cf.code.ValueAwareMachine::run (1142 bytes)
Event: 2.752 Thread 0x000000001490a800 nmethod 792 0x00000000025163d0 code [0x0000000002516960, 0x000000000251b338]
Event: 2.752 Thread 0x000000001490a800  793       3       com.android.dx.cf.code.BaseMachine::storeResults (90 bytes)

GC Heap History (0 events):
No events

Deoptimization events (2 events):
Event: 2.476 Thread 0x0000000016359000 Uncommon trap: reason=unstable_if action=reinterpret pc=0x00000000024734f4 method=java.util.BitSet.ensureCapacity(I)V @ 6
Event: 2.489 Thread 0x0000000016359000 Uncommon trap: reason=unstable_if action=reinterpret pc=0x00000000023fd01c method=java.util.HashMap.getNode(ILjava/lang/Object;)Ljava/util/HashMap$Node; @ 129

Internal exceptions (2 events):
Event: 0.110 Thread 0x00000000020e1000 Exception <a 'java/lang/NoSuchMethodError': Method sun.misc.Unsafe.defineClass(Ljava/lang/String;[BII)Ljava/lang/Class; name or signature does not match> (0x00000000eab07cc0) thrown at [C:\re\workspace\8-2-build-windows-amd64-cygwin\jdk8u91\7017\hotspot\sr'¾Ÿ6¼?
Event: 0.110 Thread 0x00000000020e1000 Exception <a 'java/lang/NoSuchMethodError': Method sun.misc.Unsafe.prefetchRead(Ljava/lang/Object;J)V name or signature does not match> (0x00000000eab07fa8) thrown at [C:\re\workspace\8-2-build-windows-amd64-cygwin\jdk8u91\7017\hotspot\src\share\vm\prims\j

Events (10 events):
Event: 2.476 Thread 0x0000000016359000 Uncommon trap: trap_request=0xffffff65 fr.pc=0x00000000024734f4
Event: 2.476 Thread 0x0000000016359000 DEOPT PACKING pc=0x00000000024734f4 sp=0x00000000168feb30
Event: 2.476 Thread 0x0000000016359000 DEOPT UNPACKING pc=0x000000000222582a sp=0x00000000168fea18 mode 2
Event: 2.480 loading class com/android/dx/ssa/back/FirstFitLocalCombiningAllocator$Multiset
Event: 2.480 loading class com/android/dx/ssa/back/FirstFitLocalCombiningAllocator$Multiset done
Event: 2.489 Thread 0x0000000016359000 Uncommon trap: trap_request=0xffffff65 fr.pc=0x00000000023fd01c
Event: 2.489 Thread 0x0000000016359000 DEOPT PACKING pc=0x00000000023fd01c sp=0x00000000168fe9b0
Event: 2.489 Thread 0x0000000016359000 DEOPT UNPACKING pc=0x000000000222582a sp=0x00000000168fe928 mode 2
Event: 2.748 loading class com/android/dx/rop/cst/CstArray$List
Event: 2.748 loading class com/android/dx/rop/cst/CstArray$List done


Dynamic libraries:
0x00007ff7365d0000 - 0x00007ff736607000 	C:\Program Files\Java\jdk1.8.0_91\bin\java.exe
0x00007ff88f6c0000 - 0x00007ff88f881000 	C:\Windows\SYSTEM32\ntdll.dll
0x00007ff88f590000 - 0x00007ff88f63d000 	C:\Windows\system32\KERNEL32.DLL
0x00007ff88c840000 - 0x00007ff88ca28000 	C:\Windows\system32\KERNELBASE.dll
0x00007ff88f150000 - 0x00007ff88f1f7000 	C:\Windows\system32\ADVAPI32.dll
0x00007ff88f490000 - 0x00007ff88f52d000 	C:\Windows\system32\msvcrt.dll
0x00007ff88ec00000 - 0x00007ff88ec5b000 	C:\Windows\system32\sechost.dll
0x00007ff88ec80000 - 0x00007ff88ed9c000 	C:\Windows\system32\RPCRT4.dll
0x00007ff88e8f0000 - 0x00007ff88ea46000 	C:\Windows\system32\USER32.dll
0x00007ff88efc0000 - 0x00007ff88f146000 	C:\Windows\system32\GDI32.dll
0x00007ff886730000 - 0x00007ff8869a4000 	C:\Windows\WinSxS\amd64_microsoft.windows.common-controls_6595b64144ccf1df_6.0.10586.0_none_8c15ae12515e1c22\COMCTL32.dll
0x00007ff88e0f0000 - 0x00007ff88e36d000 	C:\Windows\system32\combase.dll
0x00007ff88c7d0000 - 0x00007ff88c83a000 	C:\Windows\system32\bcryptPrimitives.dll
0x00007ff88ebc0000 - 0x00007ff88ebfb000 	C:\Windows\system32\IMM32.DLL
0x0000000064810000 - 0x00000000648e2000 	C:\Program Files\Java\jdk1.8.0_91\jre\bin\msvcr100.dll
0x0000000064bd0000 - 0x0000000065463000 	C:\Program Files\Java\jdk1.8.0_91\jre\bin\server\jvm.dll
0x00007ff88ea50000 - 0x00007ff88ea58000 	C:\Windows\system32\PSAPI.DLL
0x00007ff87ac20000 - 0x00007ff87ac29000 	C:\Windows\SYSTEM32\WSOCK32.dll
0x00007ff88ef50000 - 0x00007ff88efbb000 	C:\Windows\system32\WS2_32.dll
0x00007ff88a3f0000 - 0x00007ff88a413000 	C:\Windows\SYSTEM32\WINMM.dll
0x00007ff882c80000 - 0x00007ff882c8a000 	C:\Windows\SYSTEM32\VERSION.dll
0x00007ff88a3c0000 - 0x00007ff88a3ec000 	C:\Windows\SYSTEM32\WINMMBASE.dll
0x00007ff88bd70000 - 0x00007ff88bdb3000 	C:\Windows\system32\cfgmgr32.dll
0x0000000065560000 - 0x000000006556f000 	C:\Program Files\Java\jdk1.8.0_91\jre\bin\verify.dll
0x0000000065530000 - 0x0000000065559000 	C:\Program Files\Java\jdk1.8.0_91\jre\bin\java.dll
0x0000000065510000 - 0x0000000065526000 	C:\Program Files\Java\jdk1.8.0_91\jre\bin\zip.dll
0x00007ff88cb90000 - 0x00007ff88e0ec000 	C:\Windows\system32\SHELL32.dll
0x00007ff88bfb0000 - 0x00007ff88c5f5000 	C:\Windows\system32\windows.storage.dll
0x00007ff88f530000 - 0x00007ff88f582000 	C:\Windows\system32\shlwapi.dll
0x00007ff88bd60000 - 0x00007ff88bd6f000 	C:\Windows\system32\kernel.appcore.dll
0x00007ff88c600000 - 0x00007ff88c6b5000 	C:\Windows\system32\shcore.dll
0x00007ff88bd10000 - 0x00007ff88bd5b000 	C:\Windows\system32\powrprof.dll
0x00007ff88bce0000 - 0x00007ff88bcf4000 	C:\Windows\system32\profapi.dll

VM Arguments:
jvm_args: -Djava.awt.headless=true -Xmx1024M -Dfile.encoding=windows-1252 -Duser.country=BR -Duser.language=pt -Duser.variant 
java_command: com.android.dx.command.Main --dex --force-jumbo --num-threads=4 --output C:\Users\riyad\Documents\GitHub\PostBase\app\build\intermediates\pre-dexed\debug\com.android.support-cardview-v7-21.0.3_3b86207c603cf2eb3b9d5a23221cd993054a669c.jar C:\Users\riyad\Documents\GitHub\PostBase\app\build\intermediates\exploded-aar\com.android.support\cardview-v7\21.0.3\jars\classes.jar
java_class_path (initial): E:\Android\sdk\build-tools\24.0.0\lib\dx.jar
Launcher Type: SUN_STANDARD

Environment Variables:
PATH=C:\ProgramData\Oracle\Java\javapath;C:\Windows\system32;C:\Windows;C:\Windows\System32\Wbem;C:\Windows\System32\WindowsPowerShell\v1.0\;C:\Program Files (x86)\MySQL\MySQL Fabric 1.5 & MySQL Utilities 1.5\;C:\Program Files (x86)\MySQL\MySQL Fabric 1.5 & MySQL Utilities 1.5\Doctrine extensions for PHP\;C:\Program Files (x86)\GtkSharp\2.12\bin;C:\Program Files\Git\cmd
USERNAME=riyad
OS=Windows_NT
PROCESSOR_IDENTIFIER=Intel64 Family 6 Model 58 Stepping 9, GenuineIntel



---------------  S Y S T E M  ---------------

OS: Windows 10.0 , 64 bit Build 10586 (10.0.10586.0)

CPU:total 4 (2 cores per cpu, 2 threads per core) family 6 model 58 stepping 9, cmov, cx8, fxsr, mmx, sse, sse2, sse3, ssse3, sse4.1, sse4.2, popcnt, avx, aes, clmul, erms, ht, tsc, tscinvbit, tscinv

Memory: 4k page, physical 6186068k(1181096k free), swap 6186068k(5124k free)

vm_info: Java HotSpot(TM) 64-Bit Server VM (25.91-b15) for windows-amd64 JRE (1.8.0_91-b15), built on May 20 2016 17:43:15 by "java_re" with MS VC++ 10.0 (VS2010)

time: Fri Sep 02 15:26:42 2016
elapsed time: 2 seconds (0d 0h 0m 2s)

