#
# There is insufficient memory for the Java Runtime Environment to continue.
# Native memory allocation (malloc) failed to allocate 860064 bytes for Chunk::new
# Possible reasons:
#   The system is out of physical RAM or swap space
#   In 32 bit mode, the process size limit was hit
# Possible solutions:
#   Reduce memory load on the system
#   Increase physical memory or swap space
#   Check if swap backing store is full
#   Use 64 bit Java on a 64 bit OS
#   Decrease Java heap size (-Xmx/-Xms)
#   Decrease number of Java threads
#   Decrease Java thread stack sizes (-Xss)
#   Set larger code cache with -XX:ReservedCodeCacheSize=
# This output file may be truncated or incomplete.
#
#  Out of Memory Error (allocation.cpp:390), pid=6516, tid=6496
#
# JRE version: Java(TM) SE Runtime Environment (8.0_91-b15) (build 1.8.0_91-b15)
# Java VM: Java HotSpot(TM) 64-Bit Server VM (25.91-b15 mixed mode windows-amd64 compressed oops)
# Failed to write core dump. Minidumps are not enabled by default on client versions of Windows
#

---------------  T H R E A D  ---------------

Current thread (0x0000000014a86000):  JavaThread "C2 CompilerThread1" daemon [_thread_in_native, id=6496, stack(0x00000000161a0000,0x00000000162a0000)]

Stack: [0x00000000161a0000,0x00000000162a0000]
[error occurred during error reporting (printing stack bounds), id 0xc0000005]

Native frames: (J=compiled Java code, j=interpreted, Vv=VM code, C=native code)


Current CompileTask:
C2:   9977 1408   !   4       com.android.dx.cf.code.BytecodeArray::parseInstruction (2764 bytes)


---------------  P R O C E S S  ---------------

Java Threads: ( => current thread )
  0x00000000164f5000 JavaThread "pool-1-thread-1" [_thread_new, id=4652, stack(0x0000000000000000,0x0000000000000000)]
  0x0000000014a8e000 JavaThread "Service Thread" daemon [_thread_blocked, id=6580, stack(0x00000000167a0000,0x00000000168a0000)]
  0x0000000014a8a800 JavaThread "C1 CompilerThread2" daemon [_thread_blocked, id=7048, stack(0x00000000162a0000,0x00000000163a0000)]
=>0x0000000014a86000 JavaThread "C2 CompilerThread1" daemon [_thread_in_native, id=6496, stack(0x00000000161a0000,0x00000000162a0000)]
  0x0000000014a2d000 JavaThread "C2 CompilerThread0" daemon [_thread_in_native, id=7092, stack(0x00000000160a0000,0x00000000161a0000)]
  0x0000000014a2a800 JavaThread "Attach Listener" daemon [_thread_blocked, id=6468, stack(0x0000000015fa0000,0x00000000160a0000)]
  0x0000000014a29800 JavaThread "Signal Dispatcher" daemon [_thread_blocked, id=7076, stack(0x0000000015ea0000,0x0000000015fa0000)]
  0x0000000014a1a800 JavaThread "Finalizer" daemon [_thread_blocked, id=4636, stack(0x0000000015ca0000,0x0000000015da0000)]
  0x000000000234f800 JavaThread "Reference Handler" daemon [_thread_blocked, id=6676, stack(0x0000000015ba0000,0x0000000015ca0000)]
  0x0000000002261000 JavaThread "main" [_thread_blocked, id=6672, stack(0x00000000020c0000,0x00000000021c0000)]

Other Threads:
  0x00000000149f8000 VMThread [stack: 0x0000000015aa0000,0x0000000015ba0000] [id=6164]
  0x00000000163a3000 WatcherThread [stack: 0x00000000168a0000,0x00000000169a0000] [id=6136]

VM state:not at safepoint (normal execution)

VM Mutex/Monitor currently owned by a thread: None

Heap:
 PSYoungGen      total 28672K, used 14011K [0x00000000eab00000, 0x00000000ecb00000, 0x0000000100000000)
  eden space 24576K, 40% used [0x00000000eab00000,0x00000000eb4b2448,0x00000000ec300000)
  from space 4096K, 99% used [0x00000000ec700000,0x00000000ecafc9a8,0x00000000ecb00000)
  to   space 4096K, 0% used [0x00000000ec300000,0x00000000ec300000,0x00000000ec700000)
 ParOldGen       total 65536K, used 3752K [0x00000000c0000000, 0x00000000c4000000, 0x00000000eab00000)
  object space 65536K, 5% used [0x00000000c0000000,0x00000000c03aa2b8,0x00000000c4000000)
 Metaspace       used 6086K, capacity 6964K, committed 7040K, reserved 1056768K
  class space    used 602K, capacity 620K, committed 640K, reserved 1048576K

Card table byte_map: [0x0000000011720000,0x0000000011930000] byte_map_base: 0x0000000011120000

Marking Bits: (ParMarkBitMap*) 0x0000000060692f70
 Begin Bits: [0x0000000011e90000, 0x0000000012e90000)
 End Bits:   [0x0000000012e90000, 0x0000000013e90000)

Polling page: 0x00000000001f0000

CodeCache: size=245760Kb used=5756Kb max_used=5763Kb free=240003Kb
 bounds [0x0000000002360000, 0x0000000002910000, 0x0000000011360000]
 total_blobs=1677 nmethods=1408 adapters=182
 compilation: enabled

Compilation events (10 events):
Event: 9.541 Thread 0x0000000014a2d000 nmethod 1406 0x0000000002908990 code [0x0000000002908b40, 0x0000000002909998]
Event: 9.905 Thread 0x0000000014a2d000 1413       4       com.android.dx.rop.cst.CstLiteral32::equals (35 bytes)
Event: 9.906 Thread 0x0000000014a2d000 nmethod 1413 0x00000000028e7e50 code [0x00000000028e7fa0, 0x00000000028e8058]
Event: 9.906 Thread 0x0000000014a2d000 1414   !   4       com.android.dx.cf.code.BaseMachine::arg (36 bytes)
Event: 9.907 Thread 0x0000000014a2d000 nmethod 1414 0x00000000028e93d0 code [0x00000000028e9500, 0x00000000028e95b8]
Event: 9.908 Thread 0x0000000014a2d000 1415       4       com.android.dx.ssa.SsaBasicBlock::newFromRop (183 bytes)
Event: 9.939 Thread 0x0000000014a8a800 1417       3       com.android.dx.cf.code.Simulator$SimVisitor::checkReturnType (64 bytes)
Event: 9.940 Thread 0x0000000014a8a800 nmethod 1417 0x00000000028f2350 code [0x00000000028f25a0, 0x00000000028f3328]
Event: 9.957 Thread 0x0000000014a8a800 1421       3       java.util.concurrent.locks.AbstractOwnableSynchronizer::setExclusiveOwnerThread (6 bytes)
Event: 9.957 Thread 0x0000000014a8a800 nmethod 1421 0x00000000028ead90 code [0x00000000028eaee0, 0x00000000028eb050]

GC Heap History (4 events):
Event: 7.530 GC heap before
{Heap before GC invocations=1 (full 0):
 PSYoungGen      total 28672K, used 24576K [0x00000000eab00000, 0x00000000ecb00000, 0x0000000100000000)
  eden space 24576K, 100% used [0x00000000eab00000,0x00000000ec300000,0x00000000ec300000)
  from space 4096K, 0% used [0x00000000ec700000,0x00000000ec700000,0x00000000ecb00000)
  to   space 4096K, 0% used [0x00000000ec300000,0x00000000ec300000,0x00000000ec700000)
 ParOldGen       total 65536K, used 0K [0x00000000c0000000, 0x00000000c4000000, 0x00000000eab00000)
  object space 65536K, 0% used [0x00000000c0000000,0x00000000c0000000,0x00000000c4000000)
 Metaspace       used 5934K, capacity 6834K, committed 7040K, reserved 1056768K
  class space    used 597K, capacity 618K, committed 640K, reserved 1048576K
Event: 7.748 GC heap after
Heap after GC invocations=1 (full 0):
 PSYoungGen      total 28672K, used 4090K [0x00000000eab00000, 0x00000000ecb00000, 0x0000000100000000)
  eden space 24576K, 0% used [0x00000000eab00000,0x00000000eab00000,0x00000000ec300000)
  from space 4096K, 99% used [0x00000000ec300000,0x00000000ec6feac8,0x00000000ec700000)
  to   space 4096K, 0% used [0x00000000ec700000,0x00000000ec700000,0x00000000ecb00000)
 ParOldGen       total 65536K, used 1691K [0x00000000c0000000, 0x00000000c4000000, 0x00000000eab00000)
  object space 65536K, 2% used [0x00000000c0000000,0x00000000c01a6d98,0x00000000c4000000)
 Metaspace       used 5934K, capacity 6834K, committed 7040K, reserved 1056768K
  class space    used 597K, capacity 618K, committed 640K, reserved 1048576K
}
Event: 8.876 GC heap before
{Heap before GC invocations=2 (full 0):
 PSYoungGen      total 28672K, used 28666K [0x00000000eab00000, 0x00000000ecb00000, 0x0000000100000000)
  eden space 24576K, 100% used [0x00000000eab00000,0x00000000ec300000,0x00000000ec300000)
  from space 4096K, 99% used [0x00000000ec300000,0x00000000ec6feac8,0x00000000ec700000)
  to   space 4096K, 0% used [0x00000000ec700000,0x00000000ec700000,0x00000000ecb00000)
 ParOldGen       total 65536K, used 1691K [0x00000000c0000000, 0x00000000c4000000, 0x00000000eab00000)
  object space 65536K, 2% used [0x00000000c0000000,0x00000000c01a6d98,0x00000000c4000000)
 Metaspace       used 6078K, capacity 6964K, committed 7040K, reserved 1056768K
  class space    used 601K, capacity 620K, committed 640K, reserved 1048576K
Event: 9.048 GC heap after
Heap after GC invocations=2 (full 0):
 PSYoungGen      total 28672K, used 4082K [0x00000000eab00000, 0x00000000ecb00000, 0x0000000100000000)
  eden space 24576K, 0% used [0x00000000eab00000,0x00000000eab00000,0x00000000ec300000)
  from space 4096K, 99% used [0x00000000ec700000,0x00000000ecafc9a8,0x00000000ecb00000)
  to   space 4096K, 0% used [0x00000000ec300000,0x00000000ec300000,0x00000000ec700000)
 ParOldGen       total 65536K, used 3752K [0x00000000c0000000, 0x00000000c4000000, 0x00000000eab00000)
  object space 65536K, 5% used [0x00000000c0000000,0x00000000c03aa2b8,0x00000000c4000000)
 Metaspace       used 6078K, capacity 6964K, committed 7040K, reserved 1056768K
  class space    used 601K, capacity 620K, committed 640K, reserved 1048576K
}

Deoptimization events (10 events):
Event: 6.647 Thread 0x0000000016519000 Uncommon trap: reason=unstable_if action=reinterpret pc=0x0000000002710e54 method=com.android.dx.ssa.SsaRenamer$BlockRenamer.addMapping(ILcom/android/dx/rop/code/RegisterSpec;)V @ 120
Event: 6.665 Thread 0x00000000164f8000 Uncommon trap: reason=unstable_if action=reinterpret pc=0x000000000266ad6c method=com.android.dx.rop.code.RegisterSpecSet.put(Lcom/android/dx/rop/code/RegisterSpec;)V @ 77
Event: 6.665 Thread 0x00000000164f8000 Uncommon trap: reason=unstable_if action=reinterpret pc=0x000000000268d2ec method=com.android.dx.rop.code.RegisterSpecSet.put(Lcom/android/dx/rop/code/RegisterSpec;)V @ 77
Event: 7.527 Thread 0x0000000016519000 Uncommon trap: reason=class_check action=maybe_recompile pc=0x00000000027c2e20 method=com.android.dx.ssa.SCCP.setLatticeValueTo(IILcom/android/dx/rop/cst/Constant;)Z @ 43
Event: 7.527 Thread 0x0000000016519000 Uncommon trap: reason=class_check action=maybe_recompile pc=0x00000000027c2e20 method=com.android.dx.ssa.SCCP.setLatticeValueTo(IILcom/android/dx/rop/cst/Constant;)Z @ 43
Event: 7.768 Thread 0x00000000164f8000 Uncommon trap: reason=null_check action=make_not_entrant pc=0x000000000266f944 method=com.android.dx.ssa.SsaRenamer.getLocalForNewReg(I)Lcom/android/dx/rop/code/LocalItem; @ 19
Event: 7.895 Thread 0x0000000016519000 Uncommon trap: reason=bimorphic action=maybe_recompile pc=0x00000000025d5884 method=java.util.HashMap.getNode(ILjava/lang/Object;)Ljava/util/HashMap$Node; @ 126
Event: 7.895 Thread 0x0000000016519000 Uncommon trap: reason=class_check action=maybe_recompile pc=0x00000000027bad44 method=java.util.HashMap.putVal(ILjava/lang/Object;Ljava/lang/Object;ZZ)Ljava/lang/Object; @ 203
Event: 7.906 Thread 0x0000000016519000 Uncommon trap: reason=class_check action=maybe_recompile pc=0x00000000027c2e20 method=com.android.dx.ssa.SCCP.setLatticeValueTo(IILcom/android/dx/rop/cst/Constant;)Z @ 43
Event: 7.906 Thread 0x0000000016519000 Uncommon trap: reason=class_check action=maybe_recompile pc=0x00000000027c2e20 method=com.android.dx.ssa.SCCP.setLatticeValueTo(IILcom/android/dx/rop/cst/Constant;)Z @ 43

Internal exceptions (3 events):
Event: 0.103 Thread 0x0000000002261000 Exception <a 'java/lang/NoSuchMethodError': Method sun.misc.Unsafe.defineClass(Ljava/lang/String;[BII)Ljava/lang/Class; name or signature does not match> (0x00000000eab07cc0) thrown at [C:\re\workspace\8-2-build-windows-amd64-cygwin\jdk8u91\7017\hotspot\srçç	ŠJGº?
Event: 0.103 Thread 0x0000000002261000 Exception <a 'java/lang/NoSuchMethodError': Method sun.misc.Unsafe.prefetchRead(Ljava/lang/Object;J)V name or signature does not match> (0x00000000eab07fa8) thrown at [C:\re\workspace\8-2-build-windows-amd64-cygwin\jdk8u91\7017\hotspot\src\share\vm\prims\jý5Ço@
Event: 7.768 Thread 0x00000000164f8000 Implicit null exception at 0x000000000266dd2c to 0x000000000266f8fd

Events (10 events):
Event: 8.701 Thread 0x00000000164f9000 DEOPT UNPACKING pc=0x00000000023a787f sp=0x0000000016d9e588 mode 0
Event: 8.732 Executing VM operation: ParallelGCFailedAllocation
Event: 9.048 Executing VM operation: ParallelGCFailedAllocation done
Event: 9.178 Thread 0x00000000164f9000 Thread exited: 0x00000000164f9000
Event: 9.188 Thread 0x00000000164e6800 Thread exited: 0x00000000164e6800
Event: 9.957 Thread 0x0000000016519000 Thread exited: 0x0000000016519000
Event: 9.957 Thread 0x00000000164f5000 Thread exited: 0x00000000164f5000
Event: 9.957 loading class com/android/dx/command/dexer/Main$DexWriter
Event: 9.957 loading class com/android/dx/command/dexer/Main$DexWriter done
Event: 9.958 Thread 0x00000000164f5000 Thread added: 0x00000000164f5000


Dynamic libraries:
0x00007ff6440b0000 - 0x00007ff6440e7000 	C:\Program Files\Java\jdk1.8.0_91\bin\java.exe
0x00007ff9b8db0000 - 0x00007ff9b8f71000 	C:\Windows\SYSTEM32\ntdll.dll
0x00007ff9b8660000 - 0x00007ff9b870d000 	C:\Windows\system32\KERNEL32.DLL
0x00007ff9b5ea0000 - 0x00007ff9b6088000 	C:\Windows\system32\KERNELBASE.dll
0x00007ff9b61b0000 - 0x00007ff9b6257000 	C:\Windows\system32\ADVAPI32.dll
0x00007ff9b88c0000 - 0x00007ff9b895d000 	C:\Windows\system32\msvcrt.dll
0x00007ff9b6280000 - 0x00007ff9b62db000 	C:\Windows\system32\sechost.dll
0x00007ff9b7e30000 - 0x00007ff9b7f4c000 	C:\Windows\system32\RPCRT4.dll
0x00007ff9b7a50000 - 0x00007ff9b7ba6000 	C:\Windows\system32\USER32.dll
0x00007ff9b8a70000 - 0x00007ff9b8bf6000 	C:\Windows\system32\GDI32.dll
0x00007ff9b1b80000 - 0x00007ff9b1df4000 	C:\Windows\WinSxS\amd64_microsoft.windows.common-controls_6595b64144ccf1df_6.0.10586.0_none_8c15ae12515e1c22\COMCTL32.dll
0x00007ff9b7bb0000 - 0x00007ff9b7e2d000 	C:\Windows\system32\combase.dll
0x00007ff9b6090000 - 0x00007ff9b60fa000 	C:\Windows\system32\bcryptPrimitives.dll
0x00007ff9b8120000 - 0x00007ff9b815b000 	C:\Windows\system32\IMM32.DLL
0x000000005fa00000 - 0x000000005fad2000 	C:\Program Files\Java\jdk1.8.0_91\jre\bin\msvcr100.dll
0x000000005fe80000 - 0x0000000060713000 	C:\Program Files\Java\jdk1.8.0_91\jre\bin\server\jvm.dll
0x00007ff9b62f0000 - 0x00007ff9b62f8000 	C:\Windows\system32\PSAPI.DLL
0x00007ff9a4350000 - 0x00007ff9a4359000 	C:\Windows\SYSTEM32\WSOCK32.dll
0x00007ff9b7f50000 - 0x00007ff9b7fbb000 	C:\Windows\system32\WS2_32.dll
0x00007ff9b39c0000 - 0x00007ff9b39e3000 	C:\Windows\SYSTEM32\WINMM.dll
0x00007ff9abc60000 - 0x00007ff9abc6a000 	C:\Windows\SYSTEM32\VERSION.dll
0x00007ff9b3990000 - 0x00007ff9b39bc000 	C:\Windows\SYSTEM32\WINMMBASE.dll
0x00007ff9b5b70000 - 0x00007ff9b5bb3000 	C:\Windows\system32\cfgmgr32.dll
0x000000005fe70000 - 0x000000005fe7f000 	C:\Program Files\Java\jdk1.8.0_91\jre\bin\verify.dll
0x000000005fe40000 - 0x000000005fe69000 	C:\Program Files\Java\jdk1.8.0_91\jre\bin\java.dll
0x000000005fe20000 - 0x000000005fe36000 	C:\Program Files\Java\jdk1.8.0_91\jre\bin\zip.dll
0x00007ff9b63c0000 - 0x00007ff9b791c000 	C:\Windows\system32\SHELL32.dll
0x00007ff9b5460000 - 0x00007ff9b5aa5000 	C:\Windows\system32\windows.storage.dll
0x00007ff9b8c00000 - 0x00007ff9b8c52000 	C:\Windows\system32\shlwapi.dll
0x00007ff9b5440000 - 0x00007ff9b544f000 	C:\Windows\system32\kernel.appcore.dll
0x00007ff9b5ab0000 - 0x00007ff9b5b65000 	C:\Windows\system32\shcore.dll
0x00007ff9b53f0000 - 0x00007ff9b543b000 	C:\Windows\system32\powrprof.dll
0x00007ff9b53d0000 - 0x00007ff9b53e4000 	C:\Windows\system32\profapi.dll

VM Arguments:
jvm_args: -Djava.awt.headless=true -Xmx1024M -Dfile.encoding=windows-1252 -Duser.country=BR -Duser.language=pt -Duser.variant 
java_command: com.android.dx.command.Main --dex --force-jumbo --num-threads=4 --multi-dex --output C:\Users\riyad\Documents\GitHub\PostBase\app\build\intermediates\transforms\dex\debug\folders\1000\10\instant-run_6d1bc7c4cc528fddf04fe20eb35cd4a380e05434 C:\Users\riyad\Documents\GitHub\PostBase\app\build\intermediates\incremental-runtime-classes\debug\instant-run.jar
java_class_path (initial): E:\Android\sdk\build-tools\24.0.0\lib\dx.jar
Launcher Type: SUN_STANDARD

Environment Variables:
PATH=C:\Program Files (x86)\Intel\iCLS Client\;C:\Program Files\Intel\iCLS Client\;C:\ProgramData\Oracle\Java\javapath;C:\Windows\system32;C:\Windows;C:\Windows\System32\Wbem;C:\Windows\System32\WindowsPowerShell\v1.0\;C:\Program Files (x86)\MySQL\MySQL Fabric 1.5 & MySQL Utilities 1.5\;C:\Program Files (x86)\MySQL\MySQL Fabric 1.5 & MySQL Utilities 1.5\Doctrine extensions for PHP\;C:\Program Files (x86)\GtkSharp\2.12\bin;C:\Program Files\Git\cmd;C:\Program Files (x86)\Intel\Intel(R) Management Engine Components\DAL;C:\Program Files\Intel\Intel(R) Management Engine Components\DAL;C:\Program Files (x86)\Intel\Intel(R) Management Engine Components\IPT;C:\Program Files\Intel\Intel(R) Management Engine Components\IPT
USERNAME=riyad
OS=Windows_NT
PROCESSOR_IDENTIFIER=Intel64 Family 6 Model 58 Stepping 9, GenuineIntel



---------------  S Y S T E M  ---------------

OS: Windows 10.0 , 64 bit Build 10586 (10.0.10586.0)

CPU:total 4 (2 cores per cpu, 2 threads per core) family 6 model 58 stepping 9, cmov, cx8, fxsr, mmx, sse, sse2, sse3, ssse3, sse4.1, sse4.2, popcnt, avx, aes, clmul, erms, ht, tsc, tscinvbit, tscinv

Memory: 4k page, physical 6186068k(988192k free), swap 6186068k(5576k free)

vm_info: Java HotSpot(TM) 64-Bit Server VM (25.91-b15) for windows-amd64 JRE (1.8.0_91-b15), built on May 20 2016 17:43:15 by "java_re" with MS VC++ 10.0 (VS2010)

time: Tue Sep 20 15:31:49 2016
elapsed time: 9 seconds (0d 0h 0m 9s)

